[2022-06-11 14:51:17] local.ERROR: SQLSTATE[HY000] [2002] No connection could be made because the target machine actively refused it (SQL: insert into `tbluser` (`username`, `password`) values (Honaska, iswekwek)) {"exception":"[object] (Illuminate\\Database\\QueryException(code: 2002): SQLSTATE[HY000] [2002] No connection could be made because the target machine actively refused it (SQL: insert into `tbluser` (`username`, `password`) values (Honaska, iswekwek)) at C:\\Xamp\\php\\tantoy_sia1\\vendor\\illuminate\\database\\Connection.php:742)
[stacktrace]
#0 C:\\Xamp\\php\\tantoy_sia1\\vendor\\illuminate\\database\\Connection.php(702): Illuminate\\Database\\Connection->runQueryCallback('insert into `tb...', Array, Object(Closure))
#1 C:\\Xamp\\php\\tantoy_sia1\\vendor\\illuminate\\database\\Connection.php(528): Illuminate\\Database\\Connection->run('insert into `tb...', Array, Object(Closure))
#2 C:\\Xamp\\php\\tantoy_sia1\\vendor\\illuminate\\database\\Connection.php(480): Illuminate\\Database\\Connection->statement('insert into `tb...', Array)
#3 C:\\Xamp\\php\\tantoy_sia1\\vendor\\illuminate\\database\\Query\\Processors\\Processor.php(32): Illuminate\\Database\\Connection->insert('insert into `tb...', Array)
#4 C:\\Xamp\\php\\tantoy_sia1\\vendor\\illuminate\\database\\Query\\Builder.php(3246): Illuminate\\Database\\Query\\Processors\\Processor->processInsertGetId(Object(Illuminate\\Database\\Query\\Builder), 'insert into `tb...', Array, 'id')
#5 C:\\Xamp\\php\\tantoy_sia1\\vendor\\illuminate\\database\\Eloquent\\Builder.php(1745): Illuminate\\Database\\Query\\Builder->insertGetId(Array, 'id')
#6 C:\\Xamp\\php\\tantoy_sia1\\vendor\\illuminate\\database\\Eloquent\\Model.php(1220): Illuminate\\Database\\Eloquent\\Builder->__call('insertGetId', Array)
#7 C:\\Xamp\\php\\tantoy_sia1\\vendor\\illuminate\\database\\Eloquent\\Model.php(1185): Illuminate\\Database\\Eloquent\\Model->insertAndSetId(Object(Illuminate\\Database\\Eloquent\\Builder), Array)
#8 C:\\Xamp\\php\\tantoy_sia1\\vendor\\illuminate\\database\\Eloquent\\Model.php(1026): Illuminate\\Database\\Eloquent\\Model->performInsert(Object(Illuminate\\Database\\Eloquent\\Builder))
#9 C:\\Xamp\\php\\tantoy_sia1\\vendor\\illuminate\\database\\Eloquent\\Builder.php(974): Illuminate\\Database\\Eloquent\\Model->save()
#10 C:\\Xamp\\php\\tantoy_sia1\\vendor\\illuminate\\support\\helpers.php(302): Illuminate\\Database\\Eloquent\\Builder->Illuminate\\Database\\Eloquent\\{closure}(Object(App\\Models\\User))
#11 C:\\Xamp\\php\\tantoy_sia1\\vendor\\illuminate\\database\\Eloquent\\Builder.php(975): tap(Object(App\\Models\\User), Object(Closure))
#12 C:\\Xamp\\php\\tantoy_sia1\\vendor\\illuminate\\support\\Traits\\ForwardsCalls.php(23): Illuminate\\Database\\Eloquent\\Builder->create(Array)
#13 C:\\Xamp\\php\\tantoy_sia1\\vendor\\illuminate\\database\\Eloquent\\Model.php(2163): Illuminate\\Database\\Eloquent\\Model->forwardCallTo(Object(Illuminate\\Database\\Eloquent\\Builder), 'create', Array)
#14 C:\\Xamp\\php\\tantoy_sia1\\vendor\\illuminate\\database\\Eloquent\\Model.php(2175): Illuminate\\Database\\Eloquent\\Model->__call('create', Array)
#15 C:\\Xamp\\php\\tantoy_sia1\\app\\Http\\Controllers\\Usercontroller.php(31): Illuminate\\Database\\Eloquent\\Model::__callStatic('create', Array)
#16 C:\\Xamp\\php\\tantoy_sia1\\vendor\\illuminate\\container\\BoundMethod.php(36): App\\Http\\Controllers\\UserController->add(Object(Laravel\\Lumen\\Http\\Request))
#17 C:\\Xamp\\php\\tantoy_sia1\\vendor\\illuminate\\container\\Util.php(41): Illuminate\\Container\\BoundMethod::Illuminate\\Container\\{closure}()
#18 C:\\Xamp\\php\\tantoy_sia1\\vendor\\illuminate\\container\\BoundMethod.php(93): Illuminate\\Container\\Util::unwrapIfClosure(Object(Closure))
#19 C:\\Xamp\\php\\tantoy_sia1\\vendor\\illuminate\\container\\BoundMethod.php(37): Illuminate\\Container\\BoundMethod::callBoundMethod(Object(Laravel\\Lumen\\Application), Array, Object(Closure))
#20 C:\\Xamp\\php\\tantoy_sia1\\vendor\\illuminate\\container\\Container.php(651): Illuminate\\Container\\BoundMethod::call(Object(Laravel\\Lumen\\Application), Array, Array, NULL)
#21 C:\\Xamp\\php\\tantoy_sia1\\vendor\\laravel\\lumen-framework\\src\\Concerns\\RoutesRequests.php(389): Illuminate\\Container\\Container->call(Array, Array)
#22 C:\\Xamp\\php\\tantoy_sia1\\vendor\\laravel\\lumen-framework\\src\\Concerns\\RoutesRequests.php(355): Laravel\\Lumen\\Application->callControllerCallable(Array, Array)
#23 C:\\Xamp\\php\\tantoy_sia1\\vendor\\laravel\\lumen-framework\\src\\Concerns\\RoutesRequests.php(329): Laravel\\Lumen\\Application->callLumenController(Object(App\\Http\\Controllers\\UserController), 'add', Array)
#24 C:\\Xamp\\php\\tantoy_sia1\\vendor\\laravel\\lumen-framework\\src\\Concerns\\RoutesRequests.php(282): Laravel\\Lumen\\Application->callControllerAction(Array)
#25 C:\\Xamp\\php\\tantoy_sia1\\vendor\\laravel\\lumen-framework\\src\\Concerns\\RoutesRequests.php(267): Laravel\\Lumen\\Application->callActionOnArrayBasedRoute(Array)
#26 C:\\Xamp\\php\\tantoy_sia1\\vendor\\laravel\\lumen-framework\\src\\Concerns\\RoutesRequests.php(169): Laravel\\Lumen\\Application->handleFoundRoute(Array)
#27 C:\\Xamp\\php\\tantoy_sia1\\vendor\\laravel\\lumen-framework\\src\\Concerns\\RoutesRequests.php(429): Laravel\\Lumen\\Application->Laravel\\Lumen\\Concerns\\{closure}(Object(Laravel\\Lumen\\Http\\Request))
#28 C:\\Xamp\\php\\tantoy_sia1\\vendor\\laravel\\lumen-framework\\src\\Concerns\\RoutesRequests.php(175): Laravel\\Lumen\\Application->sendThroughPipeline(Array, Object(Closure))
#29 C:\\Xamp\\php\\tantoy_sia1\\vendor\\laravel\\lumen-framework\\src\\Concerns\\RoutesRequests.php(112): Laravel\\Lumen\\Application->dispatch(NULL)
#30 C:\\Xamp\\php\\tantoy_sia1\\public\\index.php(28): Laravel\\Lumen\\Application->run()
#31 {main}

[previous exception] [object] (PDOException(code: 2002): SQLSTATE[HY000] [2002] No connection could be made because the target machine actively refused it at C:\\Xamp\\php\\tantoy_sia1\\vendor\\illuminate\\database\\Connectors\\Connector.php:70)
[stacktrace]
#0 C:\\Xamp\\php\\tantoy_sia1\\vendor\\illuminate\\database\\Connectors\\Connector.php(70): PDO->__construct('mysql:host=127....', 'root', '', Array)
#1 C:\\Xamp\\php\\tantoy_sia1\\vendor\\illuminate\\database\\Connectors\\Connector.php(46): Illuminate\\Database\\Connectors\\Connector->createPdoConnection('mysql:host=127....', 'root', '', Array)
#2 C:\\Xamp\\php\\tantoy_sia1\\vendor\\illuminate\\database\\Connectors\\MySqlConnector.php(24): Illuminate\\Database\\Connectors\\Connector->createConnection('mysql:host=127....', Array, Array)
#3 C:\\Xamp\\php\\tantoy_sia1\\vendor\\illuminate\\database\\Connectors\\ConnectionFactory.php(184): Illuminate\\Database\\Connectors\\MySqlConnector->connect(Array)
#4 [internal function]: Illuminate\\Database\\Connectors\\ConnectionFactory->Illuminate\\Database\\Connectors\\{closure}()
#5 C:\\Xamp\\php\\tantoy_sia1\\vendor\\illuminate\\database\\Connection.php(1084): call_user_func(Object(Closure))
#6 C:\\Xamp\\php\\tantoy_sia1\\vendor\\illuminate\\database\\Connection.php(521): Illuminate\\Database\\Connection->getPdo()
#7 C:\\Xamp\\php\\tantoy_sia1\\vendor\\illuminate\\database\\Connection.php(735): Illuminate\\Database\\Connection->Illuminate\\Database\\{closure}('insert into `tb...', Array)
#8 C:\\Xamp\\php\\tantoy_sia1\\vendor\\illuminate\\database\\Connection.php(702): Illuminate\\Database\\Connection->runQueryCallback('insert into `tb...', Array, Object(Closure))
#9 C:\\Xamp\\php\\tantoy_sia1\\vendor\\illuminate\\database\\Connection.php(528): Illuminate\\Database\\Connection->run('insert into `tb...', Array, Object(Closure))
#10 C:\\Xamp\\php\\tantoy_sia1\\vendor\\illuminate\\database\\Connection.php(480): Illuminate\\Database\\Connection->statement('insert into `tb...', Array)
#11 C:\\Xamp\\php\\tantoy_sia1\\vendor\\illuminate\\database\\Query\\Processors\\Processor.php(32): Illuminate\\Database\\Connection->insert('insert into `tb...', Array)
#12 C:\\Xamp\\php\\tantoy_sia1\\vendor\\illuminate\\database\\Query\\Builder.php(3246): Illuminate\\Database\\Query\\Processors\\Processor->processInsertGetId(Object(Illuminate\\Database\\Query\\Builder), 'insert into `tb...', Array, 'id')
#13 C:\\Xamp\\php\\tantoy_sia1\\vendor\\illuminate\\database\\Eloquent\\Builder.php(1745): Illuminate\\Database\\Query\\Builder->insertGetId(Array, 'id')
#14 C:\\Xamp\\php\\tantoy_sia1\\vendor\\illuminate\\database\\Eloquent\\Model.php(1220): Illuminate\\Database\\Eloquent\\Builder->__call('insertGetId', Array)
#15 C:\\Xamp\\php\\tantoy_sia1\\vendor\\illuminate\\database\\Eloquent\\Model.php(1185): Illuminate\\Database\\Eloquent\\Model->insertAndSetId(Object(Illuminate\\Database\\Eloquent\\Builder), Array)
#16 C:\\Xamp\\php\\tantoy_sia1\\vendor\\illuminate\\database\\Eloquent\\Model.php(1026): Illuminate\\Database\\Eloquent\\Model->performInsert(Object(Illuminate\\Database\\Eloquent\\Builder))
#17 C:\\Xamp\\php\\tantoy_sia1\\vendor\\illuminate\\database\\Eloquent\\Builder.php(974): Illuminate\\Database\\Eloquent\\Model->save()
#18 C:\\Xamp\\php\\tantoy_sia1\\vendor\\illuminate\\support\\helpers.php(302): Illuminate\\Database\\Eloquent\\Builder->Illuminate\\Database\\Eloquent\\{closure}(Object(App\\Models\\User))
#19 C:\\Xamp\\php\\tantoy_sia1\\vendor\\illuminate\\database\\Eloquent\\Builder.php(975): tap(Object(App\\Models\\User), Object(Closure))
#20 C:\\Xamp\\php\\tantoy_sia1\\vendor\\illuminate\\support\\Traits\\ForwardsCalls.php(23): Illuminate\\Database\\Eloquent\\Builder->create(Array)
#21 C:\\Xamp\\php\\tantoy_sia1\\vendor\\illuminate\\database\\Eloquent\\Model.php(2163): Illuminate\\Database\\Eloquent\\Model->forwardCallTo(Object(Illuminate\\Database\\Eloquent\\Builder), 'create', Array)
#22 C:\\Xamp\\php\\tantoy_sia1\\vendor\\illuminate\\database\\Eloquent\\Model.php(2175): Illuminate\\Database\\Eloquent\\Model->__call('create', Array)
#23 C:\\Xamp\\php\\tantoy_sia1\\app\\Http\\Controllers\\Usercontroller.php(31): Illuminate\\Database\\Eloquent\\Model::__callStatic('create', Array)
#24 C:\\Xamp\\php\\tantoy_sia1\\vendor\\illuminate\\container\\BoundMethod.php(36): App\\Http\\Controllers\\UserController->add(Object(Laravel\\Lumen\\Http\\Request))
#25 C:\\Xamp\\php\\tantoy_sia1\\vendor\\illuminate\\container\\Util.php(41): Illuminate\\Container\\BoundMethod::Illuminate\\Container\\{closure}()
#26 C:\\Xamp\\php\\tantoy_sia1\\vendor\\illuminate\\container\\BoundMethod.php(93): Illuminate\\Container\\Util::unwrapIfClosure(Object(Closure))
#27 C:\\Xamp\\php\\tantoy_sia1\\vendor\\illuminate\\container\\BoundMethod.php(37): Illuminate\\Container\\BoundMethod::callBoundMethod(Object(Laravel\\Lumen\\Application), Array, Object(Closure))
#28 C:\\Xamp\\php\\tantoy_sia1\\vendor\\illuminate\\container\\Container.php(651): Illuminate\\Container\\BoundMethod::call(Object(Laravel\\Lumen\\Application), Array, Array, NULL)
#29 C:\\Xamp\\php\\tantoy_sia1\\vendor\\laravel\\lumen-framework\\src\\Concerns\\RoutesRequests.php(389): Illuminate\\Container\\Container->call(Array, Array)
#30 C:\\Xamp\\php\\tantoy_sia1\\vendor\\laravel\\lumen-framework\\src\\Concerns\\RoutesRequests.php(355): Laravel\\Lumen\\Application->callControllerCallable(Array, Array)
#31 C:\\Xamp\\php\\tantoy_sia1\\vendor\\laravel\\lumen-framework\\src\\Concerns\\RoutesRequests.php(329): Laravel\\Lumen\\Application->callLumenController(Object(App\\Http\\Controllers\\UserController), 'add', Array)
#32 C:\\Xamp\\php\\tantoy_sia1\\vendor\\laravel\\lumen-framework\\src\\Concerns\\RoutesRequests.php(282): Laravel\\Lumen\\Application->callControllerAction(Array)
#33 C:\\Xamp\\php\\tantoy_sia1\\vendor\\laravel\\lumen-framework\\src\\Concerns\\RoutesRequests.php(267): Laravel\\Lumen\\Application->callActionOnArrayBasedRoute(Array)
#34 C:\\Xamp\\php\\tantoy_sia1\\vendor\\laravel\\lumen-framework\\src\\Concerns\\RoutesRequests.php(169): Laravel\\Lumen\\Application->handleFoundRoute(Array)
#35 C:\\Xamp\\php\\tantoy_sia1\\vendor\\laravel\\lumen-framework\\src\\Concerns\\RoutesRequests.php(429): Laravel\\Lumen\\Application->Laravel\\Lumen\\Concerns\\{closure}(Object(Laravel\\Lumen\\Http\\Request))
#36 C:\\Xamp\\php\\tantoy_sia1\\vendor\\laravel\\lumen-framework\\src\\Concerns\\RoutesRequests.php(175): Laravel\\Lumen\\Application->sendThroughPipeline(Array, Object(Closure))
#37 C:\\Xamp\\php\\tantoy_sia1\\vendor\\laravel\\lumen-framework\\src\\Concerns\\RoutesRequests.php(112): Laravel\\Lumen\\Application->dispatch(NULL)
#38 C:\\Xamp\\php\\tantoy_sia1\\public\\index.php(28): Laravel\\Lumen\\Application->run()
#39 {main}
"} 
[2022-06-11 14:53:02] local.ERROR: SQLSTATE[HY000] [2002] No connection could be made because the target machine actively refused it (SQL: select * from `tbluser`) {"exception":"[object] (Illuminate\\Database\\QueryException(code: 2002): SQLSTATE[HY000] [2002] No connection could be made because the target machine actively refused it (SQL: select * from `tbluser`) at C:\\Xamp\\php\\tantoy_sia1\\vendor\\illuminate\\database\\Connection.php:742)
[stacktrace]
#0 C:\\Xamp\\php\\tantoy_sia1\\vendor\\illuminate\\database\\Connection.php(702): Illuminate\\Database\\Connection->runQueryCallback('select * from `...', Array, Object(Closure))
#1 C:\\Xamp\\php\\tantoy_sia1\\vendor\\illuminate\\database\\Connection.php(404): Illuminate\\Database\\Connection->run('select * from `...', Array, Object(Closure))
#2 C:\\Xamp\\php\\tantoy_sia1\\vendor\\illuminate\\database\\Query\\Builder.php(2630): Illuminate\\Database\\Connection->select('select * from `...', Array, true)
#3 C:\\Xamp\\php\\tantoy_sia1\\vendor\\illuminate\\database\\Query\\Builder.php(2618): Illuminate\\Database\\Query\\Builder->runSelect()
#4 C:\\Xamp\\php\\tantoy_sia1\\vendor\\illuminate\\database\\Query\\Builder.php(3154): Illuminate\\Database\\Query\\Builder->Illuminate\\Database\\Query\\{closure}()
#5 C:\\Xamp\\php\\tantoy_sia1\\vendor\\illuminate\\database\\Query\\Builder.php(2619): Illuminate\\Database\\Query\\Builder->onceWithColumns(Array, Object(Closure))
#6 C:\\Xamp\\php\\tantoy_sia1\\vendor\\illuminate\\database\\Eloquent\\Builder.php(698): Illuminate\\Database\\Query\\Builder->get(Array)
#7 C:\\Xamp\\php\\tantoy_sia1\\vendor\\illuminate\\database\\Eloquent\\Builder.php(682): Illuminate\\Database\\Eloquent\\Builder->getModels(Array)
#8 C:\\Xamp\\php\\tantoy_sia1\\vendor\\illuminate\\database\\Eloquent\\Model.php(570): Illuminate\\Database\\Eloquent\\Builder->get(Array)
#9 C:\\Xamp\\php\\tantoy_sia1\\app\\Http\\Controllers\\Usercontroller.php(19): Illuminate\\Database\\Eloquent\\Model::all()
#10 C:\\Xamp\\php\\tantoy_sia1\\vendor\\illuminate\\container\\BoundMethod.php(36): App\\Http\\Controllers\\UserController->index()
#11 C:\\Xamp\\php\\tantoy_sia1\\vendor\\illuminate\\container\\Util.php(41): Illuminate\\Container\\BoundMethod::Illuminate\\Container\\{closure}()
#12 C:\\Xamp\\php\\tantoy_sia1\\vendor\\illuminate\\container\\BoundMethod.php(93): Illuminate\\Container\\Util::unwrapIfClosure(Object(Closure))
#13 C:\\Xamp\\php\\tantoy_sia1\\vendor\\illuminate\\container\\BoundMethod.php(37): Illuminate\\Container\\BoundMethod::callBoundMethod(Object(Laravel\\Lumen\\Application), Array, Object(Closure))
#14 C:\\Xamp\\php\\tantoy_sia1\\vendor\\illuminate\\container\\Container.php(651): Illuminate\\Container\\BoundMethod::call(Object(Laravel\\Lumen\\Application), Array, Array, NULL)
#15 C:\\Xamp\\php\\tantoy_sia1\\vendor\\laravel\\lumen-framework\\src\\Concerns\\RoutesRequests.php(389): Illuminate\\Container\\Container->call(Array, Array)
#16 C:\\Xamp\\php\\tantoy_sia1\\vendor\\laravel\\lumen-framework\\src\\Concerns\\RoutesRequests.php(355): Laravel\\Lumen\\Application->callControllerCallable(Array, Array)
#17 C:\\Xamp\\php\\tantoy_sia1\\vendor\\laravel\\lumen-framework\\src\\Concerns\\RoutesRequests.php(329): Laravel\\Lumen\\Application->callLumenController(Object(App\\Http\\Controllers\\UserController), 'index', Array)
#18 C:\\Xamp\\php\\tantoy_sia1\\vendor\\laravel\\lumen-framework\\src\\Concerns\\RoutesRequests.php(282): Laravel\\Lumen\\Application->callControllerAction(Array)
#19 C:\\Xamp\\php\\tantoy_sia1\\vendor\\laravel\\lumen-framework\\src\\Concerns\\RoutesRequests.php(267): Laravel\\Lumen\\Application->callActionOnArrayBasedRoute(Array)
#20 C:\\Xamp\\php\\tantoy_sia1\\vendor\\laravel\\lumen-framework\\src\\Concerns\\RoutesRequests.php(169): Laravel\\Lumen\\Application->handleFoundRoute(Array)
#21 C:\\Xamp\\php\\tantoy_sia1\\vendor\\laravel\\lumen-framework\\src\\Concerns\\RoutesRequests.php(429): Laravel\\Lumen\\Application->Laravel\\Lumen\\Concerns\\{closure}(Object(Laravel\\Lumen\\Http\\Request))
#22 C:\\Xamp\\php\\tantoy_sia1\\vendor\\laravel\\lumen-framework\\src\\Concerns\\RoutesRequests.php(175): Laravel\\Lumen\\Application->sendThroughPipeline(Array, Object(Closure))
#23 C:\\Xamp\\php\\tantoy_sia1\\vendor\\laravel\\lumen-framework\\src\\Concerns\\RoutesRequests.php(112): Laravel\\Lumen\\Application->dispatch(NULL)
#24 C:\\Xamp\\php\\tantoy_sia1\\public\\index.php(28): Laravel\\Lumen\\Application->run()
#25 {main}

[previous exception] [object] (PDOException(code: 2002): SQLSTATE[HY000] [2002] No connection could be made because the target machine actively refused it at C:\\Xamp\\php\\tantoy_sia1\\vendor\\illuminate\\database\\Connectors\\Connector.php:70)
[stacktrace]
#0 C:\\Xamp\\php\\tantoy_sia1\\vendor\\illuminate\\database\\Connectors\\Connector.php(70): PDO->__construct('mysql:host=127....', 'root', '', Array)
#1 C:\\Xamp\\php\\tantoy_sia1\\vendor\\illuminate\\database\\Connectors\\Connector.php(46): Illuminate\\Database\\Connectors\\Connector->createPdoConnection('mysql:host=127....', 'root', '', Array)
#2 C:\\Xamp\\php\\tantoy_sia1\\vendor\\illuminate\\database\\Connectors\\MySqlConnector.php(24): Illuminate\\Database\\Connectors\\Connector->createConnection('mysql:host=127....', Array, Array)
#3 C:\\Xamp\\php\\tantoy_sia1\\vendor\\illuminate\\database\\Connectors\\ConnectionFactory.php(184): Illuminate\\Database\\Connectors\\MySqlConnector->connect(Array)
#4 [internal function]: Illuminate\\Database\\Connectors\\ConnectionFactory->Illuminate\\Database\\Connectors\\{closure}()
#5 C:\\Xamp\\php\\tantoy_sia1\\vendor\\illuminate\\database\\Connection.php(1084): call_user_func(Object(Closure))
#6 C:\\Xamp\\php\\tantoy_sia1\\vendor\\illuminate\\database\\Connection.php(1120): Illuminate\\Database\\Connection->getPdo()
#7 C:\\Xamp\\php\\tantoy_sia1\\vendor\\illuminate\\database\\Connection.php(468): Illuminate\\Database\\Connection->getReadPdo()
#8 C:\\Xamp\\php\\tantoy_sia1\\vendor\\illuminate\\database\\Connection.php(396): Illuminate\\Database\\Connection->getPdoForSelect(true)
#9 C:\\Xamp\\php\\tantoy_sia1\\vendor\\illuminate\\database\\Connection.php(735): Illuminate\\Database\\Connection->Illuminate\\Database\\{closure}('select * from `...', Array)
#10 C:\\Xamp\\php\\tantoy_sia1\\vendor\\illuminate\\database\\Connection.php(702): Illuminate\\Database\\Connection->runQueryCallback('select * from `...', Array, Object(Closure))
#11 C:\\Xamp\\php\\tantoy_sia1\\vendor\\illuminate\\database\\Connection.php(404): Illuminate\\Database\\Connection->run('select * from `...', Array, Object(Closure))
#12 C:\\Xamp\\php\\tantoy_sia1\\vendor\\illuminate\\database\\Query\\Builder.php(2630): Illuminate\\Database\\Connection->select('select * from `...', Array, true)
#13 C:\\Xamp\\php\\tantoy_sia1\\vendor\\illuminate\\database\\Query\\Builder.php(2618): Illuminate\\Database\\Query\\Builder->runSelect()
#14 C:\\Xamp\\php\\tantoy_sia1\\vendor\\illuminate\\database\\Query\\Builder.php(3154): Illuminate\\Database\\Query\\Builder->Illuminate\\Database\\Query\\{closure}()
#15 C:\\Xamp\\php\\tantoy_sia1\\vendor\\illuminate\\database\\Query\\Builder.php(2619): Illuminate\\Database\\Query\\Builder->onceWithColumns(Array, Object(Closure))
#16 C:\\Xamp\\php\\tantoy_sia1\\vendor\\illuminate\\database\\Eloquent\\Builder.php(698): Illuminate\\Database\\Query\\Builder->get(Array)
#17 C:\\Xamp\\php\\tantoy_sia1\\vendor\\illuminate\\database\\Eloquent\\Builder.php(682): Illuminate\\Database\\Eloquent\\Builder->getModels(Array)
#18 C:\\Xamp\\php\\tantoy_sia1\\vendor\\illuminate\\database\\Eloquent\\Model.php(570): Illuminate\\Database\\Eloquent\\Builder->get(Array)
#19 C:\\Xamp\\php\\tantoy_sia1\\app\\Http\\Controllers\\Usercontroller.php(19): Illuminate\\Database\\Eloquent\\Model::all()
#20 C:\\Xamp\\php\\tantoy_sia1\\vendor\\illuminate\\container\\BoundMethod.php(36): App\\Http\\Controllers\\UserController->index()
#21 C:\\Xamp\\php\\tantoy_sia1\\vendor\\illuminate\\container\\Util.php(41): Illuminate\\Container\\BoundMethod::Illuminate\\Container\\{closure}()
#22 C:\\Xamp\\php\\tantoy_sia1\\vendor\\illuminate\\container\\BoundMethod.php(93): Illuminate\\Container\\Util::unwrapIfClosure(Object(Closure))
#23 C:\\Xamp\\php\\tantoy_sia1\\vendor\\illuminate\\container\\BoundMethod.php(37): Illuminate\\Container\\BoundMethod::callBoundMethod(Object(Laravel\\Lumen\\Application), Array, Object(Closure))
#24 C:\\Xamp\\php\\tantoy_sia1\\vendor\\illuminate\\container\\Container.php(651): Illuminate\\Container\\BoundMethod::call(Object(Laravel\\Lumen\\Application), Array, Array, NULL)
#25 C:\\Xamp\\php\\tantoy_sia1\\vendor\\laravel\\lumen-framework\\src\\Concerns\\RoutesRequests.php(389): Illuminate\\Container\\Container->call(Array, Array)
#26 C:\\Xamp\\php\\tantoy_sia1\\vendor\\laravel\\lumen-framework\\src\\Concerns\\RoutesRequests.php(355): Laravel\\Lumen\\Application->callControllerCallable(Array, Array)
#27 C:\\Xamp\\php\\tantoy_sia1\\vendor\\laravel\\lumen-framework\\src\\Concerns\\RoutesRequests.php(329): Laravel\\Lumen\\Application->callLumenController(Object(App\\Http\\Controllers\\UserController), 'index', Array)
#28 C:\\Xamp\\php\\tantoy_sia1\\vendor\\laravel\\lumen-framework\\src\\Concerns\\RoutesRequests.php(282): Laravel\\Lumen\\Application->callControllerAction(Array)
#29 C:\\Xamp\\php\\tantoy_sia1\\vendor\\laravel\\lumen-framework\\src\\Concerns\\RoutesRequests.php(267): Laravel\\Lumen\\Application->callActionOnArrayBasedRoute(Array)
#30 C:\\Xamp\\php\\tantoy_sia1\\vendor\\laravel\\lumen-framework\\src\\Concerns\\RoutesRequests.php(169): Laravel\\Lumen\\Application->handleFoundRoute(Array)
#31 C:\\Xamp\\php\\tantoy_sia1\\vendor\\laravel\\lumen-framework\\src\\Concerns\\RoutesRequests.php(429): Laravel\\Lumen\\Application->Laravel\\Lumen\\Concerns\\{closure}(Object(Laravel\\Lumen\\Http\\Request))
#32 C:\\Xamp\\php\\tantoy_sia1\\vendor\\laravel\\lumen-framework\\src\\Concerns\\RoutesRequests.php(175): Laravel\\Lumen\\Application->sendThroughPipeline(Array, Object(Closure))
#33 C:\\Xamp\\php\\tantoy_sia1\\vendor\\laravel\\lumen-framework\\src\\Concerns\\RoutesRequests.php(112): Laravel\\Lumen\\Application->dispatch(NULL)
#34 C:\\Xamp\\php\\tantoy_sia1\\public\\index.php(28): Laravel\\Lumen\\Application->run()
#35 {main}
"} 
[2022-06-11 14:55:20] local.ERROR: SQLSTATE[HY000] [2002] No connection could be made because the target machine actively refused it (SQL: select * from `tbluser`) {"exception":"[object] (Illuminate\\Database\\QueryException(code: 2002): SQLSTATE[HY000] [2002] No connection could be made because the target machine actively refused it (SQL: select * from `tbluser`) at C:\\Xamp\\php\\tantoy_sia1\\vendor\\illuminate\\database\\Connection.php:742)
[stacktrace]
#0 C:\\Xamp\\php\\tantoy_sia1\\vendor\\illuminate\\database\\Connection.php(702): Illuminate\\Database\\Connection->runQueryCallback('select * from `...', Array, Object(Closure))
#1 C:\\Xamp\\php\\tantoy_sia1\\vendor\\illuminate\\database\\Connection.php(404): Illuminate\\Database\\Connection->run('select * from `...', Array, Object(Closure))
#2 C:\\Xamp\\php\\tantoy_sia1\\vendor\\illuminate\\database\\Query\\Builder.php(2630): Illuminate\\Database\\Connection->select('select * from `...', Array, true)
#3 C:\\Xamp\\php\\tantoy_sia1\\vendor\\illuminate\\database\\Query\\Builder.php(2618): Illuminate\\Database\\Query\\Builder->runSelect()
#4 C:\\Xamp\\php\\tantoy_sia1\\vendor\\illuminate\\database\\Query\\Builder.php(3154): Illuminate\\Database\\Query\\Builder->Illuminate\\Database\\Query\\{closure}()
#5 C:\\Xamp\\php\\tantoy_sia1\\vendor\\illuminate\\database\\Query\\Builder.php(2619): Illuminate\\Database\\Query\\Builder->onceWithColumns(Array, Object(Closure))
#6 C:\\Xamp\\php\\tantoy_sia1\\vendor\\illuminate\\database\\Eloquent\\Builder.php(698): Illuminate\\Database\\Query\\Builder->get(Array)
#7 C:\\Xamp\\php\\tantoy_sia1\\vendor\\illuminate\\database\\Eloquent\\Builder.php(682): Illuminate\\Database\\Eloquent\\Builder->getModels(Array)
#8 C:\\Xamp\\php\\tantoy_sia1\\vendor\\illuminate\\database\\Eloquent\\Model.php(570): Illuminate\\Database\\Eloquent\\Builder->get(Array)
#9 C:\\Xamp\\php\\tantoy_sia1\\app\\Http\\Controllers\\Usercontroller.php(19): Illuminate\\Database\\Eloquent\\Model::all()
#10 C:\\Xamp\\php\\tantoy_sia1\\vendor\\illuminate\\container\\BoundMethod.php(36): App\\Http\\Controllers\\UserController->index()
#11 C:\\Xamp\\php\\tantoy_sia1\\vendor\\illuminate\\container\\Util.php(41): Illuminate\\Container\\BoundMethod::Illuminate\\Container\\{closure}()
#12 C:\\Xamp\\php\\tantoy_sia1\\vendor\\illuminate\\container\\BoundMethod.php(93): Illuminate\\Container\\Util::unwrapIfClosure(Object(Closure))
#13 C:\\Xamp\\php\\tantoy_sia1\\vendor\\illuminate\\container\\BoundMethod.php(37): Illuminate\\Container\\BoundMethod::callBoundMethod(Object(Laravel\\Lumen\\Application), Array, Object(Closure))
#14 C:\\Xamp\\php\\tantoy_sia1\\vendor\\illuminate\\container\\Container.php(651): Illuminate\\Container\\BoundMethod::call(Object(Laravel\\Lumen\\Application), Array, Array, NULL)
#15 C:\\Xamp\\php\\tantoy_sia1\\vendor\\laravel\\lumen-framework\\src\\Concerns\\RoutesRequests.php(389): Illuminate\\Container\\Container->call(Array, Array)
#16 C:\\Xamp\\php\\tantoy_sia1\\vendor\\laravel\\lumen-framework\\src\\Concerns\\RoutesRequests.php(355): Laravel\\Lumen\\Application->callControllerCallable(Array, Array)
#17 C:\\Xamp\\php\\tantoy_sia1\\vendor\\laravel\\lumen-framework\\src\\Concerns\\RoutesRequests.php(329): Laravel\\Lumen\\Application->callLumenController(Object(App\\Http\\Controllers\\UserController), 'index', Array)
#18 C:\\Xamp\\php\\tantoy_sia1\\vendor\\laravel\\lumen-framework\\src\\Concerns\\RoutesRequests.php(282): Laravel\\Lumen\\Application->callControllerAction(Array)
#19 C:\\Xamp\\php\\tantoy_sia1\\vendor\\laravel\\lumen-framework\\src\\Concerns\\RoutesRequests.php(267): Laravel\\Lumen\\Application->callActionOnArrayBasedRoute(Array)
#20 C:\\Xamp\\php\\tantoy_sia1\\vendor\\laravel\\lumen-framework\\src\\Concerns\\RoutesRequests.php(169): Laravel\\Lumen\\Application->handleFoundRoute(Array)
#21 C:\\Xamp\\php\\tantoy_sia1\\vendor\\laravel\\lumen-framework\\src\\Concerns\\RoutesRequests.php(429): Laravel\\Lumen\\Application->Laravel\\Lumen\\Concerns\\{closure}(Object(Laravel\\Lumen\\Http\\Request))
#22 C:\\Xamp\\php\\tantoy_sia1\\vendor\\laravel\\lumen-framework\\src\\Concerns\\RoutesRequests.php(175): Laravel\\Lumen\\Application->sendThroughPipeline(Array, Object(Closure))
#23 C:\\Xamp\\php\\tantoy_sia1\\vendor\\laravel\\lumen-framework\\src\\Concerns\\RoutesRequests.php(112): Laravel\\Lumen\\Application->dispatch(NULL)
#24 C:\\Xamp\\php\\tantoy_sia1\\public\\index.php(28): Laravel\\Lumen\\Application->run()
#25 {main}

[previous exception] [object] (PDOException(code: 2002): SQLSTATE[HY000] [2002] No connection could be made because the target machine actively refused it at C:\\Xamp\\php\\tantoy_sia1\\vendor\\illuminate\\database\\Connectors\\Connector.php:70)
[stacktrace]
#0 C:\\Xamp\\php\\tantoy_sia1\\vendor\\illuminate\\database\\Connectors\\Connector.php(70): PDO->__construct('mysql:host=127....', 'root', '', Array)
#1 C:\\Xamp\\php\\tantoy_sia1\\vendor\\illuminate\\database\\Connectors\\Connector.php(46): Illuminate\\Database\\Connectors\\Connector->createPdoConnection('mysql:host=127....', 'root', '', Array)
#2 C:\\Xamp\\php\\tantoy_sia1\\vendor\\illuminate\\database\\Connectors\\MySqlConnector.php(24): Illuminate\\Database\\Connectors\\Connector->createConnection('mysql:host=127....', Array, Array)
#3 C:\\Xamp\\php\\tantoy_sia1\\vendor\\illuminate\\database\\Connectors\\ConnectionFactory.php(184): Illuminate\\Database\\Connectors\\MySqlConnector->connect(Array)
#4 [internal function]: Illuminate\\Database\\Connectors\\ConnectionFactory->Illuminate\\Database\\Connectors\\{closure}()
#5 C:\\Xamp\\php\\tantoy_sia1\\vendor\\illuminate\\database\\Connection.php(1084): call_user_func(Object(Closure))
#6 C:\\Xamp\\php\\tantoy_sia1\\vendor\\illuminate\\database\\Connection.php(1120): Illuminate\\Database\\Connection->getPdo()
#7 C:\\Xamp\\php\\tantoy_sia1\\vendor\\illuminate\\database\\Connection.php(468): Illuminate\\Database\\Connection->getReadPdo()
#8 C:\\Xamp\\php\\tantoy_sia1\\vendor\\illuminate\\database\\Connection.php(396): Illuminate\\Database\\Connection->getPdoForSelect(true)
#9 C:\\Xamp\\php\\tantoy_sia1\\vendor\\illuminate\\database\\Connection.php(735): Illuminate\\Database\\Connection->Illuminate\\Database\\{closure}('select * from `...', Array)
#10 C:\\Xamp\\php\\tantoy_sia1\\vendor\\illuminate\\database\\Connection.php(702): Illuminate\\Database\\Connection->runQueryCallback('select * from `...', Array, Object(Closure))
#11 C:\\Xamp\\php\\tantoy_sia1\\vendor\\illuminate\\database\\Connection.php(404): Illuminate\\Database\\Connection->run('select * from `...', Array, Object(Closure))
#12 C:\\Xamp\\php\\tantoy_sia1\\vendor\\illuminate\\database\\Query\\Builder.php(2630): Illuminate\\Database\\Connection->select('select * from `...', Array, true)
#13 C:\\Xamp\\php\\tantoy_sia1\\vendor\\illuminate\\database\\Query\\Builder.php(2618): Illuminate\\Database\\Query\\Builder->runSelect()
#14 C:\\Xamp\\php\\tantoy_sia1\\vendor\\illuminate\\database\\Query\\Builder.php(3154): Illuminate\\Database\\Query\\Builder->Illuminate\\Database\\Query\\{closure}()
#15 C:\\Xamp\\php\\tantoy_sia1\\vendor\\illuminate\\database\\Query\\Builder.php(2619): Illuminate\\Database\\Query\\Builder->onceWithColumns(Array, Object(Closure))
#16 C:\\Xamp\\php\\tantoy_sia1\\vendor\\illuminate\\database\\Eloquent\\Builder.php(698): Illuminate\\Database\\Query\\Builder->get(Array)
#17 C:\\Xamp\\php\\tantoy_sia1\\vendor\\illuminate\\database\\Eloquent\\Builder.php(682): Illuminate\\Database\\Eloquent\\Builder->getModels(Array)
#18 C:\\Xamp\\php\\tantoy_sia1\\vendor\\illuminate\\database\\Eloquent\\Model.php(570): Illuminate\\Database\\Eloquent\\Builder->get(Array)
#19 C:\\Xamp\\php\\tantoy_sia1\\app\\Http\\Controllers\\Usercontroller.php(19): Illuminate\\Database\\Eloquent\\Model::all()
#20 C:\\Xamp\\php\\tantoy_sia1\\vendor\\illuminate\\container\\BoundMethod.php(36): App\\Http\\Controllers\\UserController->index()
#21 C:\\Xamp\\php\\tantoy_sia1\\vendor\\illuminate\\container\\Util.php(41): Illuminate\\Container\\BoundMethod::Illuminate\\Container\\{closure}()
#22 C:\\Xamp\\php\\tantoy_sia1\\vendor\\illuminate\\container\\BoundMethod.php(93): Illuminate\\Container\\Util::unwrapIfClosure(Object(Closure))
#23 C:\\Xamp\\php\\tantoy_sia1\\vendor\\illuminate\\container\\BoundMethod.php(37): Illuminate\\Container\\BoundMethod::callBoundMethod(Object(Laravel\\Lumen\\Application), Array, Object(Closure))
#24 C:\\Xamp\\php\\tantoy_sia1\\vendor\\illuminate\\container\\Container.php(651): Illuminate\\Container\\BoundMethod::call(Object(Laravel\\Lumen\\Application), Array, Array, NULL)
#25 C:\\Xamp\\php\\tantoy_sia1\\vendor\\laravel\\lumen-framework\\src\\Concerns\\RoutesRequests.php(389): Illuminate\\Container\\Container->call(Array, Array)
#26 C:\\Xamp\\php\\tantoy_sia1\\vendor\\laravel\\lumen-framework\\src\\Concerns\\RoutesRequests.php(355): Laravel\\Lumen\\Application->callControllerCallable(Array, Array)
#27 C:\\Xamp\\php\\tantoy_sia1\\vendor\\laravel\\lumen-framework\\src\\Concerns\\RoutesRequests.php(329): Laravel\\Lumen\\Application->callLumenController(Object(App\\Http\\Controllers\\UserController), 'index', Array)
#28 C:\\Xamp\\php\\tantoy_sia1\\vendor\\laravel\\lumen-framework\\src\\Concerns\\RoutesRequests.php(282): Laravel\\Lumen\\Application->callControllerAction(Array)
#29 C:\\Xamp\\php\\tantoy_sia1\\vendor\\laravel\\lumen-framework\\src\\Concerns\\RoutesRequests.php(267): Laravel\\Lumen\\Application->callActionOnArrayBasedRoute(Array)
#30 C:\\Xamp\\php\\tantoy_sia1\\vendor\\laravel\\lumen-framework\\src\\Concerns\\RoutesRequests.php(169): Laravel\\Lumen\\Application->handleFoundRoute(Array)
#31 C:\\Xamp\\php\\tantoy_sia1\\vendor\\laravel\\lumen-framework\\src\\Concerns\\RoutesRequests.php(429): Laravel\\Lumen\\Application->Laravel\\Lumen\\Concerns\\{closure}(Object(Laravel\\Lumen\\Http\\Request))
#32 C:\\Xamp\\php\\tantoy_sia1\\vendor\\laravel\\lumen-framework\\src\\Concerns\\RoutesRequests.php(175): Laravel\\Lumen\\Application->sendThroughPipeline(Array, Object(Closure))
#33 C:\\Xamp\\php\\tantoy_sia1\\vendor\\laravel\\lumen-framework\\src\\Concerns\\RoutesRequests.php(112): Laravel\\Lumen\\Application->dispatch(NULL)
#34 C:\\Xamp\\php\\tantoy_sia1\\public\\index.php(28): Laravel\\Lumen\\Application->run()
#35 {main}
"} 
[2022-06-11 14:55:41] local.ERROR: SQLSTATE[HY000] [2002] No connection could be made because the target machine actively refused it (SQL: select * from `tbluser`) {"exception":"[object] (Illuminate\\Database\\QueryException(code: 2002): SQLSTATE[HY000] [2002] No connection could be made because the target machine actively refused it (SQL: select * from `tbluser`) at C:\\Xamp\\php\\tantoy_sia1\\vendor\\illuminate\\database\\Connection.php:742)
[stacktrace]
#0 C:\\Xamp\\php\\tantoy_sia1\\vendor\\illuminate\\database\\Connection.php(702): Illuminate\\Database\\Connection->runQueryCallback('select * from `...', Array, Object(Closure))
#1 C:\\Xamp\\php\\tantoy_sia1\\vendor\\illuminate\\database\\Connection.php(404): Illuminate\\Database\\Connection->run('select * from `...', Array, Object(Closure))
#2 C:\\Xamp\\php\\tantoy_sia1\\vendor\\illuminate\\database\\Query\\Builder.php(2630): Illuminate\\Database\\Connection->select('select * from `...', Array, true)
#3 C:\\Xamp\\php\\tantoy_sia1\\vendor\\illuminate\\database\\Query\\Builder.php(2618): Illuminate\\Database\\Query\\Builder->runSelect()
#4 C:\\Xamp\\php\\tantoy_sia1\\vendor\\illuminate\\database\\Query\\Builder.php(3154): Illuminate\\Database\\Query\\Builder->Illuminate\\Database\\Query\\{closure}()
#5 C:\\Xamp\\php\\tantoy_sia1\\vendor\\illuminate\\database\\Query\\Builder.php(2619): Illuminate\\Database\\Query\\Builder->onceWithColumns(Array, Object(Closure))
#6 C:\\Xamp\\php\\tantoy_sia1\\vendor\\illuminate\\database\\Eloquent\\Builder.php(698): Illuminate\\Database\\Query\\Builder->get(Array)
#7 C:\\Xamp\\php\\tantoy_sia1\\vendor\\illuminate\\database\\Eloquent\\Builder.php(682): Illuminate\\Database\\Eloquent\\Builder->getModels(Array)
#8 C:\\Xamp\\php\\tantoy_sia1\\vendor\\illuminate\\database\\Eloquent\\Model.php(570): Illuminate\\Database\\Eloquent\\Builder->get(Array)
#9 C:\\Xamp\\php\\tantoy_sia1\\app\\Http\\Controllers\\Usercontroller.php(19): Illuminate\\Database\\Eloquent\\Model::all()
#10 C:\\Xamp\\php\\tantoy_sia1\\vendor\\illuminate\\container\\BoundMethod.php(36): App\\Http\\Controllers\\UserController->index()
#11 C:\\Xamp\\php\\tantoy_sia1\\vendor\\illuminate\\container\\Util.php(41): Illuminate\\Container\\BoundMethod::Illuminate\\Container\\{closure}()
#12 C:\\Xamp\\php\\tantoy_sia1\\vendor\\illuminate\\container\\BoundMethod.php(93): Illuminate\\Container\\Util::unwrapIfClosure(Object(Closure))
#13 C:\\Xamp\\php\\tantoy_sia1\\vendor\\illuminate\\container\\BoundMethod.php(37): Illuminate\\Container\\BoundMethod::callBoundMethod(Object(Laravel\\Lumen\\Application), Array, Object(Closure))
#14 C:\\Xamp\\php\\tantoy_sia1\\vendor\\illuminate\\container\\Container.php(651): Illuminate\\Container\\BoundMethod::call(Object(Laravel\\Lumen\\Application), Array, Array, NULL)
#15 C:\\Xamp\\php\\tantoy_sia1\\vendor\\laravel\\lumen-framework\\src\\Concerns\\RoutesRequests.php(389): Illuminate\\Container\\Container->call(Array, Array)
#16 C:\\Xamp\\php\\tantoy_sia1\\vendor\\laravel\\lumen-framework\\src\\Concerns\\RoutesRequests.php(355): Laravel\\Lumen\\Application->callControllerCallable(Array, Array)
#17 C:\\Xamp\\php\\tantoy_sia1\\vendor\\laravel\\lumen-framework\\src\\Concerns\\RoutesRequests.php(329): Laravel\\Lumen\\Application->callLumenController(Object(App\\Http\\Controllers\\UserController), 'index', Array)
#18 C:\\Xamp\\php\\tantoy_sia1\\vendor\\laravel\\lumen-framework\\src\\Concerns\\RoutesRequests.php(282): Laravel\\Lumen\\Application->callControllerAction(Array)
#19 C:\\Xamp\\php\\tantoy_sia1\\vendor\\laravel\\lumen-framework\\src\\Concerns\\RoutesRequests.php(267): Laravel\\Lumen\\Application->callActionOnArrayBasedRoute(Array)
#20 C:\\Xamp\\php\\tantoy_sia1\\vendor\\laravel\\lumen-framework\\src\\Concerns\\RoutesRequests.php(169): Laravel\\Lumen\\Application->handleFoundRoute(Array)
#21 C:\\Xamp\\php\\tantoy_sia1\\vendor\\laravel\\lumen-framework\\src\\Concerns\\RoutesRequests.php(429): Laravel\\Lumen\\Application->Laravel\\Lumen\\Concerns\\{closure}(Object(Laravel\\Lumen\\Http\\Request))
#22 C:\\Xamp\\php\\tantoy_sia1\\vendor\\laravel\\lumen-framework\\src\\Concerns\\RoutesRequests.php(175): Laravel\\Lumen\\Application->sendThroughPipeline(Array, Object(Closure))
#23 C:\\Xamp\\php\\tantoy_sia1\\vendor\\laravel\\lumen-framework\\src\\Concerns\\RoutesRequests.php(112): Laravel\\Lumen\\Application->dispatch(NULL)
#24 C:\\Xamp\\php\\tantoy_sia1\\public\\index.php(28): Laravel\\Lumen\\Application->run()
#25 {main}

[previous exception] [object] (PDOException(code: 2002): SQLSTATE[HY000] [2002] No connection could be made because the target machine actively refused it at C:\\Xamp\\php\\tantoy_sia1\\vendor\\illuminate\\database\\Connectors\\Connector.php:70)
[stacktrace]
#0 C:\\Xamp\\php\\tantoy_sia1\\vendor\\illuminate\\database\\Connectors\\Connector.php(70): PDO->__construct('mysql:host=127....', 'root', '', Array)
#1 C:\\Xamp\\php\\tantoy_sia1\\vendor\\illuminate\\database\\Connectors\\Connector.php(46): Illuminate\\Database\\Connectors\\Connector->createPdoConnection('mysql:host=127....', 'root', '', Array)
#2 C:\\Xamp\\php\\tantoy_sia1\\vendor\\illuminate\\database\\Connectors\\MySqlConnector.php(24): Illuminate\\Database\\Connectors\\Connector->createConnection('mysql:host=127....', Array, Array)
#3 C:\\Xamp\\php\\tantoy_sia1\\vendor\\illuminate\\database\\Connectors\\ConnectionFactory.php(184): Illuminate\\Database\\Connectors\\MySqlConnector->connect(Array)
#4 [internal function]: Illuminate\\Database\\Connectors\\ConnectionFactory->Illuminate\\Database\\Connectors\\{closure}()
#5 C:\\Xamp\\php\\tantoy_sia1\\vendor\\illuminate\\database\\Connection.php(1084): call_user_func(Object(Closure))
#6 C:\\Xamp\\php\\tantoy_sia1\\vendor\\illuminate\\database\\Connection.php(1120): Illuminate\\Database\\Connection->getPdo()
#7 C:\\Xamp\\php\\tantoy_sia1\\vendor\\illuminate\\database\\Connection.php(468): Illuminate\\Database\\Connection->getReadPdo()
#8 C:\\Xamp\\php\\tantoy_sia1\\vendor\\illuminate\\database\\Connection.php(396): Illuminate\\Database\\Connection->getPdoForSelect(true)
#9 C:\\Xamp\\php\\tantoy_sia1\\vendor\\illuminate\\database\\Connection.php(735): Illuminate\\Database\\Connection->Illuminate\\Database\\{closure}('select * from `...', Array)
#10 C:\\Xamp\\php\\tantoy_sia1\\vendor\\illuminate\\database\\Connection.php(702): Illuminate\\Database\\Connection->runQueryCallback('select * from `...', Array, Object(Closure))
#11 C:\\Xamp\\php\\tantoy_sia1\\vendor\\illuminate\\database\\Connection.php(404): Illuminate\\Database\\Connection->run('select * from `...', Array, Object(Closure))
#12 C:\\Xamp\\php\\tantoy_sia1\\vendor\\illuminate\\database\\Query\\Builder.php(2630): Illuminate\\Database\\Connection->select('select * from `...', Array, true)
#13 C:\\Xamp\\php\\tantoy_sia1\\vendor\\illuminate\\database\\Query\\Builder.php(2618): Illuminate\\Database\\Query\\Builder->runSelect()
#14 C:\\Xamp\\php\\tantoy_sia1\\vendor\\illuminate\\database\\Query\\Builder.php(3154): Illuminate\\Database\\Query\\Builder->Illuminate\\Database\\Query\\{closure}()
#15 C:\\Xamp\\php\\tantoy_sia1\\vendor\\illuminate\\database\\Query\\Builder.php(2619): Illuminate\\Database\\Query\\Builder->onceWithColumns(Array, Object(Closure))
#16 C:\\Xamp\\php\\tantoy_sia1\\vendor\\illuminate\\database\\Eloquent\\Builder.php(698): Illuminate\\Database\\Query\\Builder->get(Array)
#17 C:\\Xamp\\php\\tantoy_sia1\\vendor\\illuminate\\database\\Eloquent\\Builder.php(682): Illuminate\\Database\\Eloquent\\Builder->getModels(Array)
#18 C:\\Xamp\\php\\tantoy_sia1\\vendor\\illuminate\\database\\Eloquent\\Model.php(570): Illuminate\\Database\\Eloquent\\Builder->get(Array)
#19 C:\\Xamp\\php\\tantoy_sia1\\app\\Http\\Controllers\\Usercontroller.php(19): Illuminate\\Database\\Eloquent\\Model::all()
#20 C:\\Xamp\\php\\tantoy_sia1\\vendor\\illuminate\\container\\BoundMethod.php(36): App\\Http\\Controllers\\UserController->index()
#21 C:\\Xamp\\php\\tantoy_sia1\\vendor\\illuminate\\container\\Util.php(41): Illuminate\\Container\\BoundMethod::Illuminate\\Container\\{closure}()
#22 C:\\Xamp\\php\\tantoy_sia1\\vendor\\illuminate\\container\\BoundMethod.php(93): Illuminate\\Container\\Util::unwrapIfClosure(Object(Closure))
#23 C:\\Xamp\\php\\tantoy_sia1\\vendor\\illuminate\\container\\BoundMethod.php(37): Illuminate\\Container\\BoundMethod::callBoundMethod(Object(Laravel\\Lumen\\Application), Array, Object(Closure))
#24 C:\\Xamp\\php\\tantoy_sia1\\vendor\\illuminate\\container\\Container.php(651): Illuminate\\Container\\BoundMethod::call(Object(Laravel\\Lumen\\Application), Array, Array, NULL)
#25 C:\\Xamp\\php\\tantoy_sia1\\vendor\\laravel\\lumen-framework\\src\\Concerns\\RoutesRequests.php(389): Illuminate\\Container\\Container->call(Array, Array)
#26 C:\\Xamp\\php\\tantoy_sia1\\vendor\\laravel\\lumen-framework\\src\\Concerns\\RoutesRequests.php(355): Laravel\\Lumen\\Application->callControllerCallable(Array, Array)
#27 C:\\Xamp\\php\\tantoy_sia1\\vendor\\laravel\\lumen-framework\\src\\Concerns\\RoutesRequests.php(329): Laravel\\Lumen\\Application->callLumenController(Object(App\\Http\\Controllers\\UserController), 'index', Array)
#28 C:\\Xamp\\php\\tantoy_sia1\\vendor\\laravel\\lumen-framework\\src\\Concerns\\RoutesRequests.php(282): Laravel\\Lumen\\Application->callControllerAction(Array)
#29 C:\\Xamp\\php\\tantoy_sia1\\vendor\\laravel\\lumen-framework\\src\\Concerns\\RoutesRequests.php(267): Laravel\\Lumen\\Application->callActionOnArrayBasedRoute(Array)
#30 C:\\Xamp\\php\\tantoy_sia1\\vendor\\laravel\\lumen-framework\\src\\Concerns\\RoutesRequests.php(169): Laravel\\Lumen\\Application->handleFoundRoute(Array)
#31 C:\\Xamp\\php\\tantoy_sia1\\vendor\\laravel\\lumen-framework\\src\\Concerns\\RoutesRequests.php(429): Laravel\\Lumen\\Application->Laravel\\Lumen\\Concerns\\{closure}(Object(Laravel\\Lumen\\Http\\Request))
#32 C:\\Xamp\\php\\tantoy_sia1\\vendor\\laravel\\lumen-framework\\src\\Concerns\\RoutesRequests.php(175): Laravel\\Lumen\\Application->sendThroughPipeline(Array, Object(Closure))
#33 C:\\Xamp\\php\\tantoy_sia1\\vendor\\laravel\\lumen-framework\\src\\Concerns\\RoutesRequests.php(112): Laravel\\Lumen\\Application->dispatch(NULL)
#34 C:\\Xamp\\php\\tantoy_sia1\\public\\index.php(28): Laravel\\Lumen\\Application->run()
#35 {main}
"} 
[2022-06-11 14:56:14] local.ERROR: SQLSTATE[HY000] [2002] No connection could be made because the target machine actively refused it (SQL: select * from `tbluser`) {"exception":"[object] (Illuminate\\Database\\QueryException(code: 2002): SQLSTATE[HY000] [2002] No connection could be made because the target machine actively refused it (SQL: select * from `tbluser`) at C:\\Xamp\\php\\tantoy_sia1\\vendor\\illuminate\\database\\Connection.php:742)
[stacktrace]
#0 C:\\Xamp\\php\\tantoy_sia1\\vendor\\illuminate\\database\\Connection.php(814): Illuminate\\Database\\Connection->runQueryCallback('select * from `...', Array, Object(Closure))
#1 C:\\Xamp\\php\\tantoy_sia1\\vendor\\illuminate\\database\\Connection.php(794): Illuminate\\Database\\Connection->tryAgainIfCausedByLostConnection(Object(Illuminate\\Database\\QueryException), 'select * from `...', Array, Object(Closure))
#2 C:\\Xamp\\php\\tantoy_sia1\\vendor\\illuminate\\database\\Connection.php(705): Illuminate\\Database\\Connection->handleQueryException(Object(Illuminate\\Database\\QueryException), 'select * from `...', Array, Object(Closure))
#3 C:\\Xamp\\php\\tantoy_sia1\\vendor\\illuminate\\database\\Connection.php(404): Illuminate\\Database\\Connection->run('select * from `...', Array, Object(Closure))
#4 C:\\Xamp\\php\\tantoy_sia1\\vendor\\illuminate\\database\\Query\\Builder.php(2630): Illuminate\\Database\\Connection->select('select * from `...', Array, true)
#5 C:\\Xamp\\php\\tantoy_sia1\\vendor\\illuminate\\database\\Query\\Builder.php(2618): Illuminate\\Database\\Query\\Builder->runSelect()
#6 C:\\Xamp\\php\\tantoy_sia1\\vendor\\illuminate\\database\\Query\\Builder.php(3154): Illuminate\\Database\\Query\\Builder->Illuminate\\Database\\Query\\{closure}()
#7 C:\\Xamp\\php\\tantoy_sia1\\vendor\\illuminate\\database\\Query\\Builder.php(2619): Illuminate\\Database\\Query\\Builder->onceWithColumns(Array, Object(Closure))
#8 C:\\Xamp\\php\\tantoy_sia1\\vendor\\illuminate\\database\\Eloquent\\Builder.php(698): Illuminate\\Database\\Query\\Builder->get(Array)
#9 C:\\Xamp\\php\\tantoy_sia1\\vendor\\illuminate\\database\\Eloquent\\Builder.php(682): Illuminate\\Database\\Eloquent\\Builder->getModels(Array)
#10 C:\\Xamp\\php\\tantoy_sia1\\vendor\\illuminate\\database\\Eloquent\\Model.php(570): Illuminate\\Database\\Eloquent\\Builder->get(Array)
#11 C:\\Xamp\\php\\tantoy_sia1\\app\\Http\\Controllers\\Usercontroller.php(19): Illuminate\\Database\\Eloquent\\Model::all()
#12 C:\\Xamp\\php\\tantoy_sia1\\vendor\\illuminate\\container\\BoundMethod.php(36): App\\Http\\Controllers\\UserController->index()
#13 C:\\Xamp\\php\\tantoy_sia1\\vendor\\illuminate\\container\\Util.php(41): Illuminate\\Container\\BoundMethod::Illuminate\\Container\\{closure}()
#14 C:\\Xamp\\php\\tantoy_sia1\\vendor\\illuminate\\container\\BoundMethod.php(93): Illuminate\\Container\\Util::unwrapIfClosure(Object(Closure))
#15 C:\\Xamp\\php\\tantoy_sia1\\vendor\\illuminate\\container\\BoundMethod.php(37): Illuminate\\Container\\BoundMethod::callBoundMethod(Object(Laravel\\Lumen\\Application), Array, Object(Closure))
#16 C:\\Xamp\\php\\tantoy_sia1\\vendor\\illuminate\\container\\Container.php(651): Illuminate\\Container\\BoundMethod::call(Object(Laravel\\Lumen\\Application), Array, Array, NULL)
#17 C:\\Xamp\\php\\tantoy_sia1\\vendor\\laravel\\lumen-framework\\src\\Concerns\\RoutesRequests.php(389): Illuminate\\Container\\Container->call(Array, Array)
#18 C:\\Xamp\\php\\tantoy_sia1\\vendor\\laravel\\lumen-framework\\src\\Concerns\\RoutesRequests.php(355): Laravel\\Lumen\\Application->callControllerCallable(Array, Array)
#19 C:\\Xamp\\php\\tantoy_sia1\\vendor\\laravel\\lumen-framework\\src\\Concerns\\RoutesRequests.php(329): Laravel\\Lumen\\Application->callLumenController(Object(App\\Http\\Controllers\\UserController), 'index', Array)
#20 C:\\Xamp\\php\\tantoy_sia1\\vendor\\laravel\\lumen-framework\\src\\Concerns\\RoutesRequests.php(282): Laravel\\Lumen\\Application->callControllerAction(Array)
#21 C:\\Xamp\\php\\tantoy_sia1\\vendor\\laravel\\lumen-framework\\src\\Concerns\\RoutesRequests.php(267): Laravel\\Lumen\\Application->callActionOnArrayBasedRoute(Array)
#22 C:\\Xamp\\php\\tantoy_sia1\\vendor\\laravel\\lumen-framework\\src\\Concerns\\RoutesRequests.php(169): Laravel\\Lumen\\Application->handleFoundRoute(Array)
#23 C:\\Xamp\\php\\tantoy_sia1\\vendor\\laravel\\lumen-framework\\src\\Concerns\\RoutesRequests.php(429): Laravel\\Lumen\\Application->Laravel\\Lumen\\Concerns\\{closure}(Object(Laravel\\Lumen\\Http\\Request))
#24 C:\\Xamp\\php\\tantoy_sia1\\vendor\\laravel\\lumen-framework\\src\\Concerns\\RoutesRequests.php(175): Laravel\\Lumen\\Application->sendThroughPipeline(Array, Object(Closure))
#25 C:\\Xamp\\php\\tantoy_sia1\\vendor\\laravel\\lumen-framework\\src\\Concerns\\RoutesRequests.php(112): Laravel\\Lumen\\Application->dispatch(NULL)
#26 C:\\Xamp\\php\\tantoy_sia1\\public\\index.php(28): Laravel\\Lumen\\Application->run()
#27 {main}

[previous exception] [object] (PDOException(code: 2002): SQLSTATE[HY000] [2002] No connection could be made because the target machine actively refused it at C:\\Xamp\\php\\tantoy_sia1\\vendor\\illuminate\\database\\Connectors\\Connector.php:70)
[stacktrace]
#0 C:\\Xamp\\php\\tantoy_sia1\\vendor\\illuminate\\database\\Connectors\\Connector.php(70): PDO->__construct('mysql:host=127....', 'root', '', Array)
#1 C:\\Xamp\\php\\tantoy_sia1\\vendor\\illuminate\\database\\Connectors\\Connector.php(46): Illuminate\\Database\\Connectors\\Connector->createPdoConnection('mysql:host=127....', 'root', '', Array)
#2 C:\\Xamp\\php\\tantoy_sia1\\vendor\\illuminate\\database\\Connectors\\MySqlConnector.php(24): Illuminate\\Database\\Connectors\\Connector->createConnection('mysql:host=127....', Array, Array)
#3 C:\\Xamp\\php\\tantoy_sia1\\vendor\\illuminate\\database\\Connectors\\ConnectionFactory.php(184): Illuminate\\Database\\Connectors\\MySqlConnector->connect(Array)
#4 [internal function]: Illuminate\\Database\\Connectors\\ConnectionFactory->Illuminate\\Database\\Connectors\\{closure}()
#5 C:\\Xamp\\php\\tantoy_sia1\\vendor\\illuminate\\database\\Connection.php(1084): call_user_func(Object(Closure))
#6 C:\\Xamp\\php\\tantoy_sia1\\vendor\\illuminate\\database\\Connection.php(1120): Illuminate\\Database\\Connection->getPdo()
#7 C:\\Xamp\\php\\tantoy_sia1\\vendor\\illuminate\\database\\Connection.php(468): Illuminate\\Database\\Connection->getReadPdo()
#8 C:\\Xamp\\php\\tantoy_sia1\\vendor\\illuminate\\database\\Connection.php(396): Illuminate\\Database\\Connection->getPdoForSelect(true)
#9 C:\\Xamp\\php\\tantoy_sia1\\vendor\\illuminate\\database\\Connection.php(735): Illuminate\\Database\\Connection->Illuminate\\Database\\{closure}('select * from `...', Array)
#10 C:\\Xamp\\php\\tantoy_sia1\\vendor\\illuminate\\database\\Connection.php(814): Illuminate\\Database\\Connection->runQueryCallback('select * from `...', Array, Object(Closure))
#11 C:\\Xamp\\php\\tantoy_sia1\\vendor\\illuminate\\database\\Connection.php(794): Illuminate\\Database\\Connection->tryAgainIfCausedByLostConnection(Object(Illuminate\\Database\\QueryException), 'select * from `...', Array, Object(Closure))
#12 C:\\Xamp\\php\\tantoy_sia1\\vendor\\illuminate\\database\\Connection.php(705): Illuminate\\Database\\Connection->handleQueryException(Object(Illuminate\\Database\\QueryException), 'select * from `...', Array, Object(Closure))
#13 C:\\Xamp\\php\\tantoy_sia1\\vendor\\illuminate\\database\\Connection.php(404): Illuminate\\Database\\Connection->run('select * from `...', Array, Object(Closure))
#14 C:\\Xamp\\php\\tantoy_sia1\\vendor\\illuminate\\database\\Query\\Builder.php(2630): Illuminate\\Database\\Connection->select('select * from `...', Array, true)
#15 C:\\Xamp\\php\\tantoy_sia1\\vendor\\illuminate\\database\\Query\\Builder.php(2618): Illuminate\\Database\\Query\\Builder->runSelect()
#16 C:\\Xamp\\php\\tantoy_sia1\\vendor\\illuminate\\database\\Query\\Builder.php(3154): Illuminate\\Database\\Query\\Builder->Illuminate\\Database\\Query\\{closure}()
#17 C:\\Xamp\\php\\tantoy_sia1\\vendor\\illuminate\\database\\Query\\Builder.php(2619): Illuminate\\Database\\Query\\Builder->onceWithColumns(Array, Object(Closure))
#18 C:\\Xamp\\php\\tantoy_sia1\\vendor\\illuminate\\database\\Eloquent\\Builder.php(698): Illuminate\\Database\\Query\\Builder->get(Array)
#19 C:\\Xamp\\php\\tantoy_sia1\\vendor\\illuminate\\database\\Eloquent\\Builder.php(682): Illuminate\\Database\\Eloquent\\Builder->getModels(Array)
#20 C:\\Xamp\\php\\tantoy_sia1\\vendor\\illuminate\\database\\Eloquent\\Model.php(570): Illuminate\\Database\\Eloquent\\Builder->get(Array)
#21 C:\\Xamp\\php\\tantoy_sia1\\app\\Http\\Controllers\\Usercontroller.php(19): Illuminate\\Database\\Eloquent\\Model::all()
#22 C:\\Xamp\\php\\tantoy_sia1\\vendor\\illuminate\\container\\BoundMethod.php(36): App\\Http\\Controllers\\UserController->index()
#23 C:\\Xamp\\php\\tantoy_sia1\\vendor\\illuminate\\container\\Util.php(41): Illuminate\\Container\\BoundMethod::Illuminate\\Container\\{closure}()
#24 C:\\Xamp\\php\\tantoy_sia1\\vendor\\illuminate\\container\\BoundMethod.php(93): Illuminate\\Container\\Util::unwrapIfClosure(Object(Closure))
#25 C:\\Xamp\\php\\tantoy_sia1\\vendor\\illuminate\\container\\BoundMethod.php(37): Illuminate\\Container\\BoundMethod::callBoundMethod(Object(Laravel\\Lumen\\Application), Array, Object(Closure))
#26 C:\\Xamp\\php\\tantoy_sia1\\vendor\\illuminate\\container\\Container.php(651): Illuminate\\Container\\BoundMethod::call(Object(Laravel\\Lumen\\Application), Array, Array, NULL)
#27 C:\\Xamp\\php\\tantoy_sia1\\vendor\\laravel\\lumen-framework\\src\\Concerns\\RoutesRequests.php(389): Illuminate\\Container\\Container->call(Array, Array)
#28 C:\\Xamp\\php\\tantoy_sia1\\vendor\\laravel\\lumen-framework\\src\\Concerns\\RoutesRequests.php(355): Laravel\\Lumen\\Application->callControllerCallable(Array, Array)
#29 C:\\Xamp\\php\\tantoy_sia1\\vendor\\laravel\\lumen-framework\\src\\Concerns\\RoutesRequests.php(329): Laravel\\Lumen\\Application->callLumenController(Object(App\\Http\\Controllers\\UserController), 'index', Array)
#30 C:\\Xamp\\php\\tantoy_sia1\\vendor\\laravel\\lumen-framework\\src\\Concerns\\RoutesRequests.php(282): Laravel\\Lumen\\Application->callControllerAction(Array)
#31 C:\\Xamp\\php\\tantoy_sia1\\vendor\\laravel\\lumen-framework\\src\\Concerns\\RoutesRequests.php(267): Laravel\\Lumen\\Application->callActionOnArrayBasedRoute(Array)
#32 C:\\Xamp\\php\\tantoy_sia1\\vendor\\laravel\\lumen-framework\\src\\Concerns\\RoutesRequests.php(169): Laravel\\Lumen\\Application->handleFoundRoute(Array)
#33 C:\\Xamp\\php\\tantoy_sia1\\vendor\\laravel\\lumen-framework\\src\\Concerns\\RoutesRequests.php(429): Laravel\\Lumen\\Application->Laravel\\Lumen\\Concerns\\{closure}(Object(Laravel\\Lumen\\Http\\Request))
#34 C:\\Xamp\\php\\tantoy_sia1\\vendor\\laravel\\lumen-framework\\src\\Concerns\\RoutesRequests.php(175): Laravel\\Lumen\\Application->sendThroughPipeline(Array, Object(Closure))
#35 C:\\Xamp\\php\\tantoy_sia1\\vendor\\laravel\\lumen-framework\\src\\Concerns\\RoutesRequests.php(112): Laravel\\Lumen\\Application->dispatch(NULL)
#36 C:\\Xamp\\php\\tantoy_sia1\\public\\index.php(28): Laravel\\Lumen\\Application->run()
#37 {main}
"} 
[2022-06-11 14:57:48] local.ERROR: SQLSTATE[HY000] [2002] No connection could be made because the target machine actively refused it (SQL: select * from `tbluser`) {"exception":"[object] (Illuminate\\Database\\QueryException(code: 2002): SQLSTATE[HY000] [2002] No connection could be made because the target machine actively refused it (SQL: select * from `tbluser`) at C:\\Xamp\\php\\tantoy_sia1\\vendor\\illuminate\\database\\Connection.php:742)
[stacktrace]
#0 C:\\Xamp\\php\\tantoy_sia1\\vendor\\illuminate\\database\\Connection.php(702): Illuminate\\Database\\Connection->runQueryCallback('select * from `...', Array, Object(Closure))
#1 C:\\Xamp\\php\\tantoy_sia1\\vendor\\illuminate\\database\\Connection.php(404): Illuminate\\Database\\Connection->run('select * from `...', Array, Object(Closure))
#2 C:\\Xamp\\php\\tantoy_sia1\\vendor\\illuminate\\database\\Query\\Builder.php(2630): Illuminate\\Database\\Connection->select('select * from `...', Array, true)
#3 C:\\Xamp\\php\\tantoy_sia1\\vendor\\illuminate\\database\\Query\\Builder.php(2618): Illuminate\\Database\\Query\\Builder->runSelect()
#4 C:\\Xamp\\php\\tantoy_sia1\\vendor\\illuminate\\database\\Query\\Builder.php(3154): Illuminate\\Database\\Query\\Builder->Illuminate\\Database\\Query\\{closure}()
#5 C:\\Xamp\\php\\tantoy_sia1\\vendor\\illuminate\\database\\Query\\Builder.php(2619): Illuminate\\Database\\Query\\Builder->onceWithColumns(Array, Object(Closure))
#6 C:\\Xamp\\php\\tantoy_sia1\\vendor\\illuminate\\database\\Eloquent\\Builder.php(698): Illuminate\\Database\\Query\\Builder->get(Array)
#7 C:\\Xamp\\php\\tantoy_sia1\\vendor\\illuminate\\database\\Eloquent\\Builder.php(682): Illuminate\\Database\\Eloquent\\Builder->getModels(Array)
#8 C:\\Xamp\\php\\tantoy_sia1\\vendor\\illuminate\\database\\Eloquent\\Model.php(570): Illuminate\\Database\\Eloquent\\Builder->get(Array)
#9 C:\\Xamp\\php\\tantoy_sia1\\app\\Http\\Controllers\\Usercontroller.php(19): Illuminate\\Database\\Eloquent\\Model::all()
#10 C:\\Xamp\\php\\tantoy_sia1\\vendor\\illuminate\\container\\BoundMethod.php(36): App\\Http\\Controllers\\UserController->index()
#11 C:\\Xamp\\php\\tantoy_sia1\\vendor\\illuminate\\container\\Util.php(41): Illuminate\\Container\\BoundMethod::Illuminate\\Container\\{closure}()
#12 C:\\Xamp\\php\\tantoy_sia1\\vendor\\illuminate\\container\\BoundMethod.php(93): Illuminate\\Container\\Util::unwrapIfClosure(Object(Closure))
#13 C:\\Xamp\\php\\tantoy_sia1\\vendor\\illuminate\\container\\BoundMethod.php(37): Illuminate\\Container\\BoundMethod::callBoundMethod(Object(Laravel\\Lumen\\Application), Array, Object(Closure))
#14 C:\\Xamp\\php\\tantoy_sia1\\vendor\\illuminate\\container\\Container.php(651): Illuminate\\Container\\BoundMethod::call(Object(Laravel\\Lumen\\Application), Array, Array, NULL)
#15 C:\\Xamp\\php\\tantoy_sia1\\vendor\\laravel\\lumen-framework\\src\\Concerns\\RoutesRequests.php(389): Illuminate\\Container\\Container->call(Array, Array)
#16 C:\\Xamp\\php\\tantoy_sia1\\vendor\\laravel\\lumen-framework\\src\\Concerns\\RoutesRequests.php(355): Laravel\\Lumen\\Application->callControllerCallable(Array, Array)
#17 C:\\Xamp\\php\\tantoy_sia1\\vendor\\laravel\\lumen-framework\\src\\Concerns\\RoutesRequests.php(329): Laravel\\Lumen\\Application->callLumenController(Object(App\\Http\\Controllers\\UserController), 'index', Array)
#18 C:\\Xamp\\php\\tantoy_sia1\\vendor\\laravel\\lumen-framework\\src\\Concerns\\RoutesRequests.php(282): Laravel\\Lumen\\Application->callControllerAction(Array)
#19 C:\\Xamp\\php\\tantoy_sia1\\vendor\\laravel\\lumen-framework\\src\\Concerns\\RoutesRequests.php(267): Laravel\\Lumen\\Application->callActionOnArrayBasedRoute(Array)
#20 C:\\Xamp\\php\\tantoy_sia1\\vendor\\laravel\\lumen-framework\\src\\Concerns\\RoutesRequests.php(169): Laravel\\Lumen\\Application->handleFoundRoute(Array)
#21 C:\\Xamp\\php\\tantoy_sia1\\vendor\\laravel\\lumen-framework\\src\\Concerns\\RoutesRequests.php(429): Laravel\\Lumen\\Application->Laravel\\Lumen\\Concerns\\{closure}(Object(Laravel\\Lumen\\Http\\Request))
#22 C:\\Xamp\\php\\tantoy_sia1\\vendor\\laravel\\lumen-framework\\src\\Concerns\\RoutesRequests.php(175): Laravel\\Lumen\\Application->sendThroughPipeline(Array, Object(Closure))
#23 C:\\Xamp\\php\\tantoy_sia1\\vendor\\laravel\\lumen-framework\\src\\Concerns\\RoutesRequests.php(112): Laravel\\Lumen\\Application->dispatch(NULL)
#24 C:\\Xamp\\php\\tantoy_sia1\\public\\index.php(28): Laravel\\Lumen\\Application->run()
#25 {main}

[previous exception] [object] (PDOException(code: 2002): SQLSTATE[HY000] [2002] No connection could be made because the target machine actively refused it at C:\\Xamp\\php\\tantoy_sia1\\vendor\\illuminate\\database\\Connectors\\Connector.php:70)
[stacktrace]
#0 C:\\Xamp\\php\\tantoy_sia1\\vendor\\illuminate\\database\\Connectors\\Connector.php(70): PDO->__construct('mysql:host=127....', 'root', '', Array)
#1 C:\\Xamp\\php\\tantoy_sia1\\vendor\\illuminate\\database\\Connectors\\Connector.php(46): Illuminate\\Database\\Connectors\\Connector->createPdoConnection('mysql:host=127....', 'root', '', Array)
#2 C:\\Xamp\\php\\tantoy_sia1\\vendor\\illuminate\\database\\Connectors\\MySqlConnector.php(24): Illuminate\\Database\\Connectors\\Connector->createConnection('mysql:host=127....', Array, Array)
#3 C:\\Xamp\\php\\tantoy_sia1\\vendor\\illuminate\\database\\Connectors\\ConnectionFactory.php(184): Illuminate\\Database\\Connectors\\MySqlConnector->connect(Array)
#4 [internal function]: Illuminate\\Database\\Connectors\\ConnectionFactory->Illuminate\\Database\\Connectors\\{closure}()
#5 C:\\Xamp\\php\\tantoy_sia1\\vendor\\illuminate\\database\\Connection.php(1084): call_user_func(Object(Closure))
#6 C:\\Xamp\\php\\tantoy_sia1\\vendor\\illuminate\\database\\Connection.php(1120): Illuminate\\Database\\Connection->getPdo()
#7 C:\\Xamp\\php\\tantoy_sia1\\vendor\\illuminate\\database\\Connection.php(468): Illuminate\\Database\\Connection->getReadPdo()
#8 C:\\Xamp\\php\\tantoy_sia1\\vendor\\illuminate\\database\\Connection.php(396): Illuminate\\Database\\Connection->getPdoForSelect(true)
#9 C:\\Xamp\\php\\tantoy_sia1\\vendor\\illuminate\\database\\Connection.php(735): Illuminate\\Database\\Connection->Illuminate\\Database\\{closure}('select * from `...', Array)
#10 C:\\Xamp\\php\\tantoy_sia1\\vendor\\illuminate\\database\\Connection.php(702): Illuminate\\Database\\Connection->runQueryCallback('select * from `...', Array, Object(Closure))
#11 C:\\Xamp\\php\\tantoy_sia1\\vendor\\illuminate\\database\\Connection.php(404): Illuminate\\Database\\Connection->run('select * from `...', Array, Object(Closure))
#12 C:\\Xamp\\php\\tantoy_sia1\\vendor\\illuminate\\database\\Query\\Builder.php(2630): Illuminate\\Database\\Connection->select('select * from `...', Array, true)
#13 C:\\Xamp\\php\\tantoy_sia1\\vendor\\illuminate\\database\\Query\\Builder.php(2618): Illuminate\\Database\\Query\\Builder->runSelect()
#14 C:\\Xamp\\php\\tantoy_sia1\\vendor\\illuminate\\database\\Query\\Builder.php(3154): Illuminate\\Database\\Query\\Builder->Illuminate\\Database\\Query\\{closure}()
#15 C:\\Xamp\\php\\tantoy_sia1\\vendor\\illuminate\\database\\Query\\Builder.php(2619): Illuminate\\Database\\Query\\Builder->onceWithColumns(Array, Object(Closure))
#16 C:\\Xamp\\php\\tantoy_sia1\\vendor\\illuminate\\database\\Eloquent\\Builder.php(698): Illuminate\\Database\\Query\\Builder->get(Array)
#17 C:\\Xamp\\php\\tantoy_sia1\\vendor\\illuminate\\database\\Eloquent\\Builder.php(682): Illuminate\\Database\\Eloquent\\Builder->getModels(Array)
#18 C:\\Xamp\\php\\tantoy_sia1\\vendor\\illuminate\\database\\Eloquent\\Model.php(570): Illuminate\\Database\\Eloquent\\Builder->get(Array)
#19 C:\\Xamp\\php\\tantoy_sia1\\app\\Http\\Controllers\\Usercontroller.php(19): Illuminate\\Database\\Eloquent\\Model::all()
#20 C:\\Xamp\\php\\tantoy_sia1\\vendor\\illuminate\\container\\BoundMethod.php(36): App\\Http\\Controllers\\UserController->index()
#21 C:\\Xamp\\php\\tantoy_sia1\\vendor\\illuminate\\container\\Util.php(41): Illuminate\\Container\\BoundMethod::Illuminate\\Container\\{closure}()
#22 C:\\Xamp\\php\\tantoy_sia1\\vendor\\illuminate\\container\\BoundMethod.php(93): Illuminate\\Container\\Util::unwrapIfClosure(Object(Closure))
#23 C:\\Xamp\\php\\tantoy_sia1\\vendor\\illuminate\\container\\BoundMethod.php(37): Illuminate\\Container\\BoundMethod::callBoundMethod(Object(Laravel\\Lumen\\Application), Array, Object(Closure))
#24 C:\\Xamp\\php\\tantoy_sia1\\vendor\\illuminate\\container\\Container.php(651): Illuminate\\Container\\BoundMethod::call(Object(Laravel\\Lumen\\Application), Array, Array, NULL)
#25 C:\\Xamp\\php\\tantoy_sia1\\vendor\\laravel\\lumen-framework\\src\\Concerns\\RoutesRequests.php(389): Illuminate\\Container\\Container->call(Array, Array)
#26 C:\\Xamp\\php\\tantoy_sia1\\vendor\\laravel\\lumen-framework\\src\\Concerns\\RoutesRequests.php(355): Laravel\\Lumen\\Application->callControllerCallable(Array, Array)
#27 C:\\Xamp\\php\\tantoy_sia1\\vendor\\laravel\\lumen-framework\\src\\Concerns\\RoutesRequests.php(329): Laravel\\Lumen\\Application->callLumenController(Object(App\\Http\\Controllers\\UserController), 'index', Array)
#28 C:\\Xamp\\php\\tantoy_sia1\\vendor\\laravel\\lumen-framework\\src\\Concerns\\RoutesRequests.php(282): Laravel\\Lumen\\Application->callControllerAction(Array)
#29 C:\\Xamp\\php\\tantoy_sia1\\vendor\\laravel\\lumen-framework\\src\\Concerns\\RoutesRequests.php(267): Laravel\\Lumen\\Application->callActionOnArrayBasedRoute(Array)
#30 C:\\Xamp\\php\\tantoy_sia1\\vendor\\laravel\\lumen-framework\\src\\Concerns\\RoutesRequests.php(169): Laravel\\Lumen\\Application->handleFoundRoute(Array)
#31 C:\\Xamp\\php\\tantoy_sia1\\vendor\\laravel\\lumen-framework\\src\\Concerns\\RoutesRequests.php(429): Laravel\\Lumen\\Application->Laravel\\Lumen\\Concerns\\{closure}(Object(Laravel\\Lumen\\Http\\Request))
#32 C:\\Xamp\\php\\tantoy_sia1\\vendor\\laravel\\lumen-framework\\src\\Concerns\\RoutesRequests.php(175): Laravel\\Lumen\\Application->sendThroughPipeline(Array, Object(Closure))
#33 C:\\Xamp\\php\\tantoy_sia1\\vendor\\laravel\\lumen-framework\\src\\Concerns\\RoutesRequests.php(112): Laravel\\Lumen\\Application->dispatch(NULL)
#34 C:\\Xamp\\php\\tantoy_sia1\\public\\index.php(28): Laravel\\Lumen\\Application->run()
#35 {main}
"} 
[2022-06-11 14:58:05] local.ERROR: SQLSTATE[HY000] [2002] No connection could be made because the target machine actively refused it (SQL: select * from `tbluser`) {"exception":"[object] (Illuminate\\Database\\QueryException(code: 2002): SQLSTATE[HY000] [2002] No connection could be made because the target machine actively refused it (SQL: select * from `tbluser`) at C:\\Xamp\\php\\tantoy_sia1\\vendor\\illuminate\\database\\Connection.php:742)
[stacktrace]
#0 C:\\Xamp\\php\\tantoy_sia1\\vendor\\illuminate\\database\\Connection.php(702): Illuminate\\Database\\Connection->runQueryCallback('select * from `...', Array, Object(Closure))
#1 C:\\Xamp\\php\\tantoy_sia1\\vendor\\illuminate\\database\\Connection.php(404): Illuminate\\Database\\Connection->run('select * from `...', Array, Object(Closure))
#2 C:\\Xamp\\php\\tantoy_sia1\\vendor\\illuminate\\database\\Query\\Builder.php(2630): Illuminate\\Database\\Connection->select('select * from `...', Array, true)
#3 C:\\Xamp\\php\\tantoy_sia1\\vendor\\illuminate\\database\\Query\\Builder.php(2618): Illuminate\\Database\\Query\\Builder->runSelect()
#4 C:\\Xamp\\php\\tantoy_sia1\\vendor\\illuminate\\database\\Query\\Builder.php(3154): Illuminate\\Database\\Query\\Builder->Illuminate\\Database\\Query\\{closure}()
#5 C:\\Xamp\\php\\tantoy_sia1\\vendor\\illuminate\\database\\Query\\Builder.php(2619): Illuminate\\Database\\Query\\Builder->onceWithColumns(Array, Object(Closure))
#6 C:\\Xamp\\php\\tantoy_sia1\\vendor\\illuminate\\database\\Eloquent\\Builder.php(698): Illuminate\\Database\\Query\\Builder->get(Array)
#7 C:\\Xamp\\php\\tantoy_sia1\\vendor\\illuminate\\database\\Eloquent\\Builder.php(682): Illuminate\\Database\\Eloquent\\Builder->getModels(Array)
#8 C:\\Xamp\\php\\tantoy_sia1\\vendor\\illuminate\\database\\Eloquent\\Model.php(570): Illuminate\\Database\\Eloquent\\Builder->get(Array)
#9 C:\\Xamp\\php\\tantoy_sia1\\app\\Http\\Controllers\\Usercontroller.php(19): Illuminate\\Database\\Eloquent\\Model::all()
#10 C:\\Xamp\\php\\tantoy_sia1\\vendor\\illuminate\\container\\BoundMethod.php(36): App\\Http\\Controllers\\UserController->index()
#11 C:\\Xamp\\php\\tantoy_sia1\\vendor\\illuminate\\container\\Util.php(41): Illuminate\\Container\\BoundMethod::Illuminate\\Container\\{closure}()
#12 C:\\Xamp\\php\\tantoy_sia1\\vendor\\illuminate\\container\\BoundMethod.php(93): Illuminate\\Container\\Util::unwrapIfClosure(Object(Closure))
#13 C:\\Xamp\\php\\tantoy_sia1\\vendor\\illuminate\\container\\BoundMethod.php(37): Illuminate\\Container\\BoundMethod::callBoundMethod(Object(Laravel\\Lumen\\Application), Array, Object(Closure))
#14 C:\\Xamp\\php\\tantoy_sia1\\vendor\\illuminate\\container\\Container.php(651): Illuminate\\Container\\BoundMethod::call(Object(Laravel\\Lumen\\Application), Array, Array, NULL)
#15 C:\\Xamp\\php\\tantoy_sia1\\vendor\\laravel\\lumen-framework\\src\\Concerns\\RoutesRequests.php(389): Illuminate\\Container\\Container->call(Array, Array)
#16 C:\\Xamp\\php\\tantoy_sia1\\vendor\\laravel\\lumen-framework\\src\\Concerns\\RoutesRequests.php(355): Laravel\\Lumen\\Application->callControllerCallable(Array, Array)
#17 C:\\Xamp\\php\\tantoy_sia1\\vendor\\laravel\\lumen-framework\\src\\Concerns\\RoutesRequests.php(329): Laravel\\Lumen\\Application->callLumenController(Object(App\\Http\\Controllers\\UserController), 'index', Array)
#18 C:\\Xamp\\php\\tantoy_sia1\\vendor\\laravel\\lumen-framework\\src\\Concerns\\RoutesRequests.php(282): Laravel\\Lumen\\Application->callControllerAction(Array)
#19 C:\\Xamp\\php\\tantoy_sia1\\vendor\\laravel\\lumen-framework\\src\\Concerns\\RoutesRequests.php(267): Laravel\\Lumen\\Application->callActionOnArrayBasedRoute(Array)
#20 C:\\Xamp\\php\\tantoy_sia1\\vendor\\laravel\\lumen-framework\\src\\Concerns\\RoutesRequests.php(169): Laravel\\Lumen\\Application->handleFoundRoute(Array)
#21 C:\\Xamp\\php\\tantoy_sia1\\vendor\\laravel\\lumen-framework\\src\\Concerns\\RoutesRequests.php(429): Laravel\\Lumen\\Application->Laravel\\Lumen\\Concerns\\{closure}(Object(Laravel\\Lumen\\Http\\Request))
#22 C:\\Xamp\\php\\tantoy_sia1\\vendor\\laravel\\lumen-framework\\src\\Concerns\\RoutesRequests.php(175): Laravel\\Lumen\\Application->sendThroughPipeline(Array, Object(Closure))
#23 C:\\Xamp\\php\\tantoy_sia1\\vendor\\laravel\\lumen-framework\\src\\Concerns\\RoutesRequests.php(112): Laravel\\Lumen\\Application->dispatch(NULL)
#24 C:\\Xamp\\php\\tantoy_sia1\\public\\index.php(28): Laravel\\Lumen\\Application->run()
#25 {main}

[previous exception] [object] (PDOException(code: 2002): SQLSTATE[HY000] [2002] No connection could be made because the target machine actively refused it at C:\\Xamp\\php\\tantoy_sia1\\vendor\\illuminate\\database\\Connectors\\Connector.php:70)
[stacktrace]
#0 C:\\Xamp\\php\\tantoy_sia1\\vendor\\illuminate\\database\\Connectors\\Connector.php(70): PDO->__construct('mysql:host=127....', 'root', '', Array)
#1 C:\\Xamp\\php\\tantoy_sia1\\vendor\\illuminate\\database\\Connectors\\Connector.php(46): Illuminate\\Database\\Connectors\\Connector->createPdoConnection('mysql:host=127....', 'root', '', Array)
#2 C:\\Xamp\\php\\tantoy_sia1\\vendor\\illuminate\\database\\Connectors\\MySqlConnector.php(24): Illuminate\\Database\\Connectors\\Connector->createConnection('mysql:host=127....', Array, Array)
#3 C:\\Xamp\\php\\tantoy_sia1\\vendor\\illuminate\\database\\Connectors\\ConnectionFactory.php(184): Illuminate\\Database\\Connectors\\MySqlConnector->connect(Array)
#4 [internal function]: Illuminate\\Database\\Connectors\\ConnectionFactory->Illuminate\\Database\\Connectors\\{closure}()
#5 C:\\Xamp\\php\\tantoy_sia1\\vendor\\illuminate\\database\\Connection.php(1084): call_user_func(Object(Closure))
#6 C:\\Xamp\\php\\tantoy_sia1\\vendor\\illuminate\\database\\Connection.php(1120): Illuminate\\Database\\Connection->getPdo()
#7 C:\\Xamp\\php\\tantoy_sia1\\vendor\\illuminate\\database\\Connection.php(468): Illuminate\\Database\\Connection->getReadPdo()
#8 C:\\Xamp\\php\\tantoy_sia1\\vendor\\illuminate\\database\\Connection.php(396): Illuminate\\Database\\Connection->getPdoForSelect(true)
#9 C:\\Xamp\\php\\tantoy_sia1\\vendor\\illuminate\\database\\Connection.php(735): Illuminate\\Database\\Connection->Illuminate\\Database\\{closure}('select * from `...', Array)
#10 C:\\Xamp\\php\\tantoy_sia1\\vendor\\illuminate\\database\\Connection.php(702): Illuminate\\Database\\Connection->runQueryCallback('select * from `...', Array, Object(Closure))
#11 C:\\Xamp\\php\\tantoy_sia1\\vendor\\illuminate\\database\\Connection.php(404): Illuminate\\Database\\Connection->run('select * from `...', Array, Object(Closure))
#12 C:\\Xamp\\php\\tantoy_sia1\\vendor\\illuminate\\database\\Query\\Builder.php(2630): Illuminate\\Database\\Connection->select('select * from `...', Array, true)
#13 C:\\Xamp\\php\\tantoy_sia1\\vendor\\illuminate\\database\\Query\\Builder.php(2618): Illuminate\\Database\\Query\\Builder->runSelect()
#14 C:\\Xamp\\php\\tantoy_sia1\\vendor\\illuminate\\database\\Query\\Builder.php(3154): Illuminate\\Database\\Query\\Builder->Illuminate\\Database\\Query\\{closure}()
#15 C:\\Xamp\\php\\tantoy_sia1\\vendor\\illuminate\\database\\Query\\Builder.php(2619): Illuminate\\Database\\Query\\Builder->onceWithColumns(Array, Object(Closure))
#16 C:\\Xamp\\php\\tantoy_sia1\\vendor\\illuminate\\database\\Eloquent\\Builder.php(698): Illuminate\\Database\\Query\\Builder->get(Array)
#17 C:\\Xamp\\php\\tantoy_sia1\\vendor\\illuminate\\database\\Eloquent\\Builder.php(682): Illuminate\\Database\\Eloquent\\Builder->getModels(Array)
#18 C:\\Xamp\\php\\tantoy_sia1\\vendor\\illuminate\\database\\Eloquent\\Model.php(570): Illuminate\\Database\\Eloquent\\Builder->get(Array)
#19 C:\\Xamp\\php\\tantoy_sia1\\app\\Http\\Controllers\\Usercontroller.php(19): Illuminate\\Database\\Eloquent\\Model::all()
#20 C:\\Xamp\\php\\tantoy_sia1\\vendor\\illuminate\\container\\BoundMethod.php(36): App\\Http\\Controllers\\UserController->index()
#21 C:\\Xamp\\php\\tantoy_sia1\\vendor\\illuminate\\container\\Util.php(41): Illuminate\\Container\\BoundMethod::Illuminate\\Container\\{closure}()
#22 C:\\Xamp\\php\\tantoy_sia1\\vendor\\illuminate\\container\\BoundMethod.php(93): Illuminate\\Container\\Util::unwrapIfClosure(Object(Closure))
#23 C:\\Xamp\\php\\tantoy_sia1\\vendor\\illuminate\\container\\BoundMethod.php(37): Illuminate\\Container\\BoundMethod::callBoundMethod(Object(Laravel\\Lumen\\Application), Array, Object(Closure))
#24 C:\\Xamp\\php\\tantoy_sia1\\vendor\\illuminate\\container\\Container.php(651): Illuminate\\Container\\BoundMethod::call(Object(Laravel\\Lumen\\Application), Array, Array, NULL)
#25 C:\\Xamp\\php\\tantoy_sia1\\vendor\\laravel\\lumen-framework\\src\\Concerns\\RoutesRequests.php(389): Illuminate\\Container\\Container->call(Array, Array)
#26 C:\\Xamp\\php\\tantoy_sia1\\vendor\\laravel\\lumen-framework\\src\\Concerns\\RoutesRequests.php(355): Laravel\\Lumen\\Application->callControllerCallable(Array, Array)
#27 C:\\Xamp\\php\\tantoy_sia1\\vendor\\laravel\\lumen-framework\\src\\Concerns\\RoutesRequests.php(329): Laravel\\Lumen\\Application->callLumenController(Object(App\\Http\\Controllers\\UserController), 'index', Array)
#28 C:\\Xamp\\php\\tantoy_sia1\\vendor\\laravel\\lumen-framework\\src\\Concerns\\RoutesRequests.php(282): Laravel\\Lumen\\Application->callControllerAction(Array)
#29 C:\\Xamp\\php\\tantoy_sia1\\vendor\\laravel\\lumen-framework\\src\\Concerns\\RoutesRequests.php(267): Laravel\\Lumen\\Application->callActionOnArrayBasedRoute(Array)
#30 C:\\Xamp\\php\\tantoy_sia1\\vendor\\laravel\\lumen-framework\\src\\Concerns\\RoutesRequests.php(169): Laravel\\Lumen\\Application->handleFoundRoute(Array)
#31 C:\\Xamp\\php\\tantoy_sia1\\vendor\\laravel\\lumen-framework\\src\\Concerns\\RoutesRequests.php(429): Laravel\\Lumen\\Application->Laravel\\Lumen\\Concerns\\{closure}(Object(Laravel\\Lumen\\Http\\Request))
#32 C:\\Xamp\\php\\tantoy_sia1\\vendor\\laravel\\lumen-framework\\src\\Concerns\\RoutesRequests.php(175): Laravel\\Lumen\\Application->sendThroughPipeline(Array, Object(Closure))
#33 C:\\Xamp\\php\\tantoy_sia1\\vendor\\laravel\\lumen-framework\\src\\Concerns\\RoutesRequests.php(112): Laravel\\Lumen\\Application->dispatch(NULL)
#34 C:\\Xamp\\php\\tantoy_sia1\\public\\index.php(28): Laravel\\Lumen\\Application->run()
#35 {main}
"} 
