[2022-06-01 13:48:21] local.ERROR: SQLSTATE[42S22]: Column not found: 1054 Unknown column 'tbluser.id' in 'where clause' (SQL: select * from `tbluser` where `tbluser`.`id` = 2 limit 1) {"exception":"[object] (Illuminate\\Database\\QueryException(code: 42S22): SQLSTATE[42S22]: Column not found: 1054 Unknown column 'tbluser.id' in 'where clause' (SQL: select * from `tbluser` where `tbluser`.`id` = 2 limit 1) at C:\\Xamp\\php\\tantoy_sia1\\vendor\\illuminate\\database\\Connection.php:742)
[stacktrace]
#0 C:\\Xamp\\php\\tantoy_sia1\\vendor\\illuminate\\database\\Connection.php(702): Illuminate\\Database\\Connection->runQueryCallback('select * from `...', Array, Object(Closure))
#1 C:\\Xamp\\php\\tantoy_sia1\\vendor\\illuminate\\database\\Connection.php(404): Illuminate\\Database\\Connection->run('select * from `...', Array, Object(Closure))
#2 C:\\Xamp\\php\\tantoy_sia1\\vendor\\illuminate\\database\\Query\\Builder.php(2630): Illuminate\\Database\\Connection->select('select * from `...', Array, true)
#3 C:\\Xamp\\php\\tantoy_sia1\\vendor\\illuminate\\database\\Query\\Builder.php(2618): Illuminate\\Database\\Query\\Builder->runSelect()
#4 C:\\Xamp\\php\\tantoy_sia1\\vendor\\illuminate\\database\\Query\\Builder.php(3154): Illuminate\\Database\\Query\\Builder->Illuminate\\Database\\Query\\{closure}()
#5 C:\\Xamp\\php\\tantoy_sia1\\vendor\\illuminate\\database\\Query\\Builder.php(2619): Illuminate\\Database\\Query\\Builder->onceWithColumns(Array, Object(Closure))
#6 C:\\Xamp\\php\\tantoy_sia1\\vendor\\illuminate\\database\\Eloquent\\Builder.php(698): Illuminate\\Database\\Query\\Builder->get(Array)
#7 C:\\Xamp\\php\\tantoy_sia1\\vendor\\illuminate\\database\\Eloquent\\Builder.php(682): Illuminate\\Database\\Eloquent\\Builder->getModels(Array)
#8 C:\\Xamp\\php\\tantoy_sia1\\vendor\\illuminate\\database\\Concerns\\BuildsQueries.php(296): Illuminate\\Database\\Eloquent\\Builder->get(Array)
#9 C:\\Xamp\\php\\tantoy_sia1\\vendor\\illuminate\\database\\Eloquent\\Builder.php(430): Illuminate\\Database\\Eloquent\\Builder->first(Array)
#10 C:\\Xamp\\php\\tantoy_sia1\\vendor\\illuminate\\database\\Eloquent\\Builder.php(462): Illuminate\\Database\\Eloquent\\Builder->find('2', Array)
#11 C:\\Xamp\\php\\tantoy_sia1\\vendor\\illuminate\\support\\Traits\\ForwardsCalls.php(23): Illuminate\\Database\\Eloquent\\Builder->findOrFail('2')
#12 C:\\Xamp\\php\\tantoy_sia1\\vendor\\illuminate\\database\\Eloquent\\Model.php(2163): Illuminate\\Database\\Eloquent\\Model->forwardCallTo(Object(Illuminate\\Database\\Eloquent\\Builder), 'findOrFail', Array)
#13 C:\\Xamp\\php\\tantoy_sia1\\vendor\\illuminate\\database\\Eloquent\\Model.php(2175): Illuminate\\Database\\Eloquent\\Model->__call('findOrFail', Array)
#14 C:\\Xamp\\php\\tantoy_sia1\\app\\Http\\Controllers\\Usercontroller.php(64): Illuminate\\Database\\Eloquent\\Model::__callStatic('findOrFail', Array)
#15 C:\\Xamp\\php\\tantoy_sia1\\vendor\\illuminate\\container\\BoundMethod.php(36): App\\Http\\Controllers\\UserController->update(Object(Laravel\\Lumen\\Http\\Request), '2')
#16 C:\\Xamp\\php\\tantoy_sia1\\vendor\\illuminate\\container\\Util.php(41): Illuminate\\Container\\BoundMethod::Illuminate\\Container\\{closure}()
#17 C:\\Xamp\\php\\tantoy_sia1\\vendor\\illuminate\\container\\BoundMethod.php(93): Illuminate\\Container\\Util::unwrapIfClosure(Object(Closure))
#18 C:\\Xamp\\php\\tantoy_sia1\\vendor\\illuminate\\container\\BoundMethod.php(37): Illuminate\\Container\\BoundMethod::callBoundMethod(Object(Laravel\\Lumen\\Application), Array, Object(Closure))
#19 C:\\Xamp\\php\\tantoy_sia1\\vendor\\illuminate\\container\\Container.php(651): Illuminate\\Container\\BoundMethod::call(Object(Laravel\\Lumen\\Application), Array, Array, NULL)
#20 C:\\Xamp\\php\\tantoy_sia1\\vendor\\laravel\\lumen-framework\\src\\Concerns\\RoutesRequests.php(389): Illuminate\\Container\\Container->call(Array, Array)
#21 C:\\Xamp\\php\\tantoy_sia1\\vendor\\laravel\\lumen-framework\\src\\Concerns\\RoutesRequests.php(355): Laravel\\Lumen\\Application->callControllerCallable(Array, Array)
#22 C:\\Xamp\\php\\tantoy_sia1\\vendor\\laravel\\lumen-framework\\src\\Concerns\\RoutesRequests.php(329): Laravel\\Lumen\\Application->callLumenController(Object(App\\Http\\Controllers\\UserController), 'update', Array)
#23 C:\\Xamp\\php\\tantoy_sia1\\vendor\\laravel\\lumen-framework\\src\\Concerns\\RoutesRequests.php(282): Laravel\\Lumen\\Application->callControllerAction(Array)
#24 C:\\Xamp\\php\\tantoy_sia1\\vendor\\laravel\\lumen-framework\\src\\Concerns\\RoutesRequests.php(267): Laravel\\Lumen\\Application->callActionOnArrayBasedRoute(Array)
#25 C:\\Xamp\\php\\tantoy_sia1\\vendor\\laravel\\lumen-framework\\src\\Concerns\\RoutesRequests.php(237): Laravel\\Lumen\\Application->handleFoundRoute(Array)
#26 C:\\Xamp\\php\\tantoy_sia1\\vendor\\laravel\\lumen-framework\\src\\Concerns\\RoutesRequests.php(173): Laravel\\Lumen\\Application->handleDispatcherResponse(Array)
#27 C:\\Xamp\\php\\tantoy_sia1\\vendor\\laravel\\lumen-framework\\src\\Concerns\\RoutesRequests.php(429): Laravel\\Lumen\\Application->Laravel\\Lumen\\Concerns\\{closure}(Object(Laravel\\Lumen\\Http\\Request))
#28 C:\\Xamp\\php\\tantoy_sia1\\vendor\\laravel\\lumen-framework\\src\\Concerns\\RoutesRequests.php(175): Laravel\\Lumen\\Application->sendThroughPipeline(Array, Object(Closure))
#29 C:\\Xamp\\php\\tantoy_sia1\\vendor\\laravel\\lumen-framework\\src\\Concerns\\RoutesRequests.php(112): Laravel\\Lumen\\Application->dispatch(NULL)
#30 C:\\Xamp\\php\\tantoy_sia1\\public\\index.php(28): Laravel\\Lumen\\Application->run()
#31 {main}

[previous exception] [object] (PDOException(code: 42S22): SQLSTATE[42S22]: Column not found: 1054 Unknown column 'tbluser.id' in 'where clause' at C:\\Xamp\\php\\tantoy_sia1\\vendor\\illuminate\\database\\Connection.php:396)
[stacktrace]
#0 C:\\Xamp\\php\\tantoy_sia1\\vendor\\illuminate\\database\\Connection.php(396): PDO->prepare('select * from `...')
#1 C:\\Xamp\\php\\tantoy_sia1\\vendor\\illuminate\\database\\Connection.php(735): Illuminate\\Database\\Connection->Illuminate\\Database\\{closure}('select * from `...', Array)
#2 C:\\Xamp\\php\\tantoy_sia1\\vendor\\illuminate\\database\\Connection.php(702): Illuminate\\Database\\Connection->runQueryCallback('select * from `...', Array, Object(Closure))
#3 C:\\Xamp\\php\\tantoy_sia1\\vendor\\illuminate\\database\\Connection.php(404): Illuminate\\Database\\Connection->run('select * from `...', Array, Object(Closure))
#4 C:\\Xamp\\php\\tantoy_sia1\\vendor\\illuminate\\database\\Query\\Builder.php(2630): Illuminate\\Database\\Connection->select('select * from `...', Array, true)
#5 C:\\Xamp\\php\\tantoy_sia1\\vendor\\illuminate\\database\\Query\\Builder.php(2618): Illuminate\\Database\\Query\\Builder->runSelect()
#6 C:\\Xamp\\php\\tantoy_sia1\\vendor\\illuminate\\database\\Query\\Builder.php(3154): Illuminate\\Database\\Query\\Builder->Illuminate\\Database\\Query\\{closure}()
#7 C:\\Xamp\\php\\tantoy_sia1\\vendor\\illuminate\\database\\Query\\Builder.php(2619): Illuminate\\Database\\Query\\Builder->onceWithColumns(Array, Object(Closure))
#8 C:\\Xamp\\php\\tantoy_sia1\\vendor\\illuminate\\database\\Eloquent\\Builder.php(698): Illuminate\\Database\\Query\\Builder->get(Array)
#9 C:\\Xamp\\php\\tantoy_sia1\\vendor\\illuminate\\database\\Eloquent\\Builder.php(682): Illuminate\\Database\\Eloquent\\Builder->getModels(Array)
#10 C:\\Xamp\\php\\tantoy_sia1\\vendor\\illuminate\\database\\Concerns\\BuildsQueries.php(296): Illuminate\\Database\\Eloquent\\Builder->get(Array)
#11 C:\\Xamp\\php\\tantoy_sia1\\vendor\\illuminate\\database\\Eloquent\\Builder.php(430): Illuminate\\Database\\Eloquent\\Builder->first(Array)
#12 C:\\Xamp\\php\\tantoy_sia1\\vendor\\illuminate\\database\\Eloquent\\Builder.php(462): Illuminate\\Database\\Eloquent\\Builder->find('2', Array)
#13 C:\\Xamp\\php\\tantoy_sia1\\vendor\\illuminate\\support\\Traits\\ForwardsCalls.php(23): Illuminate\\Database\\Eloquent\\Builder->findOrFail('2')
#14 C:\\Xamp\\php\\tantoy_sia1\\vendor\\illuminate\\database\\Eloquent\\Model.php(2163): Illuminate\\Database\\Eloquent\\Model->forwardCallTo(Object(Illuminate\\Database\\Eloquent\\Builder), 'findOrFail', Array)
#15 C:\\Xamp\\php\\tantoy_sia1\\vendor\\illuminate\\database\\Eloquent\\Model.php(2175): Illuminate\\Database\\Eloquent\\Model->__call('findOrFail', Array)
#16 C:\\Xamp\\php\\tantoy_sia1\\app\\Http\\Controllers\\Usercontroller.php(64): Illuminate\\Database\\Eloquent\\Model::__callStatic('findOrFail', Array)
#17 C:\\Xamp\\php\\tantoy_sia1\\vendor\\illuminate\\container\\BoundMethod.php(36): App\\Http\\Controllers\\UserController->update(Object(Laravel\\Lumen\\Http\\Request), '2')
#18 C:\\Xamp\\php\\tantoy_sia1\\vendor\\illuminate\\container\\Util.php(41): Illuminate\\Container\\BoundMethod::Illuminate\\Container\\{closure}()
#19 C:\\Xamp\\php\\tantoy_sia1\\vendor\\illuminate\\container\\BoundMethod.php(93): Illuminate\\Container\\Util::unwrapIfClosure(Object(Closure))
#20 C:\\Xamp\\php\\tantoy_sia1\\vendor\\illuminate\\container\\BoundMethod.php(37): Illuminate\\Container\\BoundMethod::callBoundMethod(Object(Laravel\\Lumen\\Application), Array, Object(Closure))
#21 C:\\Xamp\\php\\tantoy_sia1\\vendor\\illuminate\\container\\Container.php(651): Illuminate\\Container\\BoundMethod::call(Object(Laravel\\Lumen\\Application), Array, Array, NULL)
#22 C:\\Xamp\\php\\tantoy_sia1\\vendor\\laravel\\lumen-framework\\src\\Concerns\\RoutesRequests.php(389): Illuminate\\Container\\Container->call(Array, Array)
#23 C:\\Xamp\\php\\tantoy_sia1\\vendor\\laravel\\lumen-framework\\src\\Concerns\\RoutesRequests.php(355): Laravel\\Lumen\\Application->callControllerCallable(Array, Array)
#24 C:\\Xamp\\php\\tantoy_sia1\\vendor\\laravel\\lumen-framework\\src\\Concerns\\RoutesRequests.php(329): Laravel\\Lumen\\Application->callLumenController(Object(App\\Http\\Controllers\\UserController), 'update', Array)
#25 C:\\Xamp\\php\\tantoy_sia1\\vendor\\laravel\\lumen-framework\\src\\Concerns\\RoutesRequests.php(282): Laravel\\Lumen\\Application->callControllerAction(Array)
#26 C:\\Xamp\\php\\tantoy_sia1\\vendor\\laravel\\lumen-framework\\src\\Concerns\\RoutesRequests.php(267): Laravel\\Lumen\\Application->callActionOnArrayBasedRoute(Array)
#27 C:\\Xamp\\php\\tantoy_sia1\\vendor\\laravel\\lumen-framework\\src\\Concerns\\RoutesRequests.php(237): Laravel\\Lumen\\Application->handleFoundRoute(Array)
#28 C:\\Xamp\\php\\tantoy_sia1\\vendor\\laravel\\lumen-framework\\src\\Concerns\\RoutesRequests.php(173): Laravel\\Lumen\\Application->handleDispatcherResponse(Array)
#29 C:\\Xamp\\php\\tantoy_sia1\\vendor\\laravel\\lumen-framework\\src\\Concerns\\RoutesRequests.php(429): Laravel\\Lumen\\Application->Laravel\\Lumen\\Concerns\\{closure}(Object(Laravel\\Lumen\\Http\\Request))
#30 C:\\Xamp\\php\\tantoy_sia1\\vendor\\laravel\\lumen-framework\\src\\Concerns\\RoutesRequests.php(175): Laravel\\Lumen\\Application->sendThroughPipeline(Array, Object(Closure))
#31 C:\\Xamp\\php\\tantoy_sia1\\vendor\\laravel\\lumen-framework\\src\\Concerns\\RoutesRequests.php(112): Laravel\\Lumen\\Application->dispatch(NULL)
#32 C:\\Xamp\\php\\tantoy_sia1\\public\\index.php(28): Laravel\\Lumen\\Application->run()
#33 {main}
"} 
[2022-06-01 13:49:34] local.ERROR: SQLSTATE[42S22]: Column not found: 1054 Unknown column 'tbluser.id' in 'where clause' (SQL: select * from `tbluser` where `tbluser`.`id` = 3 limit 1) {"exception":"[object] (Illuminate\\Database\\QueryException(code: 42S22): SQLSTATE[42S22]: Column not found: 1054 Unknown column 'tbluser.id' in 'where clause' (SQL: select * from `tbluser` where `tbluser`.`id` = 3 limit 1) at C:\\Xamp\\php\\tantoy_sia1\\vendor\\illuminate\\database\\Connection.php:742)
[stacktrace]
#0 C:\\Xamp\\php\\tantoy_sia1\\vendor\\illuminate\\database\\Connection.php(702): Illuminate\\Database\\Connection->runQueryCallback('select * from `...', Array, Object(Closure))
#1 C:\\Xamp\\php\\tantoy_sia1\\vendor\\illuminate\\database\\Connection.php(404): Illuminate\\Database\\Connection->run('select * from `...', Array, Object(Closure))
#2 C:\\Xamp\\php\\tantoy_sia1\\vendor\\illuminate\\database\\Query\\Builder.php(2630): Illuminate\\Database\\Connection->select('select * from `...', Array, true)
#3 C:\\Xamp\\php\\tantoy_sia1\\vendor\\illuminate\\database\\Query\\Builder.php(2618): Illuminate\\Database\\Query\\Builder->runSelect()
#4 C:\\Xamp\\php\\tantoy_sia1\\vendor\\illuminate\\database\\Query\\Builder.php(3154): Illuminate\\Database\\Query\\Builder->Illuminate\\Database\\Query\\{closure}()
#5 C:\\Xamp\\php\\tantoy_sia1\\vendor\\illuminate\\database\\Query\\Builder.php(2619): Illuminate\\Database\\Query\\Builder->onceWithColumns(Array, Object(Closure))
#6 C:\\Xamp\\php\\tantoy_sia1\\vendor\\illuminate\\database\\Eloquent\\Builder.php(698): Illuminate\\Database\\Query\\Builder->get(Array)
#7 C:\\Xamp\\php\\tantoy_sia1\\vendor\\illuminate\\database\\Eloquent\\Builder.php(682): Illuminate\\Database\\Eloquent\\Builder->getModels(Array)
#8 C:\\Xamp\\php\\tantoy_sia1\\vendor\\illuminate\\database\\Concerns\\BuildsQueries.php(296): Illuminate\\Database\\Eloquent\\Builder->get(Array)
#9 C:\\Xamp\\php\\tantoy_sia1\\vendor\\illuminate\\database\\Eloquent\\Builder.php(430): Illuminate\\Database\\Eloquent\\Builder->first(Array)
#10 C:\\Xamp\\php\\tantoy_sia1\\vendor\\illuminate\\database\\Eloquent\\Builder.php(462): Illuminate\\Database\\Eloquent\\Builder->find('3', Array)
#11 C:\\Xamp\\php\\tantoy_sia1\\vendor\\illuminate\\support\\Traits\\ForwardsCalls.php(23): Illuminate\\Database\\Eloquent\\Builder->findOrFail('3')
#12 C:\\Xamp\\php\\tantoy_sia1\\vendor\\illuminate\\database\\Eloquent\\Model.php(2163): Illuminate\\Database\\Eloquent\\Model->forwardCallTo(Object(Illuminate\\Database\\Eloquent\\Builder), 'findOrFail', Array)
#13 C:\\Xamp\\php\\tantoy_sia1\\vendor\\illuminate\\database\\Eloquent\\Model.php(2175): Illuminate\\Database\\Eloquent\\Model->__call('findOrFail', Array)
#14 C:\\Xamp\\php\\tantoy_sia1\\app\\Http\\Controllers\\Usercontroller.php(64): Illuminate\\Database\\Eloquent\\Model::__callStatic('findOrFail', Array)
#15 C:\\Xamp\\php\\tantoy_sia1\\vendor\\illuminate\\container\\BoundMethod.php(36): App\\Http\\Controllers\\UserController->update(Object(Laravel\\Lumen\\Http\\Request), '3')
#16 C:\\Xamp\\php\\tantoy_sia1\\vendor\\illuminate\\container\\Util.php(41): Illuminate\\Container\\BoundMethod::Illuminate\\Container\\{closure}()
#17 C:\\Xamp\\php\\tantoy_sia1\\vendor\\illuminate\\container\\BoundMethod.php(93): Illuminate\\Container\\Util::unwrapIfClosure(Object(Closure))
#18 C:\\Xamp\\php\\tantoy_sia1\\vendor\\illuminate\\container\\BoundMethod.php(37): Illuminate\\Container\\BoundMethod::callBoundMethod(Object(Laravel\\Lumen\\Application), Array, Object(Closure))
#19 C:\\Xamp\\php\\tantoy_sia1\\vendor\\illuminate\\container\\Container.php(651): Illuminate\\Container\\BoundMethod::call(Object(Laravel\\Lumen\\Application), Array, Array, NULL)
#20 C:\\Xamp\\php\\tantoy_sia1\\vendor\\laravel\\lumen-framework\\src\\Concerns\\RoutesRequests.php(389): Illuminate\\Container\\Container->call(Array, Array)
#21 C:\\Xamp\\php\\tantoy_sia1\\vendor\\laravel\\lumen-framework\\src\\Concerns\\RoutesRequests.php(355): Laravel\\Lumen\\Application->callControllerCallable(Array, Array)
#22 C:\\Xamp\\php\\tantoy_sia1\\vendor\\laravel\\lumen-framework\\src\\Concerns\\RoutesRequests.php(329): Laravel\\Lumen\\Application->callLumenController(Object(App\\Http\\Controllers\\UserController), 'update', Array)
#23 C:\\Xamp\\php\\tantoy_sia1\\vendor\\laravel\\lumen-framework\\src\\Concerns\\RoutesRequests.php(282): Laravel\\Lumen\\Application->callControllerAction(Array)
#24 C:\\Xamp\\php\\tantoy_sia1\\vendor\\laravel\\lumen-framework\\src\\Concerns\\RoutesRequests.php(267): Laravel\\Lumen\\Application->callActionOnArrayBasedRoute(Array)
#25 C:\\Xamp\\php\\tantoy_sia1\\vendor\\laravel\\lumen-framework\\src\\Concerns\\RoutesRequests.php(237): Laravel\\Lumen\\Application->handleFoundRoute(Array)
#26 C:\\Xamp\\php\\tantoy_sia1\\vendor\\laravel\\lumen-framework\\src\\Concerns\\RoutesRequests.php(173): Laravel\\Lumen\\Application->handleDispatcherResponse(Array)
#27 C:\\Xamp\\php\\tantoy_sia1\\vendor\\laravel\\lumen-framework\\src\\Concerns\\RoutesRequests.php(429): Laravel\\Lumen\\Application->Laravel\\Lumen\\Concerns\\{closure}(Object(Laravel\\Lumen\\Http\\Request))
#28 C:\\Xamp\\php\\tantoy_sia1\\vendor\\laravel\\lumen-framework\\src\\Concerns\\RoutesRequests.php(175): Laravel\\Lumen\\Application->sendThroughPipeline(Array, Object(Closure))
#29 C:\\Xamp\\php\\tantoy_sia1\\vendor\\laravel\\lumen-framework\\src\\Concerns\\RoutesRequests.php(112): Laravel\\Lumen\\Application->dispatch(NULL)
#30 C:\\Xamp\\php\\tantoy_sia1\\public\\index.php(28): Laravel\\Lumen\\Application->run()
#31 {main}

[previous exception] [object] (PDOException(code: 42S22): SQLSTATE[42S22]: Column not found: 1054 Unknown column 'tbluser.id' in 'where clause' at C:\\Xamp\\php\\tantoy_sia1\\vendor\\illuminate\\database\\Connection.php:396)
[stacktrace]
#0 C:\\Xamp\\php\\tantoy_sia1\\vendor\\illuminate\\database\\Connection.php(396): PDO->prepare('select * from `...')
#1 C:\\Xamp\\php\\tantoy_sia1\\vendor\\illuminate\\database\\Connection.php(735): Illuminate\\Database\\Connection->Illuminate\\Database\\{closure}('select * from `...', Array)
#2 C:\\Xamp\\php\\tantoy_sia1\\vendor\\illuminate\\database\\Connection.php(702): Illuminate\\Database\\Connection->runQueryCallback('select * from `...', Array, Object(Closure))
#3 C:\\Xamp\\php\\tantoy_sia1\\vendor\\illuminate\\database\\Connection.php(404): Illuminate\\Database\\Connection->run('select * from `...', Array, Object(Closure))
#4 C:\\Xamp\\php\\tantoy_sia1\\vendor\\illuminate\\database\\Query\\Builder.php(2630): Illuminate\\Database\\Connection->select('select * from `...', Array, true)
#5 C:\\Xamp\\php\\tantoy_sia1\\vendor\\illuminate\\database\\Query\\Builder.php(2618): Illuminate\\Database\\Query\\Builder->runSelect()
#6 C:\\Xamp\\php\\tantoy_sia1\\vendor\\illuminate\\database\\Query\\Builder.php(3154): Illuminate\\Database\\Query\\Builder->Illuminate\\Database\\Query\\{closure}()
#7 C:\\Xamp\\php\\tantoy_sia1\\vendor\\illuminate\\database\\Query\\Builder.php(2619): Illuminate\\Database\\Query\\Builder->onceWithColumns(Array, Object(Closure))
#8 C:\\Xamp\\php\\tantoy_sia1\\vendor\\illuminate\\database\\Eloquent\\Builder.php(698): Illuminate\\Database\\Query\\Builder->get(Array)
#9 C:\\Xamp\\php\\tantoy_sia1\\vendor\\illuminate\\database\\Eloquent\\Builder.php(682): Illuminate\\Database\\Eloquent\\Builder->getModels(Array)
#10 C:\\Xamp\\php\\tantoy_sia1\\vendor\\illuminate\\database\\Concerns\\BuildsQueries.php(296): Illuminate\\Database\\Eloquent\\Builder->get(Array)
#11 C:\\Xamp\\php\\tantoy_sia1\\vendor\\illuminate\\database\\Eloquent\\Builder.php(430): Illuminate\\Database\\Eloquent\\Builder->first(Array)
#12 C:\\Xamp\\php\\tantoy_sia1\\vendor\\illuminate\\database\\Eloquent\\Builder.php(462): Illuminate\\Database\\Eloquent\\Builder->find('3', Array)
#13 C:\\Xamp\\php\\tantoy_sia1\\vendor\\illuminate\\support\\Traits\\ForwardsCalls.php(23): Illuminate\\Database\\Eloquent\\Builder->findOrFail('3')
#14 C:\\Xamp\\php\\tantoy_sia1\\vendor\\illuminate\\database\\Eloquent\\Model.php(2163): Illuminate\\Database\\Eloquent\\Model->forwardCallTo(Object(Illuminate\\Database\\Eloquent\\Builder), 'findOrFail', Array)
#15 C:\\Xamp\\php\\tantoy_sia1\\vendor\\illuminate\\database\\Eloquent\\Model.php(2175): Illuminate\\Database\\Eloquent\\Model->__call('findOrFail', Array)
#16 C:\\Xamp\\php\\tantoy_sia1\\app\\Http\\Controllers\\Usercontroller.php(64): Illuminate\\Database\\Eloquent\\Model::__callStatic('findOrFail', Array)
#17 C:\\Xamp\\php\\tantoy_sia1\\vendor\\illuminate\\container\\BoundMethod.php(36): App\\Http\\Controllers\\UserController->update(Object(Laravel\\Lumen\\Http\\Request), '3')
#18 C:\\Xamp\\php\\tantoy_sia1\\vendor\\illuminate\\container\\Util.php(41): Illuminate\\Container\\BoundMethod::Illuminate\\Container\\{closure}()
#19 C:\\Xamp\\php\\tantoy_sia1\\vendor\\illuminate\\container\\BoundMethod.php(93): Illuminate\\Container\\Util::unwrapIfClosure(Object(Closure))
#20 C:\\Xamp\\php\\tantoy_sia1\\vendor\\illuminate\\container\\BoundMethod.php(37): Illuminate\\Container\\BoundMethod::callBoundMethod(Object(Laravel\\Lumen\\Application), Array, Object(Closure))
#21 C:\\Xamp\\php\\tantoy_sia1\\vendor\\illuminate\\container\\Container.php(651): Illuminate\\Container\\BoundMethod::call(Object(Laravel\\Lumen\\Application), Array, Array, NULL)
#22 C:\\Xamp\\php\\tantoy_sia1\\vendor\\laravel\\lumen-framework\\src\\Concerns\\RoutesRequests.php(389): Illuminate\\Container\\Container->call(Array, Array)
#23 C:\\Xamp\\php\\tantoy_sia1\\vendor\\laravel\\lumen-framework\\src\\Concerns\\RoutesRequests.php(355): Laravel\\Lumen\\Application->callControllerCallable(Array, Array)
#24 C:\\Xamp\\php\\tantoy_sia1\\vendor\\laravel\\lumen-framework\\src\\Concerns\\RoutesRequests.php(329): Laravel\\Lumen\\Application->callLumenController(Object(App\\Http\\Controllers\\UserController), 'update', Array)
#25 C:\\Xamp\\php\\tantoy_sia1\\vendor\\laravel\\lumen-framework\\src\\Concerns\\RoutesRequests.php(282): Laravel\\Lumen\\Application->callControllerAction(Array)
#26 C:\\Xamp\\php\\tantoy_sia1\\vendor\\laravel\\lumen-framework\\src\\Concerns\\RoutesRequests.php(267): Laravel\\Lumen\\Application->callActionOnArrayBasedRoute(Array)
#27 C:\\Xamp\\php\\tantoy_sia1\\vendor\\laravel\\lumen-framework\\src\\Concerns\\RoutesRequests.php(237): Laravel\\Lumen\\Application->handleFoundRoute(Array)
#28 C:\\Xamp\\php\\tantoy_sia1\\vendor\\laravel\\lumen-framework\\src\\Concerns\\RoutesRequests.php(173): Laravel\\Lumen\\Application->handleDispatcherResponse(Array)
#29 C:\\Xamp\\php\\tantoy_sia1\\vendor\\laravel\\lumen-framework\\src\\Concerns\\RoutesRequests.php(429): Laravel\\Lumen\\Application->Laravel\\Lumen\\Concerns\\{closure}(Object(Laravel\\Lumen\\Http\\Request))
#30 C:\\Xamp\\php\\tantoy_sia1\\vendor\\laravel\\lumen-framework\\src\\Concerns\\RoutesRequests.php(175): Laravel\\Lumen\\Application->sendThroughPipeline(Array, Object(Closure))
#31 C:\\Xamp\\php\\tantoy_sia1\\vendor\\laravel\\lumen-framework\\src\\Concerns\\RoutesRequests.php(112): Laravel\\Lumen\\Application->dispatch(NULL)
#32 C:\\Xamp\\php\\tantoy_sia1\\public\\index.php(28): Laravel\\Lumen\\Application->run()
#33 {main}
"} 
[2022-06-01 13:50:01] local.ERROR: SQLSTATE[42S22]: Column not found: 1054 Unknown column 'tbluser.id' in 'where clause' (SQL: select * from `tbluser` where `tbluser`.`id` = 3 limit 1) {"exception":"[object] (Illuminate\\Database\\QueryException(code: 42S22): SQLSTATE[42S22]: Column not found: 1054 Unknown column 'tbluser.id' in 'where clause' (SQL: select * from `tbluser` where `tbluser`.`id` = 3 limit 1) at C:\\Xamp\\php\\tantoy_sia1\\vendor\\illuminate\\database\\Connection.php:742)
[stacktrace]
#0 C:\\Xamp\\php\\tantoy_sia1\\vendor\\illuminate\\database\\Connection.php(702): Illuminate\\Database\\Connection->runQueryCallback('select * from `...', Array, Object(Closure))
#1 C:\\Xamp\\php\\tantoy_sia1\\vendor\\illuminate\\database\\Connection.php(404): Illuminate\\Database\\Connection->run('select * from `...', Array, Object(Closure))
#2 C:\\Xamp\\php\\tantoy_sia1\\vendor\\illuminate\\database\\Query\\Builder.php(2630): Illuminate\\Database\\Connection->select('select * from `...', Array, true)
#3 C:\\Xamp\\php\\tantoy_sia1\\vendor\\illuminate\\database\\Query\\Builder.php(2618): Illuminate\\Database\\Query\\Builder->runSelect()
#4 C:\\Xamp\\php\\tantoy_sia1\\vendor\\illuminate\\database\\Query\\Builder.php(3154): Illuminate\\Database\\Query\\Builder->Illuminate\\Database\\Query\\{closure}()
#5 C:\\Xamp\\php\\tantoy_sia1\\vendor\\illuminate\\database\\Query\\Builder.php(2619): Illuminate\\Database\\Query\\Builder->onceWithColumns(Array, Object(Closure))
#6 C:\\Xamp\\php\\tantoy_sia1\\vendor\\illuminate\\database\\Eloquent\\Builder.php(698): Illuminate\\Database\\Query\\Builder->get(Array)
#7 C:\\Xamp\\php\\tantoy_sia1\\vendor\\illuminate\\database\\Eloquent\\Builder.php(682): Illuminate\\Database\\Eloquent\\Builder->getModels(Array)
#8 C:\\Xamp\\php\\tantoy_sia1\\vendor\\illuminate\\database\\Concerns\\BuildsQueries.php(296): Illuminate\\Database\\Eloquent\\Builder->get(Array)
#9 C:\\Xamp\\php\\tantoy_sia1\\vendor\\illuminate\\database\\Eloquent\\Builder.php(430): Illuminate\\Database\\Eloquent\\Builder->first(Array)
#10 C:\\Xamp\\php\\tantoy_sia1\\vendor\\illuminate\\database\\Eloquent\\Builder.php(462): Illuminate\\Database\\Eloquent\\Builder->find('3', Array)
#11 C:\\Xamp\\php\\tantoy_sia1\\vendor\\illuminate\\support\\Traits\\ForwardsCalls.php(23): Illuminate\\Database\\Eloquent\\Builder->findOrFail('3')
#12 C:\\Xamp\\php\\tantoy_sia1\\vendor\\illuminate\\database\\Eloquent\\Model.php(2163): Illuminate\\Database\\Eloquent\\Model->forwardCallTo(Object(Illuminate\\Database\\Eloquent\\Builder), 'findOrFail', Array)
#13 C:\\Xamp\\php\\tantoy_sia1\\vendor\\illuminate\\database\\Eloquent\\Model.php(2175): Illuminate\\Database\\Eloquent\\Model->__call('findOrFail', Array)
#14 C:\\Xamp\\php\\tantoy_sia1\\app\\Http\\Controllers\\Usercontroller.php(37): Illuminate\\Database\\Eloquent\\Model::__callStatic('findOrFail', Array)
#15 C:\\Xamp\\php\\tantoy_sia1\\vendor\\illuminate\\container\\BoundMethod.php(36): App\\Http\\Controllers\\UserController->show('3')
#16 C:\\Xamp\\php\\tantoy_sia1\\vendor\\illuminate\\container\\Util.php(41): Illuminate\\Container\\BoundMethod::Illuminate\\Container\\{closure}()
#17 C:\\Xamp\\php\\tantoy_sia1\\vendor\\illuminate\\container\\BoundMethod.php(93): Illuminate\\Container\\Util::unwrapIfClosure(Object(Closure))
#18 C:\\Xamp\\php\\tantoy_sia1\\vendor\\illuminate\\container\\BoundMethod.php(37): Illuminate\\Container\\BoundMethod::callBoundMethod(Object(Laravel\\Lumen\\Application), Array, Object(Closure))
#19 C:\\Xamp\\php\\tantoy_sia1\\vendor\\illuminate\\container\\Container.php(651): Illuminate\\Container\\BoundMethod::call(Object(Laravel\\Lumen\\Application), Array, Array, NULL)
#20 C:\\Xamp\\php\\tantoy_sia1\\vendor\\laravel\\lumen-framework\\src\\Concerns\\RoutesRequests.php(389): Illuminate\\Container\\Container->call(Array, Array)
#21 C:\\Xamp\\php\\tantoy_sia1\\vendor\\laravel\\lumen-framework\\src\\Concerns\\RoutesRequests.php(355): Laravel\\Lumen\\Application->callControllerCallable(Array, Array)
#22 C:\\Xamp\\php\\tantoy_sia1\\vendor\\laravel\\lumen-framework\\src\\Concerns\\RoutesRequests.php(329): Laravel\\Lumen\\Application->callLumenController(Object(App\\Http\\Controllers\\UserController), 'show', Array)
#23 C:\\Xamp\\php\\tantoy_sia1\\vendor\\laravel\\lumen-framework\\src\\Concerns\\RoutesRequests.php(282): Laravel\\Lumen\\Application->callControllerAction(Array)
#24 C:\\Xamp\\php\\tantoy_sia1\\vendor\\laravel\\lumen-framework\\src\\Concerns\\RoutesRequests.php(267): Laravel\\Lumen\\Application->callActionOnArrayBasedRoute(Array)
#25 C:\\Xamp\\php\\tantoy_sia1\\vendor\\laravel\\lumen-framework\\src\\Concerns\\RoutesRequests.php(237): Laravel\\Lumen\\Application->handleFoundRoute(Array)
#26 C:\\Xamp\\php\\tantoy_sia1\\vendor\\laravel\\lumen-framework\\src\\Concerns\\RoutesRequests.php(173): Laravel\\Lumen\\Application->handleDispatcherResponse(Array)
#27 C:\\Xamp\\php\\tantoy_sia1\\vendor\\laravel\\lumen-framework\\src\\Concerns\\RoutesRequests.php(429): Laravel\\Lumen\\Application->Laravel\\Lumen\\Concerns\\{closure}(Object(Laravel\\Lumen\\Http\\Request))
#28 C:\\Xamp\\php\\tantoy_sia1\\vendor\\laravel\\lumen-framework\\src\\Concerns\\RoutesRequests.php(175): Laravel\\Lumen\\Application->sendThroughPipeline(Array, Object(Closure))
#29 C:\\Xamp\\php\\tantoy_sia1\\vendor\\laravel\\lumen-framework\\src\\Concerns\\RoutesRequests.php(112): Laravel\\Lumen\\Application->dispatch(NULL)
#30 C:\\Xamp\\php\\tantoy_sia1\\public\\index.php(28): Laravel\\Lumen\\Application->run()
#31 {main}

[previous exception] [object] (PDOException(code: 42S22): SQLSTATE[42S22]: Column not found: 1054 Unknown column 'tbluser.id' in 'where clause' at C:\\Xamp\\php\\tantoy_sia1\\vendor\\illuminate\\database\\Connection.php:396)
[stacktrace]
#0 C:\\Xamp\\php\\tantoy_sia1\\vendor\\illuminate\\database\\Connection.php(396): PDO->prepare('select * from `...')
#1 C:\\Xamp\\php\\tantoy_sia1\\vendor\\illuminate\\database\\Connection.php(735): Illuminate\\Database\\Connection->Illuminate\\Database\\{closure}('select * from `...', Array)
#2 C:\\Xamp\\php\\tantoy_sia1\\vendor\\illuminate\\database\\Connection.php(702): Illuminate\\Database\\Connection->runQueryCallback('select * from `...', Array, Object(Closure))
#3 C:\\Xamp\\php\\tantoy_sia1\\vendor\\illuminate\\database\\Connection.php(404): Illuminate\\Database\\Connection->run('select * from `...', Array, Object(Closure))
#4 C:\\Xamp\\php\\tantoy_sia1\\vendor\\illuminate\\database\\Query\\Builder.php(2630): Illuminate\\Database\\Connection->select('select * from `...', Array, true)
#5 C:\\Xamp\\php\\tantoy_sia1\\vendor\\illuminate\\database\\Query\\Builder.php(2618): Illuminate\\Database\\Query\\Builder->runSelect()
#6 C:\\Xamp\\php\\tantoy_sia1\\vendor\\illuminate\\database\\Query\\Builder.php(3154): Illuminate\\Database\\Query\\Builder->Illuminate\\Database\\Query\\{closure}()
#7 C:\\Xamp\\php\\tantoy_sia1\\vendor\\illuminate\\database\\Query\\Builder.php(2619): Illuminate\\Database\\Query\\Builder->onceWithColumns(Array, Object(Closure))
#8 C:\\Xamp\\php\\tantoy_sia1\\vendor\\illuminate\\database\\Eloquent\\Builder.php(698): Illuminate\\Database\\Query\\Builder->get(Array)
#9 C:\\Xamp\\php\\tantoy_sia1\\vendor\\illuminate\\database\\Eloquent\\Builder.php(682): Illuminate\\Database\\Eloquent\\Builder->getModels(Array)
#10 C:\\Xamp\\php\\tantoy_sia1\\vendor\\illuminate\\database\\Concerns\\BuildsQueries.php(296): Illuminate\\Database\\Eloquent\\Builder->get(Array)
#11 C:\\Xamp\\php\\tantoy_sia1\\vendor\\illuminate\\database\\Eloquent\\Builder.php(430): Illuminate\\Database\\Eloquent\\Builder->first(Array)
#12 C:\\Xamp\\php\\tantoy_sia1\\vendor\\illuminate\\database\\Eloquent\\Builder.php(462): Illuminate\\Database\\Eloquent\\Builder->find('3', Array)
#13 C:\\Xamp\\php\\tantoy_sia1\\vendor\\illuminate\\support\\Traits\\ForwardsCalls.php(23): Illuminate\\Database\\Eloquent\\Builder->findOrFail('3')
#14 C:\\Xamp\\php\\tantoy_sia1\\vendor\\illuminate\\database\\Eloquent\\Model.php(2163): Illuminate\\Database\\Eloquent\\Model->forwardCallTo(Object(Illuminate\\Database\\Eloquent\\Builder), 'findOrFail', Array)
#15 C:\\Xamp\\php\\tantoy_sia1\\vendor\\illuminate\\database\\Eloquent\\Model.php(2175): Illuminate\\Database\\Eloquent\\Model->__call('findOrFail', Array)
#16 C:\\Xamp\\php\\tantoy_sia1\\app\\Http\\Controllers\\Usercontroller.php(37): Illuminate\\Database\\Eloquent\\Model::__callStatic('findOrFail', Array)
#17 C:\\Xamp\\php\\tantoy_sia1\\vendor\\illuminate\\container\\BoundMethod.php(36): App\\Http\\Controllers\\UserController->show('3')
#18 C:\\Xamp\\php\\tantoy_sia1\\vendor\\illuminate\\container\\Util.php(41): Illuminate\\Container\\BoundMethod::Illuminate\\Container\\{closure}()
#19 C:\\Xamp\\php\\tantoy_sia1\\vendor\\illuminate\\container\\BoundMethod.php(93): Illuminate\\Container\\Util::unwrapIfClosure(Object(Closure))
#20 C:\\Xamp\\php\\tantoy_sia1\\vendor\\illuminate\\container\\BoundMethod.php(37): Illuminate\\Container\\BoundMethod::callBoundMethod(Object(Laravel\\Lumen\\Application), Array, Object(Closure))
#21 C:\\Xamp\\php\\tantoy_sia1\\vendor\\illuminate\\container\\Container.php(651): Illuminate\\Container\\BoundMethod::call(Object(Laravel\\Lumen\\Application), Array, Array, NULL)
#22 C:\\Xamp\\php\\tantoy_sia1\\vendor\\laravel\\lumen-framework\\src\\Concerns\\RoutesRequests.php(389): Illuminate\\Container\\Container->call(Array, Array)
#23 C:\\Xamp\\php\\tantoy_sia1\\vendor\\laravel\\lumen-framework\\src\\Concerns\\RoutesRequests.php(355): Laravel\\Lumen\\Application->callControllerCallable(Array, Array)
#24 C:\\Xamp\\php\\tantoy_sia1\\vendor\\laravel\\lumen-framework\\src\\Concerns\\RoutesRequests.php(329): Laravel\\Lumen\\Application->callLumenController(Object(App\\Http\\Controllers\\UserController), 'show', Array)
#25 C:\\Xamp\\php\\tantoy_sia1\\vendor\\laravel\\lumen-framework\\src\\Concerns\\RoutesRequests.php(282): Laravel\\Lumen\\Application->callControllerAction(Array)
#26 C:\\Xamp\\php\\tantoy_sia1\\vendor\\laravel\\lumen-framework\\src\\Concerns\\RoutesRequests.php(267): Laravel\\Lumen\\Application->callActionOnArrayBasedRoute(Array)
#27 C:\\Xamp\\php\\tantoy_sia1\\vendor\\laravel\\lumen-framework\\src\\Concerns\\RoutesRequests.php(237): Laravel\\Lumen\\Application->handleFoundRoute(Array)
#28 C:\\Xamp\\php\\tantoy_sia1\\vendor\\laravel\\lumen-framework\\src\\Concerns\\RoutesRequests.php(173): Laravel\\Lumen\\Application->handleDispatcherResponse(Array)
#29 C:\\Xamp\\php\\tantoy_sia1\\vendor\\laravel\\lumen-framework\\src\\Concerns\\RoutesRequests.php(429): Laravel\\Lumen\\Application->Laravel\\Lumen\\Concerns\\{closure}(Object(Laravel\\Lumen\\Http\\Request))
#30 C:\\Xamp\\php\\tantoy_sia1\\vendor\\laravel\\lumen-framework\\src\\Concerns\\RoutesRequests.php(175): Laravel\\Lumen\\Application->sendThroughPipeline(Array, Object(Closure))
#31 C:\\Xamp\\php\\tantoy_sia1\\vendor\\laravel\\lumen-framework\\src\\Concerns\\RoutesRequests.php(112): Laravel\\Lumen\\Application->dispatch(NULL)
#32 C:\\Xamp\\php\\tantoy_sia1\\public\\index.php(28): Laravel\\Lumen\\Application->run()
#33 {main}
"} 
[2022-06-01 13:50:15] local.ERROR: SQLSTATE[42S22]: Column not found: 1054 Unknown column 'tbluser.id' in 'where clause' (SQL: select * from `tbluser` where `tbluser`.`id` = 3 limit 1) {"exception":"[object] (Illuminate\\Database\\QueryException(code: 42S22): SQLSTATE[42S22]: Column not found: 1054 Unknown column 'tbluser.id' in 'where clause' (SQL: select * from `tbluser` where `tbluser`.`id` = 3 limit 1) at C:\\Xamp\\php\\tantoy_sia1\\vendor\\illuminate\\database\\Connection.php:742)
[stacktrace]
#0 C:\\Xamp\\php\\tantoy_sia1\\vendor\\illuminate\\database\\Connection.php(702): Illuminate\\Database\\Connection->runQueryCallback('select * from `...', Array, Object(Closure))
#1 C:\\Xamp\\php\\tantoy_sia1\\vendor\\illuminate\\database\\Connection.php(404): Illuminate\\Database\\Connection->run('select * from `...', Array, Object(Closure))
#2 C:\\Xamp\\php\\tantoy_sia1\\vendor\\illuminate\\database\\Query\\Builder.php(2630): Illuminate\\Database\\Connection->select('select * from `...', Array, true)
#3 C:\\Xamp\\php\\tantoy_sia1\\vendor\\illuminate\\database\\Query\\Builder.php(2618): Illuminate\\Database\\Query\\Builder->runSelect()
#4 C:\\Xamp\\php\\tantoy_sia1\\vendor\\illuminate\\database\\Query\\Builder.php(3154): Illuminate\\Database\\Query\\Builder->Illuminate\\Database\\Query\\{closure}()
#5 C:\\Xamp\\php\\tantoy_sia1\\vendor\\illuminate\\database\\Query\\Builder.php(2619): Illuminate\\Database\\Query\\Builder->onceWithColumns(Array, Object(Closure))
#6 C:\\Xamp\\php\\tantoy_sia1\\vendor\\illuminate\\database\\Eloquent\\Builder.php(698): Illuminate\\Database\\Query\\Builder->get(Array)
#7 C:\\Xamp\\php\\tantoy_sia1\\vendor\\illuminate\\database\\Eloquent\\Builder.php(682): Illuminate\\Database\\Eloquent\\Builder->getModels(Array)
#8 C:\\Xamp\\php\\tantoy_sia1\\vendor\\illuminate\\database\\Concerns\\BuildsQueries.php(296): Illuminate\\Database\\Eloquent\\Builder->get(Array)
#9 C:\\Xamp\\php\\tantoy_sia1\\vendor\\illuminate\\database\\Eloquent\\Builder.php(430): Illuminate\\Database\\Eloquent\\Builder->first(Array)
#10 C:\\Xamp\\php\\tantoy_sia1\\vendor\\illuminate\\database\\Eloquent\\Builder.php(462): Illuminate\\Database\\Eloquent\\Builder->find('3', Array)
#11 C:\\Xamp\\php\\tantoy_sia1\\vendor\\illuminate\\support\\Traits\\ForwardsCalls.php(23): Illuminate\\Database\\Eloquent\\Builder->findOrFail('3')
#12 C:\\Xamp\\php\\tantoy_sia1\\vendor\\illuminate\\database\\Eloquent\\Model.php(2163): Illuminate\\Database\\Eloquent\\Model->forwardCallTo(Object(Illuminate\\Database\\Eloquent\\Builder), 'findOrFail', Array)
#13 C:\\Xamp\\php\\tantoy_sia1\\vendor\\illuminate\\database\\Eloquent\\Model.php(2175): Illuminate\\Database\\Eloquent\\Model->__call('findOrFail', Array)
#14 C:\\Xamp\\php\\tantoy_sia1\\app\\Http\\Controllers\\Usercontroller.php(37): Illuminate\\Database\\Eloquent\\Model::__callStatic('findOrFail', Array)
#15 C:\\Xamp\\php\\tantoy_sia1\\vendor\\illuminate\\container\\BoundMethod.php(36): App\\Http\\Controllers\\UserController->show('3')
#16 C:\\Xamp\\php\\tantoy_sia1\\vendor\\illuminate\\container\\Util.php(41): Illuminate\\Container\\BoundMethod::Illuminate\\Container\\{closure}()
#17 C:\\Xamp\\php\\tantoy_sia1\\vendor\\illuminate\\container\\BoundMethod.php(93): Illuminate\\Container\\Util::unwrapIfClosure(Object(Closure))
#18 C:\\Xamp\\php\\tantoy_sia1\\vendor\\illuminate\\container\\BoundMethod.php(37): Illuminate\\Container\\BoundMethod::callBoundMethod(Object(Laravel\\Lumen\\Application), Array, Object(Closure))
#19 C:\\Xamp\\php\\tantoy_sia1\\vendor\\illuminate\\container\\Container.php(651): Illuminate\\Container\\BoundMethod::call(Object(Laravel\\Lumen\\Application), Array, Array, NULL)
#20 C:\\Xamp\\php\\tantoy_sia1\\vendor\\laravel\\lumen-framework\\src\\Concerns\\RoutesRequests.php(389): Illuminate\\Container\\Container->call(Array, Array)
#21 C:\\Xamp\\php\\tantoy_sia1\\vendor\\laravel\\lumen-framework\\src\\Concerns\\RoutesRequests.php(355): Laravel\\Lumen\\Application->callControllerCallable(Array, Array)
#22 C:\\Xamp\\php\\tantoy_sia1\\vendor\\laravel\\lumen-framework\\src\\Concerns\\RoutesRequests.php(329): Laravel\\Lumen\\Application->callLumenController(Object(App\\Http\\Controllers\\UserController), 'show', Array)
#23 C:\\Xamp\\php\\tantoy_sia1\\vendor\\laravel\\lumen-framework\\src\\Concerns\\RoutesRequests.php(282): Laravel\\Lumen\\Application->callControllerAction(Array)
#24 C:\\Xamp\\php\\tantoy_sia1\\vendor\\laravel\\lumen-framework\\src\\Concerns\\RoutesRequests.php(267): Laravel\\Lumen\\Application->callActionOnArrayBasedRoute(Array)
#25 C:\\Xamp\\php\\tantoy_sia1\\vendor\\laravel\\lumen-framework\\src\\Concerns\\RoutesRequests.php(237): Laravel\\Lumen\\Application->handleFoundRoute(Array)
#26 C:\\Xamp\\php\\tantoy_sia1\\vendor\\laravel\\lumen-framework\\src\\Concerns\\RoutesRequests.php(173): Laravel\\Lumen\\Application->handleDispatcherResponse(Array)
#27 C:\\Xamp\\php\\tantoy_sia1\\vendor\\laravel\\lumen-framework\\src\\Concerns\\RoutesRequests.php(429): Laravel\\Lumen\\Application->Laravel\\Lumen\\Concerns\\{closure}(Object(Laravel\\Lumen\\Http\\Request))
#28 C:\\Xamp\\php\\tantoy_sia1\\vendor\\laravel\\lumen-framework\\src\\Concerns\\RoutesRequests.php(175): Laravel\\Lumen\\Application->sendThroughPipeline(Array, Object(Closure))
#29 C:\\Xamp\\php\\tantoy_sia1\\vendor\\laravel\\lumen-framework\\src\\Concerns\\RoutesRequests.php(112): Laravel\\Lumen\\Application->dispatch(NULL)
#30 C:\\Xamp\\php\\tantoy_sia1\\public\\index.php(28): Laravel\\Lumen\\Application->run()
#31 {main}

[previous exception] [object] (PDOException(code: 42S22): SQLSTATE[42S22]: Column not found: 1054 Unknown column 'tbluser.id' in 'where clause' at C:\\Xamp\\php\\tantoy_sia1\\vendor\\illuminate\\database\\Connection.php:396)
[stacktrace]
#0 C:\\Xamp\\php\\tantoy_sia1\\vendor\\illuminate\\database\\Connection.php(396): PDO->prepare('select * from `...')
#1 C:\\Xamp\\php\\tantoy_sia1\\vendor\\illuminate\\database\\Connection.php(735): Illuminate\\Database\\Connection->Illuminate\\Database\\{closure}('select * from `...', Array)
#2 C:\\Xamp\\php\\tantoy_sia1\\vendor\\illuminate\\database\\Connection.php(702): Illuminate\\Database\\Connection->runQueryCallback('select * from `...', Array, Object(Closure))
#3 C:\\Xamp\\php\\tantoy_sia1\\vendor\\illuminate\\database\\Connection.php(404): Illuminate\\Database\\Connection->run('select * from `...', Array, Object(Closure))
#4 C:\\Xamp\\php\\tantoy_sia1\\vendor\\illuminate\\database\\Query\\Builder.php(2630): Illuminate\\Database\\Connection->select('select * from `...', Array, true)
#5 C:\\Xamp\\php\\tantoy_sia1\\vendor\\illuminate\\database\\Query\\Builder.php(2618): Illuminate\\Database\\Query\\Builder->runSelect()
#6 C:\\Xamp\\php\\tantoy_sia1\\vendor\\illuminate\\database\\Query\\Builder.php(3154): Illuminate\\Database\\Query\\Builder->Illuminate\\Database\\Query\\{closure}()
#7 C:\\Xamp\\php\\tantoy_sia1\\vendor\\illuminate\\database\\Query\\Builder.php(2619): Illuminate\\Database\\Query\\Builder->onceWithColumns(Array, Object(Closure))
#8 C:\\Xamp\\php\\tantoy_sia1\\vendor\\illuminate\\database\\Eloquent\\Builder.php(698): Illuminate\\Database\\Query\\Builder->get(Array)
#9 C:\\Xamp\\php\\tantoy_sia1\\vendor\\illuminate\\database\\Eloquent\\Builder.php(682): Illuminate\\Database\\Eloquent\\Builder->getModels(Array)
#10 C:\\Xamp\\php\\tantoy_sia1\\vendor\\illuminate\\database\\Concerns\\BuildsQueries.php(296): Illuminate\\Database\\Eloquent\\Builder->get(Array)
#11 C:\\Xamp\\php\\tantoy_sia1\\vendor\\illuminate\\database\\Eloquent\\Builder.php(430): Illuminate\\Database\\Eloquent\\Builder->first(Array)
#12 C:\\Xamp\\php\\tantoy_sia1\\vendor\\illuminate\\database\\Eloquent\\Builder.php(462): Illuminate\\Database\\Eloquent\\Builder->find('3', Array)
#13 C:\\Xamp\\php\\tantoy_sia1\\vendor\\illuminate\\support\\Traits\\ForwardsCalls.php(23): Illuminate\\Database\\Eloquent\\Builder->findOrFail('3')
#14 C:\\Xamp\\php\\tantoy_sia1\\vendor\\illuminate\\database\\Eloquent\\Model.php(2163): Illuminate\\Database\\Eloquent\\Model->forwardCallTo(Object(Illuminate\\Database\\Eloquent\\Builder), 'findOrFail', Array)
#15 C:\\Xamp\\php\\tantoy_sia1\\vendor\\illuminate\\database\\Eloquent\\Model.php(2175): Illuminate\\Database\\Eloquent\\Model->__call('findOrFail', Array)
#16 C:\\Xamp\\php\\tantoy_sia1\\app\\Http\\Controllers\\Usercontroller.php(37): Illuminate\\Database\\Eloquent\\Model::__callStatic('findOrFail', Array)
#17 C:\\Xamp\\php\\tantoy_sia1\\vendor\\illuminate\\container\\BoundMethod.php(36): App\\Http\\Controllers\\UserController->show('3')
#18 C:\\Xamp\\php\\tantoy_sia1\\vendor\\illuminate\\container\\Util.php(41): Illuminate\\Container\\BoundMethod::Illuminate\\Container\\{closure}()
#19 C:\\Xamp\\php\\tantoy_sia1\\vendor\\illuminate\\container\\BoundMethod.php(93): Illuminate\\Container\\Util::unwrapIfClosure(Object(Closure))
#20 C:\\Xamp\\php\\tantoy_sia1\\vendor\\illuminate\\container\\BoundMethod.php(37): Illuminate\\Container\\BoundMethod::callBoundMethod(Object(Laravel\\Lumen\\Application), Array, Object(Closure))
#21 C:\\Xamp\\php\\tantoy_sia1\\vendor\\illuminate\\container\\Container.php(651): Illuminate\\Container\\BoundMethod::call(Object(Laravel\\Lumen\\Application), Array, Array, NULL)
#22 C:\\Xamp\\php\\tantoy_sia1\\vendor\\laravel\\lumen-framework\\src\\Concerns\\RoutesRequests.php(389): Illuminate\\Container\\Container->call(Array, Array)
#23 C:\\Xamp\\php\\tantoy_sia1\\vendor\\laravel\\lumen-framework\\src\\Concerns\\RoutesRequests.php(355): Laravel\\Lumen\\Application->callControllerCallable(Array, Array)
#24 C:\\Xamp\\php\\tantoy_sia1\\vendor\\laravel\\lumen-framework\\src\\Concerns\\RoutesRequests.php(329): Laravel\\Lumen\\Application->callLumenController(Object(App\\Http\\Controllers\\UserController), 'show', Array)
#25 C:\\Xamp\\php\\tantoy_sia1\\vendor\\laravel\\lumen-framework\\src\\Concerns\\RoutesRequests.php(282): Laravel\\Lumen\\Application->callControllerAction(Array)
#26 C:\\Xamp\\php\\tantoy_sia1\\vendor\\laravel\\lumen-framework\\src\\Concerns\\RoutesRequests.php(267): Laravel\\Lumen\\Application->callActionOnArrayBasedRoute(Array)
#27 C:\\Xamp\\php\\tantoy_sia1\\vendor\\laravel\\lumen-framework\\src\\Concerns\\RoutesRequests.php(237): Laravel\\Lumen\\Application->handleFoundRoute(Array)
#28 C:\\Xamp\\php\\tantoy_sia1\\vendor\\laravel\\lumen-framework\\src\\Concerns\\RoutesRequests.php(173): Laravel\\Lumen\\Application->handleDispatcherResponse(Array)
#29 C:\\Xamp\\php\\tantoy_sia1\\vendor\\laravel\\lumen-framework\\src\\Concerns\\RoutesRequests.php(429): Laravel\\Lumen\\Application->Laravel\\Lumen\\Concerns\\{closure}(Object(Laravel\\Lumen\\Http\\Request))
#30 C:\\Xamp\\php\\tantoy_sia1\\vendor\\laravel\\lumen-framework\\src\\Concerns\\RoutesRequests.php(175): Laravel\\Lumen\\Application->sendThroughPipeline(Array, Object(Closure))
#31 C:\\Xamp\\php\\tantoy_sia1\\vendor\\laravel\\lumen-framework\\src\\Concerns\\RoutesRequests.php(112): Laravel\\Lumen\\Application->dispatch(NULL)
#32 C:\\Xamp\\php\\tantoy_sia1\\public\\index.php(28): Laravel\\Lumen\\Application->run()
#33 {main}
"} 
[2022-06-01 13:50:35] local.ERROR: SQLSTATE[42S22]: Column not found: 1054 Unknown column 'tbluser.id' in 'where clause' (SQL: select * from `tbluser` where `tbluser`.`id` = 2 limit 1) {"exception":"[object] (Illuminate\\Database\\QueryException(code: 42S22): SQLSTATE[42S22]: Column not found: 1054 Unknown column 'tbluser.id' in 'where clause' (SQL: select * from `tbluser` where `tbluser`.`id` = 2 limit 1) at C:\\Xamp\\php\\tantoy_sia1\\vendor\\illuminate\\database\\Connection.php:742)
[stacktrace]
#0 C:\\Xamp\\php\\tantoy_sia1\\vendor\\illuminate\\database\\Connection.php(702): Illuminate\\Database\\Connection->runQueryCallback('select * from `...', Array, Object(Closure))
#1 C:\\Xamp\\php\\tantoy_sia1\\vendor\\illuminate\\database\\Connection.php(404): Illuminate\\Database\\Connection->run('select * from `...', Array, Object(Closure))
#2 C:\\Xamp\\php\\tantoy_sia1\\vendor\\illuminate\\database\\Query\\Builder.php(2630): Illuminate\\Database\\Connection->select('select * from `...', Array, true)
#3 C:\\Xamp\\php\\tantoy_sia1\\vendor\\illuminate\\database\\Query\\Builder.php(2618): Illuminate\\Database\\Query\\Builder->runSelect()
#4 C:\\Xamp\\php\\tantoy_sia1\\vendor\\illuminate\\database\\Query\\Builder.php(3154): Illuminate\\Database\\Query\\Builder->Illuminate\\Database\\Query\\{closure}()
#5 C:\\Xamp\\php\\tantoy_sia1\\vendor\\illuminate\\database\\Query\\Builder.php(2619): Illuminate\\Database\\Query\\Builder->onceWithColumns(Array, Object(Closure))
#6 C:\\Xamp\\php\\tantoy_sia1\\vendor\\illuminate\\database\\Eloquent\\Builder.php(698): Illuminate\\Database\\Query\\Builder->get(Array)
#7 C:\\Xamp\\php\\tantoy_sia1\\vendor\\illuminate\\database\\Eloquent\\Builder.php(682): Illuminate\\Database\\Eloquent\\Builder->getModels(Array)
#8 C:\\Xamp\\php\\tantoy_sia1\\vendor\\illuminate\\database\\Concerns\\BuildsQueries.php(296): Illuminate\\Database\\Eloquent\\Builder->get(Array)
#9 C:\\Xamp\\php\\tantoy_sia1\\vendor\\illuminate\\database\\Eloquent\\Builder.php(430): Illuminate\\Database\\Eloquent\\Builder->first(Array)
#10 C:\\Xamp\\php\\tantoy_sia1\\vendor\\illuminate\\database\\Eloquent\\Builder.php(462): Illuminate\\Database\\Eloquent\\Builder->find('2', Array)
#11 C:\\Xamp\\php\\tantoy_sia1\\vendor\\illuminate\\support\\Traits\\ForwardsCalls.php(23): Illuminate\\Database\\Eloquent\\Builder->findOrFail('2')
#12 C:\\Xamp\\php\\tantoy_sia1\\vendor\\illuminate\\database\\Eloquent\\Model.php(2163): Illuminate\\Database\\Eloquent\\Model->forwardCallTo(Object(Illuminate\\Database\\Eloquent\\Builder), 'findOrFail', Array)
#13 C:\\Xamp\\php\\tantoy_sia1\\vendor\\illuminate\\database\\Eloquent\\Model.php(2175): Illuminate\\Database\\Eloquent\\Model->__call('findOrFail', Array)
#14 C:\\Xamp\\php\\tantoy_sia1\\app\\Http\\Controllers\\Usercontroller.php(37): Illuminate\\Database\\Eloquent\\Model::__callStatic('findOrFail', Array)
#15 C:\\Xamp\\php\\tantoy_sia1\\vendor\\illuminate\\container\\BoundMethod.php(36): App\\Http\\Controllers\\UserController->show('2')
#16 C:\\Xamp\\php\\tantoy_sia1\\vendor\\illuminate\\container\\Util.php(41): Illuminate\\Container\\BoundMethod::Illuminate\\Container\\{closure}()
#17 C:\\Xamp\\php\\tantoy_sia1\\vendor\\illuminate\\container\\BoundMethod.php(93): Illuminate\\Container\\Util::unwrapIfClosure(Object(Closure))
#18 C:\\Xamp\\php\\tantoy_sia1\\vendor\\illuminate\\container\\BoundMethod.php(37): Illuminate\\Container\\BoundMethod::callBoundMethod(Object(Laravel\\Lumen\\Application), Array, Object(Closure))
#19 C:\\Xamp\\php\\tantoy_sia1\\vendor\\illuminate\\container\\Container.php(651): Illuminate\\Container\\BoundMethod::call(Object(Laravel\\Lumen\\Application), Array, Array, NULL)
#20 C:\\Xamp\\php\\tantoy_sia1\\vendor\\laravel\\lumen-framework\\src\\Concerns\\RoutesRequests.php(389): Illuminate\\Container\\Container->call(Array, Array)
#21 C:\\Xamp\\php\\tantoy_sia1\\vendor\\laravel\\lumen-framework\\src\\Concerns\\RoutesRequests.php(355): Laravel\\Lumen\\Application->callControllerCallable(Array, Array)
#22 C:\\Xamp\\php\\tantoy_sia1\\vendor\\laravel\\lumen-framework\\src\\Concerns\\RoutesRequests.php(329): Laravel\\Lumen\\Application->callLumenController(Object(App\\Http\\Controllers\\UserController), 'show', Array)
#23 C:\\Xamp\\php\\tantoy_sia1\\vendor\\laravel\\lumen-framework\\src\\Concerns\\RoutesRequests.php(282): Laravel\\Lumen\\Application->callControllerAction(Array)
#24 C:\\Xamp\\php\\tantoy_sia1\\vendor\\laravel\\lumen-framework\\src\\Concerns\\RoutesRequests.php(267): Laravel\\Lumen\\Application->callActionOnArrayBasedRoute(Array)
#25 C:\\Xamp\\php\\tantoy_sia1\\vendor\\laravel\\lumen-framework\\src\\Concerns\\RoutesRequests.php(237): Laravel\\Lumen\\Application->handleFoundRoute(Array)
#26 C:\\Xamp\\php\\tantoy_sia1\\vendor\\laravel\\lumen-framework\\src\\Concerns\\RoutesRequests.php(173): Laravel\\Lumen\\Application->handleDispatcherResponse(Array)
#27 C:\\Xamp\\php\\tantoy_sia1\\vendor\\laravel\\lumen-framework\\src\\Concerns\\RoutesRequests.php(429): Laravel\\Lumen\\Application->Laravel\\Lumen\\Concerns\\{closure}(Object(Laravel\\Lumen\\Http\\Request))
#28 C:\\Xamp\\php\\tantoy_sia1\\vendor\\laravel\\lumen-framework\\src\\Concerns\\RoutesRequests.php(175): Laravel\\Lumen\\Application->sendThroughPipeline(Array, Object(Closure))
#29 C:\\Xamp\\php\\tantoy_sia1\\vendor\\laravel\\lumen-framework\\src\\Concerns\\RoutesRequests.php(112): Laravel\\Lumen\\Application->dispatch(NULL)
#30 C:\\Xamp\\php\\tantoy_sia1\\public\\index.php(28): Laravel\\Lumen\\Application->run()
#31 {main}

[previous exception] [object] (PDOException(code: 42S22): SQLSTATE[42S22]: Column not found: 1054 Unknown column 'tbluser.id' in 'where clause' at C:\\Xamp\\php\\tantoy_sia1\\vendor\\illuminate\\database\\Connection.php:396)
[stacktrace]
#0 C:\\Xamp\\php\\tantoy_sia1\\vendor\\illuminate\\database\\Connection.php(396): PDO->prepare('select * from `...')
#1 C:\\Xamp\\php\\tantoy_sia1\\vendor\\illuminate\\database\\Connection.php(735): Illuminate\\Database\\Connection->Illuminate\\Database\\{closure}('select * from `...', Array)
#2 C:\\Xamp\\php\\tantoy_sia1\\vendor\\illuminate\\database\\Connection.php(702): Illuminate\\Database\\Connection->runQueryCallback('select * from `...', Array, Object(Closure))
#3 C:\\Xamp\\php\\tantoy_sia1\\vendor\\illuminate\\database\\Connection.php(404): Illuminate\\Database\\Connection->run('select * from `...', Array, Object(Closure))
#4 C:\\Xamp\\php\\tantoy_sia1\\vendor\\illuminate\\database\\Query\\Builder.php(2630): Illuminate\\Database\\Connection->select('select * from `...', Array, true)
#5 C:\\Xamp\\php\\tantoy_sia1\\vendor\\illuminate\\database\\Query\\Builder.php(2618): Illuminate\\Database\\Query\\Builder->runSelect()
#6 C:\\Xamp\\php\\tantoy_sia1\\vendor\\illuminate\\database\\Query\\Builder.php(3154): Illuminate\\Database\\Query\\Builder->Illuminate\\Database\\Query\\{closure}()
#7 C:\\Xamp\\php\\tantoy_sia1\\vendor\\illuminate\\database\\Query\\Builder.php(2619): Illuminate\\Database\\Query\\Builder->onceWithColumns(Array, Object(Closure))
#8 C:\\Xamp\\php\\tantoy_sia1\\vendor\\illuminate\\database\\Eloquent\\Builder.php(698): Illuminate\\Database\\Query\\Builder->get(Array)
#9 C:\\Xamp\\php\\tantoy_sia1\\vendor\\illuminate\\database\\Eloquent\\Builder.php(682): Illuminate\\Database\\Eloquent\\Builder->getModels(Array)
#10 C:\\Xamp\\php\\tantoy_sia1\\vendor\\illuminate\\database\\Concerns\\BuildsQueries.php(296): Illuminate\\Database\\Eloquent\\Builder->get(Array)
#11 C:\\Xamp\\php\\tantoy_sia1\\vendor\\illuminate\\database\\Eloquent\\Builder.php(430): Illuminate\\Database\\Eloquent\\Builder->first(Array)
#12 C:\\Xamp\\php\\tantoy_sia1\\vendor\\illuminate\\database\\Eloquent\\Builder.php(462): Illuminate\\Database\\Eloquent\\Builder->find('2', Array)
#13 C:\\Xamp\\php\\tantoy_sia1\\vendor\\illuminate\\support\\Traits\\ForwardsCalls.php(23): Illuminate\\Database\\Eloquent\\Builder->findOrFail('2')
#14 C:\\Xamp\\php\\tantoy_sia1\\vendor\\illuminate\\database\\Eloquent\\Model.php(2163): Illuminate\\Database\\Eloquent\\Model->forwardCallTo(Object(Illuminate\\Database\\Eloquent\\Builder), 'findOrFail', Array)
#15 C:\\Xamp\\php\\tantoy_sia1\\vendor\\illuminate\\database\\Eloquent\\Model.php(2175): Illuminate\\Database\\Eloquent\\Model->__call('findOrFail', Array)
#16 C:\\Xamp\\php\\tantoy_sia1\\app\\Http\\Controllers\\Usercontroller.php(37): Illuminate\\Database\\Eloquent\\Model::__callStatic('findOrFail', Array)
#17 C:\\Xamp\\php\\tantoy_sia1\\vendor\\illuminate\\container\\BoundMethod.php(36): App\\Http\\Controllers\\UserController->show('2')
#18 C:\\Xamp\\php\\tantoy_sia1\\vendor\\illuminate\\container\\Util.php(41): Illuminate\\Container\\BoundMethod::Illuminate\\Container\\{closure}()
#19 C:\\Xamp\\php\\tantoy_sia1\\vendor\\illuminate\\container\\BoundMethod.php(93): Illuminate\\Container\\Util::unwrapIfClosure(Object(Closure))
#20 C:\\Xamp\\php\\tantoy_sia1\\vendor\\illuminate\\container\\BoundMethod.php(37): Illuminate\\Container\\BoundMethod::callBoundMethod(Object(Laravel\\Lumen\\Application), Array, Object(Closure))
#21 C:\\Xamp\\php\\tantoy_sia1\\vendor\\illuminate\\container\\Container.php(651): Illuminate\\Container\\BoundMethod::call(Object(Laravel\\Lumen\\Application), Array, Array, NULL)
#22 C:\\Xamp\\php\\tantoy_sia1\\vendor\\laravel\\lumen-framework\\src\\Concerns\\RoutesRequests.php(389): Illuminate\\Container\\Container->call(Array, Array)
#23 C:\\Xamp\\php\\tantoy_sia1\\vendor\\laravel\\lumen-framework\\src\\Concerns\\RoutesRequests.php(355): Laravel\\Lumen\\Application->callControllerCallable(Array, Array)
#24 C:\\Xamp\\php\\tantoy_sia1\\vendor\\laravel\\lumen-framework\\src\\Concerns\\RoutesRequests.php(329): Laravel\\Lumen\\Application->callLumenController(Object(App\\Http\\Controllers\\UserController), 'show', Array)
#25 C:\\Xamp\\php\\tantoy_sia1\\vendor\\laravel\\lumen-framework\\src\\Concerns\\RoutesRequests.php(282): Laravel\\Lumen\\Application->callControllerAction(Array)
#26 C:\\Xamp\\php\\tantoy_sia1\\vendor\\laravel\\lumen-framework\\src\\Concerns\\RoutesRequests.php(267): Laravel\\Lumen\\Application->callActionOnArrayBasedRoute(Array)
#27 C:\\Xamp\\php\\tantoy_sia1\\vendor\\laravel\\lumen-framework\\src\\Concerns\\RoutesRequests.php(237): Laravel\\Lumen\\Application->handleFoundRoute(Array)
#28 C:\\Xamp\\php\\tantoy_sia1\\vendor\\laravel\\lumen-framework\\src\\Concerns\\RoutesRequests.php(173): Laravel\\Lumen\\Application->handleDispatcherResponse(Array)
#29 C:\\Xamp\\php\\tantoy_sia1\\vendor\\laravel\\lumen-framework\\src\\Concerns\\RoutesRequests.php(429): Laravel\\Lumen\\Application->Laravel\\Lumen\\Concerns\\{closure}(Object(Laravel\\Lumen\\Http\\Request))
#30 C:\\Xamp\\php\\tantoy_sia1\\vendor\\laravel\\lumen-framework\\src\\Concerns\\RoutesRequests.php(175): Laravel\\Lumen\\Application->sendThroughPipeline(Array, Object(Closure))
#31 C:\\Xamp\\php\\tantoy_sia1\\vendor\\laravel\\lumen-framework\\src\\Concerns\\RoutesRequests.php(112): Laravel\\Lumen\\Application->dispatch(NULL)
#32 C:\\Xamp\\php\\tantoy_sia1\\public\\index.php(28): Laravel\\Lumen\\Application->run()
#33 {main}
"} 
