[2022-06-14 13:20:56] local.ERROR: Target class [App\Services\User1Service] does not exist. {"exception":"[object] (Illuminate\\Contracts\\Container\\BindingResolutionException(code: 0): Target class [App\\Services\\User1Service] does not exist. at C:\\Xamp\\php\\ApiGateway\\vendor\\illuminate\\container\\Container.php:877)
[stacktrace]
#0 C:\\Xamp\\php\\ApiGateway\\vendor\\illuminate\\container\\Container.php(756): Illuminate\\Container\\Container->build('App\\\\Services\\\\Us...')
#1 C:\\Xamp\\php\\ApiGateway\\vendor\\illuminate\\container\\Container.php(692): Illuminate\\Container\\Container->resolve('App\\\\Services\\\\Us...', Array)
#2 C:\\Xamp\\php\\ApiGateway\\vendor\\laravel\\lumen-framework\\src\\Application.php(300): Illuminate\\Container\\Container->make('App\\\\Services\\\\Us...', Array)
#3 C:\\Xamp\\php\\ApiGateway\\vendor\\illuminate\\container\\Container.php(1025): Laravel\\Lumen\\Application->make('App\\\\Services\\\\Us...')
#4 C:\\Xamp\\php\\ApiGateway\\vendor\\illuminate\\container\\Container.php(945): Illuminate\\Container\\Container->resolveClass(Object(ReflectionParameter))
#5 C:\\Xamp\\php\\ApiGateway\\vendor\\illuminate\\container\\Container.php(906): Illuminate\\Container\\Container->resolveDependencies(Array)
#6 C:\\Xamp\\php\\ApiGateway\\vendor\\illuminate\\container\\Container.php(756): Illuminate\\Container\\Container->build('App\\\\Http\\\\Contro...')
#7 C:\\Xamp\\php\\ApiGateway\\vendor\\illuminate\\container\\Container.php(692): Illuminate\\Container\\Container->resolve('App\\\\Http\\\\Contro...', Array)
#8 C:\\Xamp\\php\\ApiGateway\\vendor\\laravel\\lumen-framework\\src\\Application.php(300): Illuminate\\Container\\Container->make('App\\\\Http\\\\Contro...', Array)
#9 C:\\Xamp\\php\\ApiGateway\\vendor\\laravel\\lumen-framework\\src\\Concerns\\RoutesRequests.php(324): Laravel\\Lumen\\Application->make('App\\\\Http\\\\Contro...')
#10 C:\\Xamp\\php\\ApiGateway\\vendor\\laravel\\lumen-framework\\src\\Concerns\\RoutesRequests.php(282): Laravel\\Lumen\\Application->callControllerAction(Array)
#11 C:\\Xamp\\php\\ApiGateway\\vendor\\laravel\\lumen-framework\\src\\Concerns\\RoutesRequests.php(267): Laravel\\Lumen\\Application->callActionOnArrayBasedRoute(Array)
#12 C:\\Xamp\\php\\ApiGateway\\vendor\\laravel\\lumen-framework\\src\\Concerns\\RoutesRequests.php(169): Laravel\\Lumen\\Application->handleFoundRoute(Array)
#13 C:\\Xamp\\php\\ApiGateway\\vendor\\laravel\\lumen-framework\\src\\Concerns\\RoutesRequests.php(429): Laravel\\Lumen\\Application->Laravel\\Lumen\\Concerns\\{closure}(Object(Laravel\\Lumen\\Http\\Request))
#14 C:\\Xamp\\php\\ApiGateway\\vendor\\laravel\\lumen-framework\\src\\Concerns\\RoutesRequests.php(175): Laravel\\Lumen\\Application->sendThroughPipeline(Array, Object(Closure))
#15 C:\\Xamp\\php\\ApiGateway\\vendor\\laravel\\lumen-framework\\src\\Concerns\\RoutesRequests.php(112): Laravel\\Lumen\\Application->dispatch(NULL)
#16 C:\\Xamp\\php\\ApiGateway\\public\\index.php(28): Laravel\\Lumen\\Application->run()
#17 {main}

[previous exception] [object] (ReflectionException(code: -1): Class \"App\\Services\\User1Service\" does not exist at C:\\Xamp\\php\\ApiGateway\\vendor\\illuminate\\container\\Container.php:875)
[stacktrace]
#0 C:\\Xamp\\php\\ApiGateway\\vendor\\illuminate\\container\\Container.php(875): ReflectionClass->__construct('App\\\\Services\\\\Us...')
#1 C:\\Xamp\\php\\ApiGateway\\vendor\\illuminate\\container\\Container.php(756): Illuminate\\Container\\Container->build('App\\\\Services\\\\Us...')
#2 C:\\Xamp\\php\\ApiGateway\\vendor\\illuminate\\container\\Container.php(692): Illuminate\\Container\\Container->resolve('App\\\\Services\\\\Us...', Array)
#3 C:\\Xamp\\php\\ApiGateway\\vendor\\laravel\\lumen-framework\\src\\Application.php(300): Illuminate\\Container\\Container->make('App\\\\Services\\\\Us...', Array)
#4 C:\\Xamp\\php\\ApiGateway\\vendor\\illuminate\\container\\Container.php(1025): Laravel\\Lumen\\Application->make('App\\\\Services\\\\Us...')
#5 C:\\Xamp\\php\\ApiGateway\\vendor\\illuminate\\container\\Container.php(945): Illuminate\\Container\\Container->resolveClass(Object(ReflectionParameter))
#6 C:\\Xamp\\php\\ApiGateway\\vendor\\illuminate\\container\\Container.php(906): Illuminate\\Container\\Container->resolveDependencies(Array)
#7 C:\\Xamp\\php\\ApiGateway\\vendor\\illuminate\\container\\Container.php(756): Illuminate\\Container\\Container->build('App\\\\Http\\\\Contro...')
#8 C:\\Xamp\\php\\ApiGateway\\vendor\\illuminate\\container\\Container.php(692): Illuminate\\Container\\Container->resolve('App\\\\Http\\\\Contro...', Array)
#9 C:\\Xamp\\php\\ApiGateway\\vendor\\laravel\\lumen-framework\\src\\Application.php(300): Illuminate\\Container\\Container->make('App\\\\Http\\\\Contro...', Array)
#10 C:\\Xamp\\php\\ApiGateway\\vendor\\laravel\\lumen-framework\\src\\Concerns\\RoutesRequests.php(324): Laravel\\Lumen\\Application->make('App\\\\Http\\\\Contro...')
#11 C:\\Xamp\\php\\ApiGateway\\vendor\\laravel\\lumen-framework\\src\\Concerns\\RoutesRequests.php(282): Laravel\\Lumen\\Application->callControllerAction(Array)
#12 C:\\Xamp\\php\\ApiGateway\\vendor\\laravel\\lumen-framework\\src\\Concerns\\RoutesRequests.php(267): Laravel\\Lumen\\Application->callActionOnArrayBasedRoute(Array)
#13 C:\\Xamp\\php\\ApiGateway\\vendor\\laravel\\lumen-framework\\src\\Concerns\\RoutesRequests.php(169): Laravel\\Lumen\\Application->handleFoundRoute(Array)
#14 C:\\Xamp\\php\\ApiGateway\\vendor\\laravel\\lumen-framework\\src\\Concerns\\RoutesRequests.php(429): Laravel\\Lumen\\Application->Laravel\\Lumen\\Concerns\\{closure}(Object(Laravel\\Lumen\\Http\\Request))
#15 C:\\Xamp\\php\\ApiGateway\\vendor\\laravel\\lumen-framework\\src\\Concerns\\RoutesRequests.php(175): Laravel\\Lumen\\Application->sendThroughPipeline(Array, Object(Closure))
#16 C:\\Xamp\\php\\ApiGateway\\vendor\\laravel\\lumen-framework\\src\\Concerns\\RoutesRequests.php(112): Laravel\\Lumen\\Application->dispatch(NULL)
#17 C:\\Xamp\\php\\ApiGateway\\public\\index.php(28): Laravel\\Lumen\\Application->run()
#18 {main}
"} 
