[2022-06-16 15:29:47] local.ERROR: Class "App\Models\Userjob" not found {"exception":"[object] (Error(code: 0): Class \"App\\Models\\Userjob\" not found at C:\\Xamp\\php\\tantoy_sia1\\app\\Http\\Controllers\\Usercontroller.php:33)
[stacktrace]
#0 C:\\Xamp\\php\\tantoy_sia1\\vendor\\illuminate\\container\\BoundMethod.php(36): App\\Http\\Controllers\\UserController->add(Object(Laravel\\Lumen\\Http\\Request))
#1 C:\\Xamp\\php\\tantoy_sia1\\vendor\\illuminate\\container\\Util.php(41): Illuminate\\Container\\BoundMethod::Illuminate\\Container\\{closure}()
#2 C:\\Xamp\\php\\tantoy_sia1\\vendor\\illuminate\\container\\BoundMethod.php(93): Illuminate\\Container\\Util::unwrapIfClosure(Object(Closure))
#3 C:\\Xamp\\php\\tantoy_sia1\\vendor\\illuminate\\container\\BoundMethod.php(37): Illuminate\\Container\\BoundMethod::callBoundMethod(Object(Laravel\\Lumen\\Application), Array, Object(Closure))
#4 C:\\Xamp\\php\\tantoy_sia1\\vendor\\illuminate\\container\\Container.php(651): Illuminate\\Container\\BoundMethod::call(Object(Laravel\\Lumen\\Application), Array, Array, NULL)
#5 C:\\Xamp\\php\\tantoy_sia1\\vendor\\laravel\\lumen-framework\\src\\Concerns\\RoutesRequests.php(389): Illuminate\\Container\\Container->call(Array, Array)
#6 C:\\Xamp\\php\\tantoy_sia1\\vendor\\laravel\\lumen-framework\\src\\Concerns\\RoutesRequests.php(355): Laravel\\Lumen\\Application->callControllerCallable(Array, Array)
#7 C:\\Xamp\\php\\tantoy_sia1\\vendor\\laravel\\lumen-framework\\src\\Concerns\\RoutesRequests.php(329): Laravel\\Lumen\\Application->callLumenController(Object(App\\Http\\Controllers\\UserController), 'add', Array)
#8 C:\\Xamp\\php\\tantoy_sia1\\vendor\\laravel\\lumen-framework\\src\\Concerns\\RoutesRequests.php(282): Laravel\\Lumen\\Application->callControllerAction(Array)
#9 C:\\Xamp\\php\\tantoy_sia1\\vendor\\laravel\\lumen-framework\\src\\Concerns\\RoutesRequests.php(267): Laravel\\Lumen\\Application->callActionOnArrayBasedRoute(Array)
#10 C:\\Xamp\\php\\tantoy_sia1\\vendor\\laravel\\lumen-framework\\src\\Concerns\\RoutesRequests.php(169): Laravel\\Lumen\\Application->handleFoundRoute(Array)
#11 C:\\Xamp\\php\\tantoy_sia1\\vendor\\laravel\\lumen-framework\\src\\Concerns\\RoutesRequests.php(429): Laravel\\Lumen\\Application->Laravel\\Lumen\\Concerns\\{closure}(Object(Laravel\\Lumen\\Http\\Request))
#12 C:\\Xamp\\php\\tantoy_sia1\\vendor\\laravel\\lumen-framework\\src\\Concerns\\RoutesRequests.php(175): Laravel\\Lumen\\Application->sendThroughPipeline(Array, Object(Closure))
#13 C:\\Xamp\\php\\tantoy_sia1\\vendor\\laravel\\lumen-framework\\src\\Concerns\\RoutesRequests.php(112): Laravel\\Lumen\\Application->dispatch(NULL)
#14 C:\\Xamp\\php\\tantoy_sia1\\public\\index.php(28): Laravel\\Lumen\\Application->run()
#15 {main}
"} 
[2022-06-16 15:31:02] local.ERROR: Class "App\Models\Userjob" not found {"exception":"[object] (Error(code: 0): Class \"App\\Models\\Userjob\" not found at C:\\Xamp\\php\\tantoy_sia1\\app\\Http\\Controllers\\Usercontroller.php:33)
[stacktrace]
#0 C:\\Xamp\\php\\tantoy_sia1\\vendor\\illuminate\\container\\BoundMethod.php(36): App\\Http\\Controllers\\UserController->add(Object(Laravel\\Lumen\\Http\\Request))
#1 C:\\Xamp\\php\\tantoy_sia1\\vendor\\illuminate\\container\\Util.php(41): Illuminate\\Container\\BoundMethod::Illuminate\\Container\\{closure}()
#2 C:\\Xamp\\php\\tantoy_sia1\\vendor\\illuminate\\container\\BoundMethod.php(93): Illuminate\\Container\\Util::unwrapIfClosure(Object(Closure))
#3 C:\\Xamp\\php\\tantoy_sia1\\vendor\\illuminate\\container\\BoundMethod.php(37): Illuminate\\Container\\BoundMethod::callBoundMethod(Object(Laravel\\Lumen\\Application), Array, Object(Closure))
#4 C:\\Xamp\\php\\tantoy_sia1\\vendor\\illuminate\\container\\Container.php(651): Illuminate\\Container\\BoundMethod::call(Object(Laravel\\Lumen\\Application), Array, Array, NULL)
#5 C:\\Xamp\\php\\tantoy_sia1\\vendor\\laravel\\lumen-framework\\src\\Concerns\\RoutesRequests.php(389): Illuminate\\Container\\Container->call(Array, Array)
#6 C:\\Xamp\\php\\tantoy_sia1\\vendor\\laravel\\lumen-framework\\src\\Concerns\\RoutesRequests.php(355): Laravel\\Lumen\\Application->callControllerCallable(Array, Array)
#7 C:\\Xamp\\php\\tantoy_sia1\\vendor\\laravel\\lumen-framework\\src\\Concerns\\RoutesRequests.php(329): Laravel\\Lumen\\Application->callLumenController(Object(App\\Http\\Controllers\\UserController), 'add', Array)
#8 C:\\Xamp\\php\\tantoy_sia1\\vendor\\laravel\\lumen-framework\\src\\Concerns\\RoutesRequests.php(282): Laravel\\Lumen\\Application->callControllerAction(Array)
#9 C:\\Xamp\\php\\tantoy_sia1\\vendor\\laravel\\lumen-framework\\src\\Concerns\\RoutesRequests.php(267): Laravel\\Lumen\\Application->callActionOnArrayBasedRoute(Array)
#10 C:\\Xamp\\php\\tantoy_sia1\\vendor\\laravel\\lumen-framework\\src\\Concerns\\RoutesRequests.php(169): Laravel\\Lumen\\Application->handleFoundRoute(Array)
#11 C:\\Xamp\\php\\tantoy_sia1\\vendor\\laravel\\lumen-framework\\src\\Concerns\\RoutesRequests.php(429): Laravel\\Lumen\\Application->Laravel\\Lumen\\Concerns\\{closure}(Object(Laravel\\Lumen\\Http\\Request))
#12 C:\\Xamp\\php\\tantoy_sia1\\vendor\\laravel\\lumen-framework\\src\\Concerns\\RoutesRequests.php(175): Laravel\\Lumen\\Application->sendThroughPipeline(Array, Object(Closure))
#13 C:\\Xamp\\php\\tantoy_sia1\\vendor\\laravel\\lumen-framework\\src\\Concerns\\RoutesRequests.php(112): Laravel\\Lumen\\Application->dispatch(NULL)
#14 C:\\Xamp\\php\\tantoy_sia1\\public\\index.php(28): Laravel\\Lumen\\Application->run()
#15 {main}
"} 
[2022-06-16 15:33:18] local.ERROR: Class "App\Models\Userjob" not found {"exception":"[object] (Error(code: 0): Class \"App\\Models\\Userjob\" not found at C:\\Xamp\\php\\tantoy_sia1\\app\\Http\\Controllers\\Usercontroller.php:33)
[stacktrace]
#0 C:\\Xamp\\php\\tantoy_sia1\\vendor\\illuminate\\container\\BoundMethod.php(36): App\\Http\\Controllers\\UserController->add(Object(Laravel\\Lumen\\Http\\Request))
#1 C:\\Xamp\\php\\tantoy_sia1\\vendor\\illuminate\\container\\Util.php(41): Illuminate\\Container\\BoundMethod::Illuminate\\Container\\{closure}()
#2 C:\\Xamp\\php\\tantoy_sia1\\vendor\\illuminate\\container\\BoundMethod.php(93): Illuminate\\Container\\Util::unwrapIfClosure(Object(Closure))
#3 C:\\Xamp\\php\\tantoy_sia1\\vendor\\illuminate\\container\\BoundMethod.php(37): Illuminate\\Container\\BoundMethod::callBoundMethod(Object(Laravel\\Lumen\\Application), Array, Object(Closure))
#4 C:\\Xamp\\php\\tantoy_sia1\\vendor\\illuminate\\container\\Container.php(651): Illuminate\\Container\\BoundMethod::call(Object(Laravel\\Lumen\\Application), Array, Array, NULL)
#5 C:\\Xamp\\php\\tantoy_sia1\\vendor\\laravel\\lumen-framework\\src\\Concerns\\RoutesRequests.php(389): Illuminate\\Container\\Container->call(Array, Array)
#6 C:\\Xamp\\php\\tantoy_sia1\\vendor\\laravel\\lumen-framework\\src\\Concerns\\RoutesRequests.php(355): Laravel\\Lumen\\Application->callControllerCallable(Array, Array)
#7 C:\\Xamp\\php\\tantoy_sia1\\vendor\\laravel\\lumen-framework\\src\\Concerns\\RoutesRequests.php(329): Laravel\\Lumen\\Application->callLumenController(Object(App\\Http\\Controllers\\UserController), 'add', Array)
#8 C:\\Xamp\\php\\tantoy_sia1\\vendor\\laravel\\lumen-framework\\src\\Concerns\\RoutesRequests.php(282): Laravel\\Lumen\\Application->callControllerAction(Array)
#9 C:\\Xamp\\php\\tantoy_sia1\\vendor\\laravel\\lumen-framework\\src\\Concerns\\RoutesRequests.php(267): Laravel\\Lumen\\Application->callActionOnArrayBasedRoute(Array)
#10 C:\\Xamp\\php\\tantoy_sia1\\vendor\\laravel\\lumen-framework\\src\\Concerns\\RoutesRequests.php(169): Laravel\\Lumen\\Application->handleFoundRoute(Array)
#11 C:\\Xamp\\php\\tantoy_sia1\\vendor\\laravel\\lumen-framework\\src\\Concerns\\RoutesRequests.php(429): Laravel\\Lumen\\Application->Laravel\\Lumen\\Concerns\\{closure}(Object(Laravel\\Lumen\\Http\\Request))
#12 C:\\Xamp\\php\\tantoy_sia1\\vendor\\laravel\\lumen-framework\\src\\Concerns\\RoutesRequests.php(175): Laravel\\Lumen\\Application->sendThroughPipeline(Array, Object(Closure))
#13 C:\\Xamp\\php\\tantoy_sia1\\vendor\\laravel\\lumen-framework\\src\\Concerns\\RoutesRequests.php(112): Laravel\\Lumen\\Application->dispatch(NULL)
#14 C:\\Xamp\\php\\tantoy_sia1\\public\\index.php(28): Laravel\\Lumen\\Application->run()
#15 {main}
"} 
[2022-06-16 15:35:02] local.ERROR: Class "App\Models\Userjob" not found {"exception":"[object] (Error(code: 0): Class \"App\\Models\\Userjob\" not found at C:\\Xamp\\php\\tantoy_sia1\\app\\Http\\Controllers\\Usercontroller.php:33)
[stacktrace]
#0 C:\\Xamp\\php\\tantoy_sia1\\vendor\\illuminate\\container\\BoundMethod.php(36): App\\Http\\Controllers\\UserController->add(Object(Laravel\\Lumen\\Http\\Request))
#1 C:\\Xamp\\php\\tantoy_sia1\\vendor\\illuminate\\container\\Util.php(41): Illuminate\\Container\\BoundMethod::Illuminate\\Container\\{closure}()
#2 C:\\Xamp\\php\\tantoy_sia1\\vendor\\illuminate\\container\\BoundMethod.php(93): Illuminate\\Container\\Util::unwrapIfClosure(Object(Closure))
#3 C:\\Xamp\\php\\tantoy_sia1\\vendor\\illuminate\\container\\BoundMethod.php(37): Illuminate\\Container\\BoundMethod::callBoundMethod(Object(Laravel\\Lumen\\Application), Array, Object(Closure))
#4 C:\\Xamp\\php\\tantoy_sia1\\vendor\\illuminate\\container\\Container.php(651): Illuminate\\Container\\BoundMethod::call(Object(Laravel\\Lumen\\Application), Array, Array, NULL)
#5 C:\\Xamp\\php\\tantoy_sia1\\vendor\\laravel\\lumen-framework\\src\\Concerns\\RoutesRequests.php(389): Illuminate\\Container\\Container->call(Array, Array)
#6 C:\\Xamp\\php\\tantoy_sia1\\vendor\\laravel\\lumen-framework\\src\\Concerns\\RoutesRequests.php(355): Laravel\\Lumen\\Application->callControllerCallable(Array, Array)
#7 C:\\Xamp\\php\\tantoy_sia1\\vendor\\laravel\\lumen-framework\\src\\Concerns\\RoutesRequests.php(329): Laravel\\Lumen\\Application->callLumenController(Object(App\\Http\\Controllers\\UserController), 'add', Array)
#8 C:\\Xamp\\php\\tantoy_sia1\\vendor\\laravel\\lumen-framework\\src\\Concerns\\RoutesRequests.php(282): Laravel\\Lumen\\Application->callControllerAction(Array)
#9 C:\\Xamp\\php\\tantoy_sia1\\vendor\\laravel\\lumen-framework\\src\\Concerns\\RoutesRequests.php(267): Laravel\\Lumen\\Application->callActionOnArrayBasedRoute(Array)
#10 C:\\Xamp\\php\\tantoy_sia1\\vendor\\laravel\\lumen-framework\\src\\Concerns\\RoutesRequests.php(169): Laravel\\Lumen\\Application->handleFoundRoute(Array)
#11 C:\\Xamp\\php\\tantoy_sia1\\vendor\\laravel\\lumen-framework\\src\\Concerns\\RoutesRequests.php(429): Laravel\\Lumen\\Application->Laravel\\Lumen\\Concerns\\{closure}(Object(Laravel\\Lumen\\Http\\Request))
#12 C:\\Xamp\\php\\tantoy_sia1\\vendor\\laravel\\lumen-framework\\src\\Concerns\\RoutesRequests.php(175): Laravel\\Lumen\\Application->sendThroughPipeline(Array, Object(Closure))
#13 C:\\Xamp\\php\\tantoy_sia1\\vendor\\laravel\\lumen-framework\\src\\Concerns\\RoutesRequests.php(112): Laravel\\Lumen\\Application->dispatch(NULL)
#14 C:\\Xamp\\php\\tantoy_sia1\\public\\index.php(28): Laravel\\Lumen\\Application->run()
#15 {main}
"} 
[2022-06-16 15:37:59] local.ERROR: Class "App\Models\UserJob" not found {"exception":"[object] (Error(code: 0): Class \"App\\Models\\UserJob\" not found at C:\\Xamp\\php\\tantoy_sia1\\app\\Http\\Controllers\\Usercontroller.php:33)
[stacktrace]
#0 C:\\Xamp\\php\\tantoy_sia1\\vendor\\illuminate\\container\\BoundMethod.php(36): App\\Http\\Controllers\\UserController->add(Object(Laravel\\Lumen\\Http\\Request))
#1 C:\\Xamp\\php\\tantoy_sia1\\vendor\\illuminate\\container\\Util.php(41): Illuminate\\Container\\BoundMethod::Illuminate\\Container\\{closure}()
#2 C:\\Xamp\\php\\tantoy_sia1\\vendor\\illuminate\\container\\BoundMethod.php(93): Illuminate\\Container\\Util::unwrapIfClosure(Object(Closure))
#3 C:\\Xamp\\php\\tantoy_sia1\\vendor\\illuminate\\container\\BoundMethod.php(37): Illuminate\\Container\\BoundMethod::callBoundMethod(Object(Laravel\\Lumen\\Application), Array, Object(Closure))
#4 C:\\Xamp\\php\\tantoy_sia1\\vendor\\illuminate\\container\\Container.php(651): Illuminate\\Container\\BoundMethod::call(Object(Laravel\\Lumen\\Application), Array, Array, NULL)
#5 C:\\Xamp\\php\\tantoy_sia1\\vendor\\laravel\\lumen-framework\\src\\Concerns\\RoutesRequests.php(389): Illuminate\\Container\\Container->call(Array, Array)
#6 C:\\Xamp\\php\\tantoy_sia1\\vendor\\laravel\\lumen-framework\\src\\Concerns\\RoutesRequests.php(355): Laravel\\Lumen\\Application->callControllerCallable(Array, Array)
#7 C:\\Xamp\\php\\tantoy_sia1\\vendor\\laravel\\lumen-framework\\src\\Concerns\\RoutesRequests.php(329): Laravel\\Lumen\\Application->callLumenController(Object(App\\Http\\Controllers\\UserController), 'add', Array)
#8 C:\\Xamp\\php\\tantoy_sia1\\vendor\\laravel\\lumen-framework\\src\\Concerns\\RoutesRequests.php(282): Laravel\\Lumen\\Application->callControllerAction(Array)
#9 C:\\Xamp\\php\\tantoy_sia1\\vendor\\laravel\\lumen-framework\\src\\Concerns\\RoutesRequests.php(267): Laravel\\Lumen\\Application->callActionOnArrayBasedRoute(Array)
#10 C:\\Xamp\\php\\tantoy_sia1\\vendor\\laravel\\lumen-framework\\src\\Concerns\\RoutesRequests.php(169): Laravel\\Lumen\\Application->handleFoundRoute(Array)
#11 C:\\Xamp\\php\\tantoy_sia1\\vendor\\laravel\\lumen-framework\\src\\Concerns\\RoutesRequests.php(429): Laravel\\Lumen\\Application->Laravel\\Lumen\\Concerns\\{closure}(Object(Laravel\\Lumen\\Http\\Request))
#12 C:\\Xamp\\php\\tantoy_sia1\\vendor\\laravel\\lumen-framework\\src\\Concerns\\RoutesRequests.php(175): Laravel\\Lumen\\Application->sendThroughPipeline(Array, Object(Closure))
#13 C:\\Xamp\\php\\tantoy_sia1\\vendor\\laravel\\lumen-framework\\src\\Concerns\\RoutesRequests.php(112): Laravel\\Lumen\\Application->dispatch(NULL)
#14 C:\\Xamp\\php\\tantoy_sia1\\public\\index.php(28): Laravel\\Lumen\\Application->run()
#15 {main}
"} 
[2022-06-16 15:38:41] local.ERROR: Class "App\Models\UserJob" not found {"exception":"[object] (Error(code: 0): Class \"App\\Models\\UserJob\" not found at C:\\Xamp\\php\\tantoy_sia1\\app\\Http\\Controllers\\Usercontroller.php:33)
[stacktrace]
#0 C:\\Xamp\\php\\tantoy_sia1\\vendor\\illuminate\\container\\BoundMethod.php(36): App\\Http\\Controllers\\UserController->add(Object(Laravel\\Lumen\\Http\\Request))
#1 C:\\Xamp\\php\\tantoy_sia1\\vendor\\illuminate\\container\\Util.php(41): Illuminate\\Container\\BoundMethod::Illuminate\\Container\\{closure}()
#2 C:\\Xamp\\php\\tantoy_sia1\\vendor\\illuminate\\container\\BoundMethod.php(93): Illuminate\\Container\\Util::unwrapIfClosure(Object(Closure))
#3 C:\\Xamp\\php\\tantoy_sia1\\vendor\\illuminate\\container\\BoundMethod.php(37): Illuminate\\Container\\BoundMethod::callBoundMethod(Object(Laravel\\Lumen\\Application), Array, Object(Closure))
#4 C:\\Xamp\\php\\tantoy_sia1\\vendor\\illuminate\\container\\Container.php(651): Illuminate\\Container\\BoundMethod::call(Object(Laravel\\Lumen\\Application), Array, Array, NULL)
#5 C:\\Xamp\\php\\tantoy_sia1\\vendor\\laravel\\lumen-framework\\src\\Concerns\\RoutesRequests.php(389): Illuminate\\Container\\Container->call(Array, Array)
#6 C:\\Xamp\\php\\tantoy_sia1\\vendor\\laravel\\lumen-framework\\src\\Concerns\\RoutesRequests.php(355): Laravel\\Lumen\\Application->callControllerCallable(Array, Array)
#7 C:\\Xamp\\php\\tantoy_sia1\\vendor\\laravel\\lumen-framework\\src\\Concerns\\RoutesRequests.php(329): Laravel\\Lumen\\Application->callLumenController(Object(App\\Http\\Controllers\\UserController), 'add', Array)
#8 C:\\Xamp\\php\\tantoy_sia1\\vendor\\laravel\\lumen-framework\\src\\Concerns\\RoutesRequests.php(282): Laravel\\Lumen\\Application->callControllerAction(Array)
#9 C:\\Xamp\\php\\tantoy_sia1\\vendor\\laravel\\lumen-framework\\src\\Concerns\\RoutesRequests.php(267): Laravel\\Lumen\\Application->callActionOnArrayBasedRoute(Array)
#10 C:\\Xamp\\php\\tantoy_sia1\\vendor\\laravel\\lumen-framework\\src\\Concerns\\RoutesRequests.php(169): Laravel\\Lumen\\Application->handleFoundRoute(Array)
#11 C:\\Xamp\\php\\tantoy_sia1\\vendor\\laravel\\lumen-framework\\src\\Concerns\\RoutesRequests.php(429): Laravel\\Lumen\\Application->Laravel\\Lumen\\Concerns\\{closure}(Object(Laravel\\Lumen\\Http\\Request))
#12 C:\\Xamp\\php\\tantoy_sia1\\vendor\\laravel\\lumen-framework\\src\\Concerns\\RoutesRequests.php(175): Laravel\\Lumen\\Application->sendThroughPipeline(Array, Object(Closure))
#13 C:\\Xamp\\php\\tantoy_sia1\\vendor\\laravel\\lumen-framework\\src\\Concerns\\RoutesRequests.php(112): Laravel\\Lumen\\Application->dispatch(NULL)
#14 C:\\Xamp\\php\\tantoy_sia1\\public\\index.php(28): Laravel\\Lumen\\Application->run()
#15 {main}
"} 
[2022-06-16 15:41:02] local.ERROR: Class "App\Models\UserJob" not found {"exception":"[object] (Error(code: 0): Class \"App\\Models\\UserJob\" not found at C:\\Xamp\\php\\tantoy_sia1\\app\\Http\\Controllers\\Usercontroller.php:33)
[stacktrace]
#0 C:\\Xamp\\php\\tantoy_sia1\\vendor\\illuminate\\container\\BoundMethod.php(36): App\\Http\\Controllers\\UserController->add(Object(Laravel\\Lumen\\Http\\Request))
#1 C:\\Xamp\\php\\tantoy_sia1\\vendor\\illuminate\\container\\Util.php(41): Illuminate\\Container\\BoundMethod::Illuminate\\Container\\{closure}()
#2 C:\\Xamp\\php\\tantoy_sia1\\vendor\\illuminate\\container\\BoundMethod.php(93): Illuminate\\Container\\Util::unwrapIfClosure(Object(Closure))
#3 C:\\Xamp\\php\\tantoy_sia1\\vendor\\illuminate\\container\\BoundMethod.php(37): Illuminate\\Container\\BoundMethod::callBoundMethod(Object(Laravel\\Lumen\\Application), Array, Object(Closure))
#4 C:\\Xamp\\php\\tantoy_sia1\\vendor\\illuminate\\container\\Container.php(651): Illuminate\\Container\\BoundMethod::call(Object(Laravel\\Lumen\\Application), Array, Array, NULL)
#5 C:\\Xamp\\php\\tantoy_sia1\\vendor\\laravel\\lumen-framework\\src\\Concerns\\RoutesRequests.php(389): Illuminate\\Container\\Container->call(Array, Array)
#6 C:\\Xamp\\php\\tantoy_sia1\\vendor\\laravel\\lumen-framework\\src\\Concerns\\RoutesRequests.php(355): Laravel\\Lumen\\Application->callControllerCallable(Array, Array)
#7 C:\\Xamp\\php\\tantoy_sia1\\vendor\\laravel\\lumen-framework\\src\\Concerns\\RoutesRequests.php(329): Laravel\\Lumen\\Application->callLumenController(Object(App\\Http\\Controllers\\UserController), 'add', Array)
#8 C:\\Xamp\\php\\tantoy_sia1\\vendor\\laravel\\lumen-framework\\src\\Concerns\\RoutesRequests.php(282): Laravel\\Lumen\\Application->callControllerAction(Array)
#9 C:\\Xamp\\php\\tantoy_sia1\\vendor\\laravel\\lumen-framework\\src\\Concerns\\RoutesRequests.php(267): Laravel\\Lumen\\Application->callActionOnArrayBasedRoute(Array)
#10 C:\\Xamp\\php\\tantoy_sia1\\vendor\\laravel\\lumen-framework\\src\\Concerns\\RoutesRequests.php(169): Laravel\\Lumen\\Application->handleFoundRoute(Array)
#11 C:\\Xamp\\php\\tantoy_sia1\\vendor\\laravel\\lumen-framework\\src\\Concerns\\RoutesRequests.php(429): Laravel\\Lumen\\Application->Laravel\\Lumen\\Concerns\\{closure}(Object(Laravel\\Lumen\\Http\\Request))
#12 C:\\Xamp\\php\\tantoy_sia1\\vendor\\laravel\\lumen-framework\\src\\Concerns\\RoutesRequests.php(175): Laravel\\Lumen\\Application->sendThroughPipeline(Array, Object(Closure))
#13 C:\\Xamp\\php\\tantoy_sia1\\vendor\\laravel\\lumen-framework\\src\\Concerns\\RoutesRequests.php(112): Laravel\\Lumen\\Application->dispatch(NULL)
#14 C:\\Xamp\\php\\tantoy_sia1\\public\\index.php(28): Laravel\\Lumen\\Application->run()
#15 {main}
"} 
