[2022-06-18 15:42:28] local.ERROR: Call to undefined function register() {"exception":"[object] (Error(code: 0): Call to undefined function register() at C:\\Xamp\\php\\ApiGateway\\bootstrap\\app.php:98)
[stacktrace]
#0 C:\\Xamp\\php\\ApiGateway\\artisan(18): require()
#1 {main}
"} 
[2022-06-18 15:43:34] local.ERROR: Call to undefined function register() {"exception":"[object] (Error(code: 0): Call to undefined function register() at C:\\Xamp\\php\\ApiGateway\\bootstrap\\app.php:98)
[stacktrace]
#0 C:\\Xamp\\php\\ApiGateway\\artisan(18): require()
#1 {main}
"} 
[2022-06-18 15:44:26] local.ERROR: Call to undefined function register() {"exception":"[object] (Error(code: 0): Call to undefined function register() at C:\\Xamp\\php\\ApiGateway\\bootstrap\\app.php:98)
[stacktrace]
#0 C:\\Xamp\\php\\ApiGateway\\artisan(18): require()
#1 {main}
"} 
[2022-06-18 15:45:44] local.ERROR: Call to undefined function register() {"exception":"[object] (Error(code: 0): Call to undefined function register() at C:\\Xamp\\php\\ApiGateway\\bootstrap\\app.php:98)
[stacktrace]
#0 C:\\Xamp\\php\\ApiGateway\\artisan(18): require()
#1 {main}
"} 
[2022-06-18 15:48:40] local.ERROR: Choice question must have at least 1 choice available. {"exception":"[object] (LogicException(code: 0): Choice question must have at least 1 choice available. at C:\\Xamp\\php\\ApiGateway\\vendor\\symfony\\console\\Question\\ChoiceQuestion.php:36)
[stacktrace]
#0 C:\\Xamp\\php\\ApiGateway\\vendor\\illuminate\\console\\Concerns\\InteractsWithIO.php(208): Symfony\\Component\\Console\\Question\\ChoiceQuestion->__construct('Which user prov...', Array, NULL)
#1 C:\\Xamp\\php\\ApiGateway\\vendor\\laravel\\passport\\src\\Console\\ClientCommand.php(93): Illuminate\\Console\\Command->choice('Which user prov...', Array, NULL)
#2 C:\\Xamp\\php\\ApiGateway\\vendor\\laravel\\passport\\src\\Console\\ClientCommand.php(45): Laravel\\Passport\\Console\\ClientCommand->createPasswordClient(Object(Laravel\\Passport\\ClientRepository))
#3 C:\\Xamp\\php\\ApiGateway\\vendor\\illuminate\\container\\BoundMethod.php(36): Laravel\\Passport\\Console\\ClientCommand->handle(Object(Laravel\\Passport\\ClientRepository))
#4 C:\\Xamp\\php\\ApiGateway\\vendor\\illuminate\\container\\Util.php(41): Illuminate\\Container\\BoundMethod::Illuminate\\Container\\{closure}()
#5 C:\\Xamp\\php\\ApiGateway\\vendor\\illuminate\\container\\BoundMethod.php(93): Illuminate\\Container\\Util::unwrapIfClosure(Object(Closure))
#6 C:\\Xamp\\php\\ApiGateway\\vendor\\illuminate\\container\\BoundMethod.php(37): Illuminate\\Container\\BoundMethod::callBoundMethod(Object(Laravel\\Lumen\\Application), Array, Object(Closure))
#7 C:\\Xamp\\php\\ApiGateway\\vendor\\illuminate\\container\\Container.php(651): Illuminate\\Container\\BoundMethod::call(Object(Laravel\\Lumen\\Application), Array, Array, NULL)
#8 C:\\Xamp\\php\\ApiGateway\\vendor\\illuminate\\console\\Command.php(136): Illuminate\\Container\\Container->call(Array)
#9 C:\\Xamp\\php\\ApiGateway\\vendor\\symfony\\console\\Command\\Command.php(308): Illuminate\\Console\\Command->execute(Object(Symfony\\Component\\Console\\Input\\ArrayInput), Object(Illuminate\\Console\\OutputStyle))
#10 C:\\Xamp\\php\\ApiGateway\\vendor\\illuminate\\console\\Command.php(121): Symfony\\Component\\Console\\Command\\Command->run(Object(Symfony\\Component\\Console\\Input\\ArrayInput), Object(Illuminate\\Console\\OutputStyle))
#11 C:\\Xamp\\php\\ApiGateway\\vendor\\illuminate\\console\\Concerns\\CallsCommands.php(68): Illuminate\\Console\\Command->run(Object(Symfony\\Component\\Console\\Input\\ArrayInput), Object(Illuminate\\Console\\OutputStyle))
#12 C:\\Xamp\\php\\ApiGateway\\vendor\\illuminate\\console\\Concerns\\CallsCommands.php(28): Illuminate\\Console\\Command->runCommand('passport:client', Array, Object(Illuminate\\Console\\OutputStyle))
#13 C:\\Xamp\\php\\ApiGateway\\vendor\\laravel\\passport\\src\\Console\\InstallCommand.php(43): Illuminate\\Console\\Command->call('passport:client', Array)
#14 C:\\Xamp\\php\\ApiGateway\\vendor\\illuminate\\container\\BoundMethod.php(36): Laravel\\Passport\\Console\\InstallCommand->handle()
#15 C:\\Xamp\\php\\ApiGateway\\vendor\\illuminate\\container\\Util.php(41): Illuminate\\Container\\BoundMethod::Illuminate\\Container\\{closure}()
#16 C:\\Xamp\\php\\ApiGateway\\vendor\\illuminate\\container\\BoundMethod.php(93): Illuminate\\Container\\Util::unwrapIfClosure(Object(Closure))
#17 C:\\Xamp\\php\\ApiGateway\\vendor\\illuminate\\container\\BoundMethod.php(37): Illuminate\\Container\\BoundMethod::callBoundMethod(Object(Laravel\\Lumen\\Application), Array, Object(Closure))
#18 C:\\Xamp\\php\\ApiGateway\\vendor\\illuminate\\container\\Container.php(651): Illuminate\\Container\\BoundMethod::call(Object(Laravel\\Lumen\\Application), Array, Array, NULL)
#19 C:\\Xamp\\php\\ApiGateway\\vendor\\illuminate\\console\\Command.php(136): Illuminate\\Container\\Container->call(Array)
#20 C:\\Xamp\\php\\ApiGateway\\vendor\\symfony\\console\\Command\\Command.php(308): Illuminate\\Console\\Command->execute(Object(Symfony\\Component\\Console\\Input\\ArgvInput), Object(Illuminate\\Console\\OutputStyle))
#21 C:\\Xamp\\php\\ApiGateway\\vendor\\illuminate\\console\\Command.php(121): Symfony\\Component\\Console\\Command\\Command->run(Object(Symfony\\Component\\Console\\Input\\ArgvInput), Object(Illuminate\\Console\\OutputStyle))
#22 C:\\Xamp\\php\\ApiGateway\\vendor\\symfony\\console\\Application.php(998): Illuminate\\Console\\Command->run(Object(Symfony\\Component\\Console\\Input\\ArgvInput), Object(Symfony\\Component\\Console\\Output\\ConsoleOutput))
#23 C:\\Xamp\\php\\ApiGateway\\vendor\\symfony\\console\\Application.php(299): Symfony\\Component\\Console\\Application->doRunCommand(Object(Laravel\\Passport\\Console\\InstallCommand), Object(Symfony\\Component\\Console\\Input\\ArgvInput), Object(Symfony\\Component\\Console\\Output\\ConsoleOutput))
#24 C:\\Xamp\\php\\ApiGateway\\vendor\\symfony\\console\\Application.php(171): Symfony\\Component\\Console\\Application->doRun(Object(Symfony\\Component\\Console\\Input\\ArgvInput), Object(Symfony\\Component\\Console\\Output\\ConsoleOutput))
#25 C:\\Xamp\\php\\ApiGateway\\vendor\\illuminate\\console\\Application.php(102): Symfony\\Component\\Console\\Application->run(Object(Symfony\\Component\\Console\\Input\\ArgvInput), Object(Symfony\\Component\\Console\\Output\\ConsoleOutput))
#26 C:\\Xamp\\php\\ApiGateway\\vendor\\laravel\\lumen-framework\\src\\Console\\Kernel.php(116): Illuminate\\Console\\Application->run(Object(Symfony\\Component\\Console\\Input\\ArgvInput), Object(Symfony\\Component\\Console\\Output\\ConsoleOutput))
#27 C:\\Xamp\\php\\ApiGateway\\artisan(35): Laravel\\Lumen\\Console\\Kernel->handle(Object(Symfony\\Component\\Console\\Input\\ArgvInput), Object(Symfony\\Component\\Console\\Output\\ConsoleOutput))
#28 {main}
"} 
[2022-06-18 16:10:09] local.ERROR: The authorization grant type is not supported by the authorization server. {"exception":"[object] (Laravel\\Passport\\Exceptions\\OAuthServerException(code: 2): The authorization grant type is not supported by the authorization server. at C:\\Xamp\\php\\ApiGateway\\vendor\\laravel\\passport\\src\\Http\\Controllers\\HandlesOAuthErrors.php:26)
[stacktrace]
#0 C:\\Xamp\\php\\ApiGateway\\vendor\\dusterio\\lumen-passport\\src\\Http\\Controllers\\AccessTokenController.php(35): Laravel\\Passport\\Http\\Controllers\\AccessTokenController->withErrorHandling(Object(Closure))
#1 C:\\Xamp\\php\\ApiGateway\\vendor\\illuminate\\container\\BoundMethod.php(36): Dusterio\\LumenPassport\\Http\\Controllers\\AccessTokenController->issueToken(Object(Nyholm\\Psr7\\ServerRequest))
#2 C:\\Xamp\\php\\ApiGateway\\vendor\\illuminate\\container\\Util.php(41): Illuminate\\Container\\BoundMethod::Illuminate\\Container\\{closure}()
#3 C:\\Xamp\\php\\ApiGateway\\vendor\\illuminate\\container\\BoundMethod.php(93): Illuminate\\Container\\Util::unwrapIfClosure(Object(Closure))
#4 C:\\Xamp\\php\\ApiGateway\\vendor\\illuminate\\container\\BoundMethod.php(37): Illuminate\\Container\\BoundMethod::callBoundMethod(Object(Laravel\\Lumen\\Application), Array, Object(Closure))
#5 C:\\Xamp\\php\\ApiGateway\\vendor\\illuminate\\container\\Container.php(651): Illuminate\\Container\\BoundMethod::call(Object(Laravel\\Lumen\\Application), Array, Array, NULL)
#6 C:\\Xamp\\php\\ApiGateway\\vendor\\laravel\\lumen-framework\\src\\Concerns\\RoutesRequests.php(389): Illuminate\\Container\\Container->call(Array, Array)
#7 C:\\Xamp\\php\\ApiGateway\\vendor\\laravel\\lumen-framework\\src\\Concerns\\RoutesRequests.php(332): Laravel\\Lumen\\Application->callControllerCallable(Array, Array)
#8 C:\\Xamp\\php\\ApiGateway\\vendor\\laravel\\lumen-framework\\src\\Concerns\\RoutesRequests.php(282): Laravel\\Lumen\\Application->callControllerAction(Array)
#9 C:\\Xamp\\php\\ApiGateway\\vendor\\laravel\\lumen-framework\\src\\Concerns\\RoutesRequests.php(267): Laravel\\Lumen\\Application->callActionOnArrayBasedRoute(Array)
#10 C:\\Xamp\\php\\ApiGateway\\vendor\\laravel\\lumen-framework\\src\\Concerns\\RoutesRequests.php(169): Laravel\\Lumen\\Application->handleFoundRoute(Array)
#11 C:\\Xamp\\php\\ApiGateway\\vendor\\laravel\\lumen-framework\\src\\Concerns\\RoutesRequests.php(429): Laravel\\Lumen\\Application->Laravel\\Lumen\\Concerns\\{closure}(Object(Laravel\\Lumen\\Http\\Request))
#12 C:\\Xamp\\php\\ApiGateway\\vendor\\laravel\\lumen-framework\\src\\Concerns\\RoutesRequests.php(175): Laravel\\Lumen\\Application->sendThroughPipeline(Array, Object(Closure))
#13 C:\\Xamp\\php\\ApiGateway\\vendor\\laravel\\lumen-framework\\src\\Concerns\\RoutesRequests.php(112): Laravel\\Lumen\\Application->dispatch(NULL)
#14 C:\\Xamp\\php\\ApiGateway\\public\\index.php(28): Laravel\\Lumen\\Application->run()
#15 {main}

[previous exception] [object] (League\\OAuth2\\Server\\Exception\\OAuthServerException(code: 2): The authorization grant type is not supported by the authorization server. at C:\\Xamp\\php\\ApiGateway\\vendor\\league\\oauth2-server\\src\\Exception\\OAuthServerException.php:124)
[stacktrace]
#0 C:\\Xamp\\php\\ApiGateway\\vendor\\league\\oauth2-server\\src\\AuthorizationServer.php(212): League\\OAuth2\\Server\\Exception\\OAuthServerException::unsupportedGrantType()
#1 C:\\Xamp\\php\\ApiGateway\\vendor\\dusterio\\lumen-passport\\src\\Http\\Controllers\\AccessTokenController.php(34): League\\OAuth2\\Server\\AuthorizationServer->respondToAccessTokenRequest(Object(Nyholm\\Psr7\\ServerRequest), Object(Laminas\\Diactoros\\Response))
#2 C:\\Xamp\\php\\ApiGateway\\vendor\\laravel\\passport\\src\\Http\\Controllers\\HandlesOAuthErrors.php(24): Dusterio\\LumenPassport\\Http\\Controllers\\AccessTokenController->Dusterio\\LumenPassport\\Http\\Controllers\\{closure}()
#3 C:\\Xamp\\php\\ApiGateway\\vendor\\dusterio\\lumen-passport\\src\\Http\\Controllers\\AccessTokenController.php(35): Laravel\\Passport\\Http\\Controllers\\AccessTokenController->withErrorHandling(Object(Closure))
#4 C:\\Xamp\\php\\ApiGateway\\vendor\\illuminate\\container\\BoundMethod.php(36): Dusterio\\LumenPassport\\Http\\Controllers\\AccessTokenController->issueToken(Object(Nyholm\\Psr7\\ServerRequest))
#5 C:\\Xamp\\php\\ApiGateway\\vendor\\illuminate\\container\\Util.php(41): Illuminate\\Container\\BoundMethod::Illuminate\\Container\\{closure}()
#6 C:\\Xamp\\php\\ApiGateway\\vendor\\illuminate\\container\\BoundMethod.php(93): Illuminate\\Container\\Util::unwrapIfClosure(Object(Closure))
#7 C:\\Xamp\\php\\ApiGateway\\vendor\\illuminate\\container\\BoundMethod.php(37): Illuminate\\Container\\BoundMethod::callBoundMethod(Object(Laravel\\Lumen\\Application), Array, Object(Closure))
#8 C:\\Xamp\\php\\ApiGateway\\vendor\\illuminate\\container\\Container.php(651): Illuminate\\Container\\BoundMethod::call(Object(Laravel\\Lumen\\Application), Array, Array, NULL)
#9 C:\\Xamp\\php\\ApiGateway\\vendor\\laravel\\lumen-framework\\src\\Concerns\\RoutesRequests.php(389): Illuminate\\Container\\Container->call(Array, Array)
#10 C:\\Xamp\\php\\ApiGateway\\vendor\\laravel\\lumen-framework\\src\\Concerns\\RoutesRequests.php(332): Laravel\\Lumen\\Application->callControllerCallable(Array, Array)
#11 C:\\Xamp\\php\\ApiGateway\\vendor\\laravel\\lumen-framework\\src\\Concerns\\RoutesRequests.php(282): Laravel\\Lumen\\Application->callControllerAction(Array)
#12 C:\\Xamp\\php\\ApiGateway\\vendor\\laravel\\lumen-framework\\src\\Concerns\\RoutesRequests.php(267): Laravel\\Lumen\\Application->callActionOnArrayBasedRoute(Array)
#13 C:\\Xamp\\php\\ApiGateway\\vendor\\laravel\\lumen-framework\\src\\Concerns\\RoutesRequests.php(169): Laravel\\Lumen\\Application->handleFoundRoute(Array)
#14 C:\\Xamp\\php\\ApiGateway\\vendor\\laravel\\lumen-framework\\src\\Concerns\\RoutesRequests.php(429): Laravel\\Lumen\\Application->Laravel\\Lumen\\Concerns\\{closure}(Object(Laravel\\Lumen\\Http\\Request))
#15 C:\\Xamp\\php\\ApiGateway\\vendor\\laravel\\lumen-framework\\src\\Concerns\\RoutesRequests.php(175): Laravel\\Lumen\\Application->sendThroughPipeline(Array, Object(Closure))
#16 C:\\Xamp\\php\\ApiGateway\\vendor\\laravel\\lumen-framework\\src\\Concerns\\RoutesRequests.php(112): Laravel\\Lumen\\Application->dispatch(NULL)
#17 C:\\Xamp\\php\\ApiGateway\\public\\index.php(28): Laravel\\Lumen\\Application->run()
#18 {main}
"} 
[2022-06-18 16:44:37] local.ERROR: Unauthenticated. {"exception":"[object] (Illuminate\\Auth\\AuthenticationException(code: 0): Unauthenticated. at C:\\Xamp\\php\\ApiGateway\\vendor\\laravel\\passport\\src\\Http\\Middleware\\CheckCredentials.php:64)
[stacktrace]
#0 C:\\Xamp\\php\\ApiGateway\\vendor\\illuminate\\pipeline\\Pipeline.php(180): Laravel\\Passport\\Http\\Middleware\\CheckCredentials->handle(Object(Laravel\\Lumen\\Http\\Request), Object(Closure))
#1 C:\\Xamp\\php\\ApiGateway\\vendor\\laravel\\lumen-framework\\src\\Routing\\Pipeline.php(30): Illuminate\\Pipeline\\Pipeline->Illuminate\\Pipeline\\{closure}(Object(Laravel\\Lumen\\Http\\Request))
#2 C:\\Xamp\\php\\ApiGateway\\vendor\\illuminate\\pipeline\\Pipeline.php(116): Laravel\\Lumen\\Routing\\Pipeline->Laravel\\Lumen\\Routing\\{closure}(Object(Laravel\\Lumen\\Http\\Request))
#3 C:\\Xamp\\php\\ApiGateway\\vendor\\laravel\\lumen-framework\\src\\Concerns\\RoutesRequests.php(426): Illuminate\\Pipeline\\Pipeline->then(Object(Closure))
#4 C:\\Xamp\\php\\ApiGateway\\vendor\\laravel\\lumen-framework\\src\\Concerns\\RoutesRequests.php(263): Laravel\\Lumen\\Application->sendThroughPipeline(Array, Object(Closure))
#5 C:\\Xamp\\php\\ApiGateway\\vendor\\laravel\\lumen-framework\\src\\Concerns\\RoutesRequests.php(169): Laravel\\Lumen\\Application->handleFoundRoute(Array)
#6 C:\\Xamp\\php\\ApiGateway\\vendor\\laravel\\lumen-framework\\src\\Concerns\\RoutesRequests.php(429): Laravel\\Lumen\\Application->Laravel\\Lumen\\Concerns\\{closure}(Object(Laravel\\Lumen\\Http\\Request))
#7 C:\\Xamp\\php\\ApiGateway\\vendor\\laravel\\lumen-framework\\src\\Concerns\\RoutesRequests.php(175): Laravel\\Lumen\\Application->sendThroughPipeline(Array, Object(Closure))
#8 C:\\Xamp\\php\\ApiGateway\\vendor\\laravel\\lumen-framework\\src\\Concerns\\RoutesRequests.php(112): Laravel\\Lumen\\Application->dispatch(NULL)
#9 C:\\Xamp\\php\\ApiGateway\\public\\index.php(28): Laravel\\Lumen\\Application->run()
#10 {main}
"} 
[2022-06-18 16:47:31] local.ERROR: Unauthenticated. {"exception":"[object] (Illuminate\\Auth\\AuthenticationException(code: 0): Unauthenticated. at C:\\Xamp\\php\\ApiGateway\\vendor\\laravel\\passport\\src\\Http\\Middleware\\CheckCredentials.php:64)
[stacktrace]
#0 C:\\Xamp\\php\\ApiGateway\\vendor\\illuminate\\pipeline\\Pipeline.php(180): Laravel\\Passport\\Http\\Middleware\\CheckCredentials->handle(Object(Laravel\\Lumen\\Http\\Request), Object(Closure))
#1 C:\\Xamp\\php\\ApiGateway\\vendor\\laravel\\lumen-framework\\src\\Routing\\Pipeline.php(30): Illuminate\\Pipeline\\Pipeline->Illuminate\\Pipeline\\{closure}(Object(Laravel\\Lumen\\Http\\Request))
#2 C:\\Xamp\\php\\ApiGateway\\vendor\\illuminate\\pipeline\\Pipeline.php(116): Laravel\\Lumen\\Routing\\Pipeline->Laravel\\Lumen\\Routing\\{closure}(Object(Laravel\\Lumen\\Http\\Request))
#3 C:\\Xamp\\php\\ApiGateway\\vendor\\laravel\\lumen-framework\\src\\Concerns\\RoutesRequests.php(426): Illuminate\\Pipeline\\Pipeline->then(Object(Closure))
#4 C:\\Xamp\\php\\ApiGateway\\vendor\\laravel\\lumen-framework\\src\\Concerns\\RoutesRequests.php(263): Laravel\\Lumen\\Application->sendThroughPipeline(Array, Object(Closure))
#5 C:\\Xamp\\php\\ApiGateway\\vendor\\laravel\\lumen-framework\\src\\Concerns\\RoutesRequests.php(169): Laravel\\Lumen\\Application->handleFoundRoute(Array)
#6 C:\\Xamp\\php\\ApiGateway\\vendor\\laravel\\lumen-framework\\src\\Concerns\\RoutesRequests.php(429): Laravel\\Lumen\\Application->Laravel\\Lumen\\Concerns\\{closure}(Object(Laravel\\Lumen\\Http\\Request))
#7 C:\\Xamp\\php\\ApiGateway\\vendor\\laravel\\lumen-framework\\src\\Concerns\\RoutesRequests.php(175): Laravel\\Lumen\\Application->sendThroughPipeline(Array, Object(Closure))
#8 C:\\Xamp\\php\\ApiGateway\\vendor\\laravel\\lumen-framework\\src\\Concerns\\RoutesRequests.php(112): Laravel\\Lumen\\Application->dispatch(NULL)
#9 C:\\Xamp\\php\\ApiGateway\\public\\index.php(28): Laravel\\Lumen\\Application->run()
#10 {main}
"} 
[2022-06-18 16:47:57] local.ERROR: Unauthenticated. {"exception":"[object] (Illuminate\\Auth\\AuthenticationException(code: 0): Unauthenticated. at C:\\Xamp\\php\\ApiGateway\\vendor\\laravel\\passport\\src\\Http\\Middleware\\CheckCredentials.php:64)
[stacktrace]
#0 C:\\Xamp\\php\\ApiGateway\\vendor\\illuminate\\pipeline\\Pipeline.php(180): Laravel\\Passport\\Http\\Middleware\\CheckCredentials->handle(Object(Laravel\\Lumen\\Http\\Request), Object(Closure))
#1 C:\\Xamp\\php\\ApiGateway\\vendor\\laravel\\lumen-framework\\src\\Routing\\Pipeline.php(30): Illuminate\\Pipeline\\Pipeline->Illuminate\\Pipeline\\{closure}(Object(Laravel\\Lumen\\Http\\Request))
#2 C:\\Xamp\\php\\ApiGateway\\vendor\\illuminate\\pipeline\\Pipeline.php(116): Laravel\\Lumen\\Routing\\Pipeline->Laravel\\Lumen\\Routing\\{closure}(Object(Laravel\\Lumen\\Http\\Request))
#3 C:\\Xamp\\php\\ApiGateway\\vendor\\laravel\\lumen-framework\\src\\Concerns\\RoutesRequests.php(426): Illuminate\\Pipeline\\Pipeline->then(Object(Closure))
#4 C:\\Xamp\\php\\ApiGateway\\vendor\\laravel\\lumen-framework\\src\\Concerns\\RoutesRequests.php(263): Laravel\\Lumen\\Application->sendThroughPipeline(Array, Object(Closure))
#5 C:\\Xamp\\php\\ApiGateway\\vendor\\laravel\\lumen-framework\\src\\Concerns\\RoutesRequests.php(169): Laravel\\Lumen\\Application->handleFoundRoute(Array)
#6 C:\\Xamp\\php\\ApiGateway\\vendor\\laravel\\lumen-framework\\src\\Concerns\\RoutesRequests.php(429): Laravel\\Lumen\\Application->Laravel\\Lumen\\Concerns\\{closure}(Object(Laravel\\Lumen\\Http\\Request))
#7 C:\\Xamp\\php\\ApiGateway\\vendor\\laravel\\lumen-framework\\src\\Concerns\\RoutesRequests.php(175): Laravel\\Lumen\\Application->sendThroughPipeline(Array, Object(Closure))
#8 C:\\Xamp\\php\\ApiGateway\\vendor\\laravel\\lumen-framework\\src\\Concerns\\RoutesRequests.php(112): Laravel\\Lumen\\Application->dispatch(NULL)
#9 C:\\Xamp\\php\\ApiGateway\\public\\index.php(28): Laravel\\Lumen\\Application->run()
#10 {main}
"} 
